[ 2023-11-06 18:15:48,527 ] 148 numexpr.utils - INFO - Note: NumExpr detected 12 cores but "NUMEXPR_MAX_THREADS" not set, so enforcing safe limit of 8.
[ 2023-11-06 18:15:48,528 ] 160 numexpr.utils - INFO - NumExpr defaulting to 8 threads.
[ 2023-11-06 18:15:50,488 ] 224 werkzeug - WARNING -  * Debugger is active!
[ 2023-11-06 18:15:50,493 ] 224 werkzeug - INFO -  * Debugger PIN: 901-655-976
[ 2023-11-06 18:15:50,529 ] 224 werkzeug - INFO -  * Detected change in 'c:\\Users\\Suja4\\OneDrive\\Documents\\DataScience\\Diamondprice\\venv\\Lib\\site-packages\\pip\\_vendor\\distlib\\util.py', reloading
[ 2023-11-06 18:15:50,530 ] 224 werkzeug - INFO -  * Detected change in 'c:\\users\\suja4\\onedrive\\documents\\datascience\\diamondprice\\venv\\Lib\\site-packages\\pip\\_vendor\\distlib\\util.py', reloading
[ 2023-11-06 18:15:50,556 ] 224 werkzeug - INFO -  * Detected change in 'c:\\Users\\Suja4\\OneDrive\\Documents\\DataScience\\Diamondprice\\venv\\Lib\\site-packages\\pip\\_vendor\\distlib\\version.py', reloading
[ 2023-11-06 18:15:50,556 ] 224 werkzeug - INFO -  * Detected change in 'c:\\users\\suja4\\onedrive\\documents\\datascience\\diamondprice\\venv\\Lib\\site-packages\\pip\\_vendor\\distlib\\version.py', reloading
[ 2023-11-06 18:15:50,569 ] 224 werkzeug - INFO -  * Detected change in 'c:\\Users\\Suja4\\OneDrive\\Documents\\DataScience\\Diamondprice\\venv\\Lib\\site-packages\\pip\\_vendor\\distlib\\wheel.py', reloading
[ 2023-11-06 18:15:50,569 ] 224 werkzeug - INFO -  * Detected change in 'c:\\users\\suja4\\onedrive\\documents\\datascience\\diamondprice\\venv\\Lib\\site-packages\\pip\\_vendor\\distlib\\wheel.py', reloading
[ 2023-11-06 18:15:50,589 ] 224 werkzeug - INFO -  * Detected change in 'c:\\Users\\Suja4\\OneDrive\\Documents\\DataScience\\Diamondprice\\venv\\Lib\\site-packages\\pip\\_vendor\\distro\\__init__.py', reloading
[ 2023-11-06 18:15:50,589 ] 224 werkzeug - INFO -  * Detected change in 'c:\\users\\suja4\\onedrive\\documents\\datascience\\diamondprice\\venv\\Lib\\site-packages\\pip\\_vendor\\distro\\__init__.py', reloading
[ 2023-11-06 18:15:50,594 ] 224 werkzeug - INFO -  * Detected change in 'c:\\Users\\Suja4\\OneDrive\\Documents\\DataScience\\Diamondprice\\venv\\Lib\\site-packages\\pip\\_vendor\\distro\\__main__.py', reloading
[ 2023-11-06 18:15:50,594 ] 224 werkzeug - INFO -  * Detected change in 'c:\\users\\suja4\\onedrive\\documents\\datascience\\diamondprice\\venv\\Lib\\site-packages\\pip\\_vendor\\distro\\__main__.py', reloading
[ 2023-11-06 18:15:50,598 ] 224 werkzeug - INFO -  * Detected change in 'c:\\Users\\Suja4\\OneDrive\\Documents\\DataScience\\Diamondprice\\venv\\Lib\\site-packages\\pip\\_vendor\\distro\\distro.py', reloading
[ 2023-11-06 18:15:50,599 ] 224 werkzeug - INFO -  * Detected change in 'c:\\users\\suja4\\onedrive\\documents\\datascience\\diamondprice\\venv\\Lib\\site-packages\\pip\\_vendor\\distro\\distro.py', reloading
[ 2023-11-06 18:15:50,618 ] 224 werkzeug - INFO -  * Detected change in 'c:\\Users\\Suja4\\OneDrive\\Documents\\DataScience\\Diamondprice\\venv\\Lib\\site-packages\\pip\\_vendor\\idna\\__init__.py', reloading
[ 2023-11-06 18:15:50,618 ] 224 werkzeug - INFO -  * Detected change in 'c:\\users\\suja4\\onedrive\\documents\\datascience\\diamondprice\\venv\\Lib\\site-packages\\pip\\_vendor\\idna\\__init__.py', reloading
[ 2023-11-06 18:15:50,621 ] 224 werkzeug - INFO -  * Detected change in 'c:\\Users\\Suja4\\OneDrive\\Documents\\DataScience\\Diamondprice\\venv\\Lib\\site-packages\\pip\\_vendor\\idna\\codec.py', reloading
[ 2023-11-06 18:15:50,622 ] 224 werkzeug - INFO -  * Detected change in 'c:\\users\\suja4\\onedrive\\documents\\datascience\\diamondprice\\venv\\Lib\\site-packages\\pip\\_vendor\\idna\\codec.py', reloading
[ 2023-11-06 18:15:50,630 ] 224 werkzeug - INFO -  * Detected change in 'c:\\Users\\Suja4\\OneDrive\\Documents\\DataScience\\Diamondprice\\venv\\Lib\\site-packages\\pip\\_vendor\\idna\\compat.py', reloading
[ 2023-11-06 18:15:50,630 ] 224 werkzeug - INFO -  * Detected change in 'c:\\users\\suja4\\onedrive\\documents\\datascience\\diamondprice\\venv\\Lib\\site-packages\\pip\\_vendor\\idna\\compat.py', reloading
[ 2023-11-06 18:15:50,633 ] 224 werkzeug - INFO -  * Detected change in 'c:\\users\\suja4\\onedrive\\documents\\datascience\\diamondprice\\venv\\Lib\\site-packages\\pip\\_vendor\\idna\\core.py', reloading
[ 2023-11-06 18:15:50,634 ] 224 werkzeug - INFO -  * Detected change in 'c:\\Users\\Suja4\\OneDrive\\Documents\\DataScience\\Diamondprice\\venv\\Lib\\site-packages\\pip\\_vendor\\idna\\core.py', reloading
[ 2023-11-06 18:15:50,643 ] 224 werkzeug - INFO -  * Detected change in 'c:\\Users\\Suja4\\OneDrive\\Documents\\DataScience\\Diamondprice\\venv\\Lib\\site-packages\\pip\\_vendor\\idna\\idnadata.py', reloading
[ 2023-11-06 18:15:50,644 ] 224 werkzeug - INFO -  * Detected change in 'c:\\users\\suja4\\onedrive\\documents\\datascience\\diamondprice\\venv\\Lib\\site-packages\\pip\\_vendor\\idna\\idnadata.py', reloading
[ 2023-11-06 18:15:50,647 ] 224 werkzeug - INFO -  * Detected change in 'c:\\Users\\Suja4\\OneDrive\\Documents\\DataScience\\Diamondprice\\venv\\Lib\\site-packages\\pip\\_vendor\\idna\\intranges.py', reloading
[ 2023-11-06 18:15:50,647 ] 224 werkzeug - INFO -  * Detected change in 'c:\\users\\suja4\\onedrive\\documents\\datascience\\diamondprice\\venv\\Lib\\site-packages\\pip\\_vendor\\idna\\intranges.py', reloading
[ 2023-11-06 18:15:50,653 ] 224 werkzeug - INFO -  * Detected change in 'c:\\Users\\Suja4\\OneDrive\\Documents\\DataScience\\Diamondprice\\venv\\Lib\\site-packages\\pip\\_vendor\\idna\\package_data.py', reloading
[ 2023-11-06 18:15:50,653 ] 224 werkzeug - INFO -  * Detected change in 'c:\\users\\suja4\\onedrive\\documents\\datascience\\diamondprice\\venv\\Lib\\site-packages\\pip\\_vendor\\idna\\package_data.py', reloading
[ 2023-11-06 18:15:50,656 ] 224 werkzeug - INFO -  * Detected change in 'c:\\Users\\Suja4\\OneDrive\\Documents\\DataScience\\Diamondprice\\venv\\Lib\\site-packages\\pip\\_vendor\\idna\\uts46data.py', reloading
[ 2023-11-06 18:15:50,656 ] 224 werkzeug - INFO -  * Detected change in 'c:\\users\\suja4\\onedrive\\documents\\datascience\\diamondprice\\venv\\Lib\\site-packages\\pip\\_vendor\\idna\\uts46data.py', reloading
[ 2023-11-06 18:15:50,740 ] 224 werkzeug - INFO -  * Detected change in 'c:\\Users\\Suja4\\OneDrive\\Documents\\DataScience\\Diamondprice\\venv\\Lib\\site-packages\\pip\\_vendor\\msgpack\\__init__.py', reloading
[ 2023-11-06 18:15:50,742 ] 224 werkzeug - INFO -  * Detected change in 'c:\\users\\suja4\\onedrive\\documents\\datascience\\diamondprice\\venv\\Lib\\site-packages\\pip\\_vendor\\msgpack\\__init__.py', reloading
[ 2023-11-06 18:15:50,745 ] 224 werkzeug - INFO -  * Detected change in 'c:\\Users\\Suja4\\OneDrive\\Documents\\DataScience\\Diamondprice\\venv\\Lib\\site-packages\\pip\\_vendor\\msgpack\\exceptions.py', reloading
[ 2023-11-06 18:15:50,745 ] 224 werkzeug - INFO -  * Detected change in 'c:\\users\\suja4\\onedrive\\documents\\datascience\\diamondprice\\venv\\Lib\\site-packages\\pip\\_vendor\\msgpack\\exceptions.py', reloading
[ 2023-11-06 18:15:50,749 ] 224 werkzeug - INFO -  * Detected change in 'c:\\Users\\Suja4\\OneDrive\\Documents\\DataScience\\Diamondprice\\venv\\Lib\\site-packages\\pip\\_vendor\\msgpack\\ext.py', reloading
[ 2023-11-06 18:15:50,749 ] 224 werkzeug - INFO -  * Detected change in 'c:\\users\\suja4\\onedrive\\documents\\datascience\\diamondprice\\venv\\Lib\\site-packages\\pip\\_vendor\\msgpack\\ext.py', reloading
[ 2023-11-06 18:15:50,752 ] 224 werkzeug - INFO -  * Detected change in 'c:\\users\\suja4\\onedrive\\documents\\datascience\\diamondprice\\venv\\Lib\\site-packages\\pip\\_vendor\\msgpack\\fallback.py', reloading
[ 2023-11-06 18:15:50,752 ] 224 werkzeug - INFO -  * Detected change in 'c:\\Users\\Suja4\\OneDrive\\Documents\\DataScience\\Diamondprice\\venv\\Lib\\site-packages\\pip\\_vendor\\msgpack\\fallback.py', reloading
[ 2023-11-06 18:15:50,781 ] 224 werkzeug - INFO -  * Detected change in 'c:\\Users\\Suja4\\OneDrive\\Documents\\DataScience\\Diamondprice\\venv\\Lib\\site-packages\\pip\\_vendor\\packaging\\__about__.py', reloading
[ 2023-11-06 18:15:50,782 ] 224 werkzeug - INFO -  * Detected change in 'c:\\users\\suja4\\onedrive\\documents\\datascience\\diamondprice\\venv\\Lib\\site-packages\\pip\\_vendor\\packaging\\__about__.py', reloading
[ 2023-11-06 18:15:50,785 ] 224 werkzeug - INFO -  * Detected change in 'c:\\Users\\Suja4\\OneDrive\\Documents\\DataScience\\Diamondprice\\venv\\Lib\\site-packages\\pip\\_vendor\\packaging\\__init__.py', reloading
[ 2023-11-06 18:15:50,786 ] 224 werkzeug - INFO -  * Detected change in 'c:\\users\\suja4\\onedrive\\documents\\datascience\\diamondprice\\venv\\Lib\\site-packages\\pip\\_vendor\\packaging\\__init__.py', reloading
[ 2023-11-06 18:15:50,789 ] 224 werkzeug - INFO -  * Detected change in 'c:\\Users\\Suja4\\OneDrive\\Documents\\DataScience\\Diamondprice\\venv\\Lib\\site-packages\\pip\\_vendor\\packaging\\_manylinux.py', reloading
[ 2023-11-06 18:15:50,789 ] 224 werkzeug - INFO -  * Detected change in 'c:\\users\\suja4\\onedrive\\documents\\datascience\\diamondprice\\venv\\Lib\\site-packages\\pip\\_vendor\\packaging\\_manylinux.py', reloading
[ 2023-11-06 18:15:50,801 ] 224 werkzeug - INFO -  * Detected change in 'c:\\Users\\Suja4\\OneDrive\\Documents\\DataScience\\Diamondprice\\venv\\Lib\\site-packages\\pip\\_vendor\\packaging\\_musllinux.py', reloading
[ 2023-11-06 18:15:50,802 ] 224 werkzeug - INFO -  * Detected change in 'c:\\users\\suja4\\onedrive\\documents\\datascience\\diamondprice\\venv\\Lib\\site-packages\\pip\\_vendor\\packaging\\_musllinux.py', reloading
[ 2023-11-06 18:15:50,806 ] 224 werkzeug - INFO -  * Detected change in 'c:\\Users\\Suja4\\OneDrive\\Documents\\DataScience\\Diamondprice\\venv\\Lib\\site-packages\\pip\\_vendor\\packaging\\_structures.py', reloading
[ 2023-11-06 18:15:50,806 ] 224 werkzeug - INFO -  * Detected change in 'c:\\users\\suja4\\onedrive\\documents\\datascience\\diamondprice\\venv\\Lib\\site-packages\\pip\\_vendor\\packaging\\_structures.py', reloading
[ 2023-11-06 18:15:50,809 ] 224 werkzeug - INFO -  * Detected change in 'c:\\users\\suja4\\onedrive\\documents\\datascience\\diamondprice\\venv\\Lib\\site-packages\\pip\\_vendor\\packaging\\markers.py', reloading
[ 2023-11-06 18:15:50,811 ] 224 werkzeug - INFO -  * Detected change in 'c:\\Users\\Suja4\\OneDrive\\Documents\\DataScience\\Diamondprice\\venv\\Lib\\site-packages\\pip\\_vendor\\packaging\\markers.py', reloading
[ 2023-11-06 18:15:50,831 ] 224 werkzeug - INFO -  * Detected change in 'c:\\Users\\Suja4\\OneDrive\\Documents\\DataScience\\Diamondprice\\venv\\Lib\\site-packages\\pip\\_vendor\\packaging\\requirements.py', reloading
[ 2023-11-06 18:15:50,831 ] 224 werkzeug - INFO -  * Detected change in 'c:\\users\\suja4\\onedrive\\documents\\datascience\\diamondprice\\venv\\Lib\\site-packages\\pip\\_vendor\\packaging\\requirements.py', reloading
[ 2023-11-06 18:15:50,839 ] 224 werkzeug - INFO -  * Detected change in 'c:\\Users\\Suja4\\OneDrive\\Documents\\DataScience\\Diamondprice\\venv\\Lib\\site-packages\\pip\\_vendor\\packaging\\specifiers.py', reloading
[ 2023-11-06 18:15:50,839 ] 224 werkzeug - INFO -  * Detected change in 'c:\\users\\suja4\\onedrive\\documents\\datascience\\diamondprice\\venv\\Lib\\site-packages\\pip\\_vendor\\packaging\\specifiers.py', reloading
[ 2023-11-06 18:15:50,854 ] 224 werkzeug - INFO -  * Detected change in 'c:\\Users\\Suja4\\OneDrive\\Documents\\DataScience\\Diamondprice\\venv\\Lib\\site-packages\\pip\\_vendor\\packaging\\tags.py', reloading
[ 2023-11-06 18:15:50,854 ] 224 werkzeug - INFO -  * Detected change in 'c:\\users\\suja4\\onedrive\\documents\\datascience\\diamondprice\\venv\\Lib\\site-packages\\pip\\_vendor\\packaging\\tags.py', reloading
[ 2023-11-06 18:15:50,870 ] 224 werkzeug - INFO -  * Detected change in 'c:\\users\\suja4\\onedrive\\documents\\datascience\\diamondprice\\venv\\Lib\\site-packages\\pip\\_vendor\\packaging\\utils.py', reloading
[ 2023-11-06 18:15:50,871 ] 224 werkzeug - INFO -  * Detected change in 'c:\\Users\\Suja4\\OneDrive\\Documents\\DataScience\\Diamondprice\\venv\\Lib\\site-packages\\pip\\_vendor\\packaging\\utils.py', reloading
[ 2023-11-06 18:15:50,878 ] 224 werkzeug - INFO -  * Detected change in 'c:\\Users\\Suja4\\OneDrive\\Documents\\DataScience\\Diamondprice\\venv\\Lib\\site-packages\\pip\\_vendor\\packaging\\version.py', reloading
[ 2023-11-06 18:15:50,878 ] 224 werkzeug - INFO -  * Detected change in 'c:\\users\\suja4\\onedrive\\documents\\datascience\\diamondprice\\venv\\Lib\\site-packages\\pip\\_vendor\\packaging\\version.py', reloading
[ 2023-11-06 18:15:50,887 ] 224 werkzeug - INFO -  * Detected change in 'c:\\Users\\Suja4\\OneDrive\\Documents\\DataScience\\Diamondprice\\venv\\Lib\\site-packages\\pip\\_vendor\\pkg_resources\\__init__.py', reloading
[ 2023-11-06 18:15:50,887 ] 224 werkzeug - INFO -  * Detected change in 'c:\\users\\suja4\\onedrive\\documents\\datascience\\diamondprice\\venv\\Lib\\site-packages\\pip\\_vendor\\pkg_resources\\__init__.py', reloading
[ 2023-11-06 18:15:50,934 ] 224 werkzeug - INFO -  * Detected change in 'c:\\Users\\Suja4\\OneDrive\\Documents\\DataScience\\Diamondprice\\venv\\Lib\\site-packages\\pip\\_vendor\\platformdirs\\__init__.py', reloading
[ 2023-11-06 18:15:50,935 ] 224 werkzeug - INFO -  * Detected change in 'c:\\users\\suja4\\onedrive\\documents\\datascience\\diamondprice\\venv\\Lib\\site-packages\\pip\\_vendor\\platformdirs\\__init__.py', reloading
[ 2023-11-06 18:15:50,987 ] 224 werkzeug - INFO -  * Detected change in 'c:\\Users\\Suja4\\OneDrive\\Documents\\DataScience\\Diamondprice\\venv\\Lib\\site-packages\\pip\\_vendor\\platformdirs\\__main__.py', reloading
[ 2023-11-06 18:15:50,987 ] 224 werkzeug - INFO -  * Detected change in 'c:\\users\\suja4\\onedrive\\documents\\datascience\\diamondprice\\venv\\Lib\\site-packages\\pip\\_vendor\\platformdirs\\__main__.py', reloading
[ 2023-11-06 18:15:51,005 ] 224 werkzeug - INFO -  * Detected change in 'c:\\users\\suja4\\onedrive\\documents\\datascience\\diamondprice\\venv\\Lib\\site-packages\\pip\\_vendor\\platformdirs\\android.py', reloading
[ 2023-11-06 18:15:51,006 ] 224 werkzeug - INFO -  * Detected change in 'c:\\Users\\Suja4\\OneDrive\\Documents\\DataScience\\Diamondprice\\venv\\Lib\\site-packages\\pip\\_vendor\\platformdirs\\android.py', reloading
[ 2023-11-06 18:15:51,024 ] 224 werkzeug - INFO -  * Detected change in 'c:\\Users\\Suja4\\OneDrive\\Documents\\DataScience\\Diamondprice\\venv\\Lib\\site-packages\\pip\\_vendor\\platformdirs\\api.py', reloading
[ 2023-11-06 18:15:51,024 ] 224 werkzeug - INFO -  * Detected change in 'c:\\users\\suja4\\onedrive\\documents\\datascience\\diamondprice\\venv\\Lib\\site-packages\\pip\\_vendor\\platformdirs\\api.py', reloading
[ 2023-11-06 18:15:51,033 ] 224 werkzeug - INFO -  * Detected change in 'c:\\users\\suja4\\onedrive\\documents\\datascience\\diamondprice\\venv\\Lib\\site-packages\\pip\\_vendor\\platformdirs\\macos.py', reloading
[ 2023-11-06 18:15:51,033 ] 224 werkzeug - INFO -  * Detected change in 'c:\\Users\\Suja4\\OneDrive\\Documents\\DataScience\\Diamondprice\\venv\\Lib\\site-packages\\pip\\_vendor\\platformdirs\\macos.py', reloading
[ 2023-11-06 18:15:51,044 ] 224 werkzeug - INFO -  * Detected change in 'c:\\users\\suja4\\onedrive\\documents\\datascience\\diamondprice\\venv\\Lib\\site-packages\\pip\\_vendor\\platformdirs\\unix.py', reloading
[ 2023-11-06 18:15:51,044 ] 224 werkzeug - INFO -  * Detected change in 'c:\\Users\\Suja4\\OneDrive\\Documents\\DataScience\\Diamondprice\\venv\\Lib\\site-packages\\pip\\_vendor\\platformdirs\\unix.py', reloading
[ 2023-11-06 18:15:51,052 ] 224 werkzeug - INFO -  * Detected change in 'c:\\Users\\Suja4\\OneDrive\\Documents\\DataScience\\Diamondprice\\venv\\Lib\\site-packages\\pip\\_vendor\\platformdirs\\version.py', reloading
[ 2023-11-06 18:15:51,052 ] 224 werkzeug - INFO -  * Detected change in 'c:\\users\\suja4\\onedrive\\documents\\datascience\\diamondprice\\venv\\Lib\\site-packages\\pip\\_vendor\\platformdirs\\version.py', reloading
[ 2023-11-06 18:15:51,057 ] 224 werkzeug - INFO -  * Detected change in 'c:\\Users\\Suja4\\OneDrive\\Documents\\DataScience\\Diamondprice\\venv\\Lib\\site-packages\\pip\\_vendor\\platformdirs\\windows.py', reloading
[ 2023-11-06 18:15:51,057 ] 224 werkzeug - INFO -  * Detected change in 'c:\\users\\suja4\\onedrive\\documents\\datascience\\diamondprice\\venv\\Lib\\site-packages\\pip\\_vendor\\platformdirs\\windows.py', reloading
[ 2023-11-06 18:15:51,065 ] 224 werkzeug - INFO -  * Detected change in 'c:\\users\\suja4\\onedrive\\documents\\datascience\\diamondprice\\venv\\Lib\\site-packages\\pip\\_vendor\\pygments\\__init__.py', reloading
[ 2023-11-06 18:15:51,066 ] 224 werkzeug - INFO -  * Detected change in 'c:\\Users\\Suja4\\OneDrive\\Documents\\DataScience\\Diamondprice\\venv\\Lib\\site-packages\\pip\\_vendor\\pygments\\__init__.py', reloading
[ 2023-11-06 18:15:51,094 ] 224 werkzeug - INFO -  * Detected change in 'c:\\users\\suja4\\onedrive\\documents\\datascience\\diamondprice\\venv\\Lib\\site-packages\\pip\\_vendor\\pygments\\__main__.py', reloading
[ 2023-11-06 18:15:51,094 ] 224 werkzeug - INFO -  * Detected change in 'c:\\Users\\Suja4\\OneDrive\\Documents\\DataScience\\Diamondprice\\venv\\Lib\\site-packages\\pip\\_vendor\\pygments\\__main__.py', reloading
[ 2023-11-06 18:15:51,097 ] 224 werkzeug - INFO -  * Detected change in 'c:\\users\\suja4\\onedrive\\documents\\datascience\\diamondprice\\venv\\Lib\\site-packages\\pip\\_vendor\\pygments\\cmdline.py', reloading
[ 2023-11-06 18:15:51,098 ] 224 werkzeug - INFO -  * Detected change in 'c:\\Users\\Suja4\\OneDrive\\Documents\\DataScience\\Diamondprice\\venv\\Lib\\site-packages\\pip\\_vendor\\pygments\\cmdline.py', reloading
[ 2023-11-06 18:15:51,214 ] 224 werkzeug - INFO -  * Detected change in 'c:\\Users\\Suja4\\OneDrive\\Documents\\DataScience\\Diamondprice\\venv\\Lib\\site-packages\\pip\\_vendor\\pygments\\console.py', reloading
[ 2023-11-06 18:15:51,215 ] 224 werkzeug - INFO -  * Detected change in 'c:\\users\\suja4\\onedrive\\documents\\datascience\\diamondprice\\venv\\Lib\\site-packages\\pip\\_vendor\\pygments\\console.py', reloading
[ 2023-11-06 18:15:51,221 ] 224 werkzeug - INFO -  * Detected change in 'c:\\Users\\Suja4\\OneDrive\\Documents\\DataScience\\Diamondprice\\venv\\Lib\\site-packages\\pip\\_vendor\\pygments\\filter.py', reloading
[ 2023-11-06 18:15:51,221 ] 224 werkzeug - INFO -  * Detected change in 'c:\\users\\suja4\\onedrive\\documents\\datascience\\diamondprice\\venv\\Lib\\site-packages\\pip\\_vendor\\pygments\\filter.py', reloading
[ 2023-11-06 18:15:51,230 ] 224 werkzeug - INFO -  * Detected change in 'c:\\users\\suja4\\onedrive\\documents\\datascience\\diamondprice\\venv\\Lib\\site-packages\\pip\\_vendor\\pygments\\formatter.py', reloading
[ 2023-11-06 18:15:51,230 ] 224 werkzeug - INFO -  * Detected change in 'c:\\Users\\Suja4\\OneDrive\\Documents\\DataScience\\Diamondprice\\venv\\Lib\\site-packages\\pip\\_vendor\\pygments\\formatter.py', reloading
[ 2023-11-06 18:15:51,241 ] 224 werkzeug - INFO -  * Detected change in 'c:\\users\\suja4\\onedrive\\documents\\datascience\\diamondprice\\venv\\Lib\\site-packages\\pip\\_vendor\\pygments\\lexer.py', reloading
[ 2023-11-06 18:15:51,242 ] 224 werkzeug - INFO -  * Detected change in 'c:\\Users\\Suja4\\OneDrive\\Documents\\DataScience\\Diamondprice\\venv\\Lib\\site-packages\\pip\\_vendor\\pygments\\lexer.py', reloading
[ 2023-11-06 18:15:51,278 ] 224 werkzeug - INFO -  * Detected change in 'c:\\Users\\Suja4\\OneDrive\\Documents\\DataScience\\Diamondprice\\venv\\Lib\\site-packages\\pip\\_vendor\\pygments\\modeline.py', reloading
[ 2023-11-06 18:15:51,278 ] 224 werkzeug - INFO -  * Detected change in 'c:\\users\\suja4\\onedrive\\documents\\datascience\\diamondprice\\venv\\Lib\\site-packages\\pip\\_vendor\\pygments\\modeline.py', reloading
[ 2023-11-06 18:15:51,283 ] 224 werkzeug - INFO -  * Detected change in 'c:\\users\\suja4\\onedrive\\documents\\datascience\\diamondprice\\venv\\Lib\\site-packages\\pip\\_vendor\\pygments\\plugin.py', reloading
[ 2023-11-06 18:15:51,283 ] 224 werkzeug - INFO -  * Detected change in 'c:\\Users\\Suja4\\OneDrive\\Documents\\DataScience\\Diamondprice\\venv\\Lib\\site-packages\\pip\\_vendor\\pygments\\plugin.py', reloading
[ 2023-11-06 18:15:51,286 ] 224 werkzeug - INFO -  * Detected change in 'c:\\users\\suja4\\onedrive\\documents\\datascience\\diamondprice\\venv\\Lib\\site-packages\\pip\\_vendor\\pygments\\regexopt.py', reloading
[ 2023-11-06 18:15:51,287 ] 224 werkzeug - INFO -  * Detected change in 'c:\\Users\\Suja4\\OneDrive\\Documents\\DataScience\\Diamondprice\\venv\\Lib\\site-packages\\pip\\_vendor\\pygments\\regexopt.py', reloading
[ 2023-11-06 18:15:51,293 ] 224 werkzeug - INFO -  * Detected change in 'c:\\Users\\Suja4\\OneDrive\\Documents\\DataScience\\Diamondprice\\venv\\Lib\\site-packages\\pip\\_vendor\\pygments\\scanner.py', reloading
[ 2023-11-06 18:15:51,294 ] 224 werkzeug - INFO -  * Detected change in 'c:\\users\\suja4\\onedrive\\documents\\datascience\\diamondprice\\venv\\Lib\\site-packages\\pip\\_vendor\\pygments\\scanner.py', reloading
[ 2023-11-06 18:15:51,297 ] 224 werkzeug - INFO -  * Detected change in 'c:\\Users\\Suja4\\OneDrive\\Documents\\DataScience\\Diamondprice\\venv\\Lib\\site-packages\\pip\\_vendor\\pygments\\sphinxext.py', reloading
[ 2023-11-06 18:15:51,297 ] 224 werkzeug - INFO -  * Detected change in 'c:\\users\\suja4\\onedrive\\documents\\datascience\\diamondprice\\venv\\Lib\\site-packages\\pip\\_vendor\\pygments\\sphinxext.py', reloading
[ 2023-11-06 18:15:51,361 ] 224 werkzeug - INFO -  * Detected change in 'c:\\Users\\Suja4\\OneDrive\\Documents\\DataScience\\Diamondprice\\venv\\Lib\\site-packages\\pip\\_vendor\\pygments\\style.py', reloading
[ 2023-11-06 18:15:51,361 ] 224 werkzeug - INFO -  * Detected change in 'c:\\users\\suja4\\onedrive\\documents\\datascience\\diamondprice\\venv\\Lib\\site-packages\\pip\\_vendor\\pygments\\style.py', reloading
[ 2023-11-06 18:15:51,370 ] 224 werkzeug - INFO -  * Detected change in 'c:\\Users\\Suja4\\OneDrive\\Documents\\DataScience\\Diamondprice\\venv\\Lib\\site-packages\\pip\\_vendor\\pygments\\token.py', reloading
[ 2023-11-06 18:15:51,370 ] 224 werkzeug - INFO -  * Detected change in 'c:\\users\\suja4\\onedrive\\documents\\datascience\\diamondprice\\venv\\Lib\\site-packages\\pip\\_vendor\\pygments\\token.py', reloading
[ 2023-11-06 18:15:51,375 ] 224 werkzeug - INFO -  * Detected change in 'c:\\Users\\Suja4\\OneDrive\\Documents\\DataScience\\Diamondprice\\venv\\Lib\\site-packages\\pip\\_vendor\\pygments\\unistring.py', reloading
[ 2023-11-06 18:15:51,375 ] 224 werkzeug - INFO -  * Detected change in 'c:\\users\\suja4\\onedrive\\documents\\datascience\\diamondprice\\venv\\Lib\\site-packages\\pip\\_vendor\\pygments\\unistring.py', reloading
[ 2023-11-06 18:15:51,384 ] 224 werkzeug - INFO -  * Detected change in 'c:\\Users\\Suja4\\OneDrive\\Documents\\DataScience\\Diamondprice\\venv\\Lib\\site-packages\\pip\\_vendor\\pygments\\util.py', reloading
[ 2023-11-06 18:15:51,384 ] 224 werkzeug - INFO -  * Detected change in 'c:\\users\\suja4\\onedrive\\documents\\datascience\\diamondprice\\venv\\Lib\\site-packages\\pip\\_vendor\\pygments\\util.py', reloading
[ 2023-11-06 18:15:51,391 ] 224 werkzeug - INFO -  * Detected change in 'c:\\Users\\Suja4\\OneDrive\\Documents\\DataScience\\Diamondprice\\venv\\Lib\\site-packages\\pip\\_vendor\\pygments\\filters\\__init__.py', reloading
[ 2023-11-06 18:15:51,391 ] 224 werkzeug - INFO -  * Detected change in 'c:\\users\\suja4\\onedrive\\documents\\datascience\\diamondprice\\venv\\Lib\\site-packages\\pip\\_vendor\\pygments\\filters\\__init__.py', reloading
[ 2023-11-06 18:15:51,415 ] 224 werkzeug - INFO -  * Detected change in 'c:\\users\\suja4\\onedrive\\documents\\datascience\\diamondprice\\venv\\Lib\\site-packages\\pip\\_vendor\\pygments\\formatters\\__init__.py', reloading
[ 2023-11-06 18:15:51,415 ] 224 werkzeug - INFO -  * Detected change in 'c:\\Users\\Suja4\\OneDrive\\Documents\\DataScience\\Diamondprice\\venv\\Lib\\site-packages\\pip\\_vendor\\pygments\\formatters\\__init__.py', reloading
[ 2023-11-06 18:15:51,432 ] 224 werkzeug - INFO -  * Detected change in 'c:\\Users\\Suja4\\OneDrive\\Documents\\DataScience\\Diamondprice\\venv\\Lib\\site-packages\\pip\\_vendor\\pygments\\formatters\\_mapping.py', reloading
[ 2023-11-06 18:15:51,433 ] 224 werkzeug - INFO -  * Detected change in 'c:\\users\\suja4\\onedrive\\documents\\datascience\\diamondprice\\venv\\Lib\\site-packages\\pip\\_vendor\\pygments\\formatters\\_mapping.py', reloading
[ 2023-11-06 18:15:51,439 ] 224 werkzeug - INFO -  * Detected change in 'c:\\Users\\Suja4\\OneDrive\\Documents\\DataScience\\Diamondprice\\venv\\Lib\\site-packages\\pip\\_vendor\\pygments\\formatters\\bbcode.py', reloading
[ 2023-11-06 18:15:51,439 ] 224 werkzeug - INFO -  * Detected change in 'c:\\users\\suja4\\onedrive\\documents\\datascience\\diamondprice\\venv\\Lib\\site-packages\\pip\\_vendor\\pygments\\formatters\\bbcode.py', reloading
[ 2023-11-06 18:15:51,442 ] 224 werkzeug - INFO -  * Detected change in 'c:\\Users\\Suja4\\OneDrive\\Documents\\DataScience\\Diamondprice\\venv\\Lib\\site-packages\\pip\\_vendor\\pygments\\formatters\\groff.py', reloading
[ 2023-11-06 18:15:51,442 ] 224 werkzeug - INFO -  * Detected change in 'c:\\users\\suja4\\onedrive\\documents\\datascience\\diamondprice\\venv\\Lib\\site-packages\\pip\\_vendor\\pygments\\formatters\\groff.py', reloading
[ 2023-11-06 18:15:51,446 ] 224 werkzeug - INFO -  * Detected change in 'c:\\users\\suja4\\onedrive\\documents\\datascience\\diamondprice\\venv\\Lib\\site-packages\\pip\\_vendor\\pygments\\formatters\\html.py', reloading
[ 2023-11-06 18:15:51,447 ] 224 werkzeug - INFO -  * Detected change in 'c:\\Users\\Suja4\\OneDrive\\Documents\\DataScience\\Diamondprice\\venv\\Lib\\site-packages\\pip\\_vendor\\pygments\\formatters\\html.py', reloading
[ 2023-11-06 18:15:51,469 ] 224 werkzeug - INFO -  * Detected change in 'c:\\Users\\Suja4\\OneDrive\\Documents\\DataScience\\Diamondprice\\venv\\Lib\\site-packages\\pip\\_vendor\\pygments\\formatters\\img.py', reloading
[ 2023-11-06 18:15:51,469 ] 224 werkzeug - INFO -  * Detected change in 'c:\\users\\suja4\\onedrive\\documents\\datascience\\diamondprice\\venv\\Lib\\site-packages\\pip\\_vendor\\pygments\\formatters\\img.py', reloading
[ 2023-11-06 18:15:51,484 ] 224 werkzeug - INFO -  * Detected change in 'c:\\users\\suja4\\onedrive\\documents\\datascience\\diamondprice\\venv\\Lib\\site-packages\\pip\\_vendor\\pygments\\formatters\\irc.py', reloading
[ 2023-11-06 18:15:51,484 ] 224 werkzeug - INFO -  * Detected change in 'c:\\Users\\Suja4\\OneDrive\\Documents\\DataScience\\Diamondprice\\venv\\Lib\\site-packages\\pip\\_vendor\\pygments\\formatters\\irc.py', reloading
[ 2023-11-06 18:15:51,489 ] 224 werkzeug - INFO -  * Detected change in 'c:\\Users\\Suja4\\OneDrive\\Documents\\DataScience\\Diamondprice\\venv\\Lib\\site-packages\\pip\\_vendor\\pygments\\formatters\\latex.py', reloading
[ 2023-11-06 18:15:51,491 ] 224 werkzeug - INFO -  * Detected change in 'c:\\users\\suja4\\onedrive\\documents\\datascience\\diamondprice\\venv\\Lib\\site-packages\\pip\\_vendor\\pygments\\formatters\\latex.py', reloading
[ 2023-11-06 18:15:51,504 ] 224 werkzeug - INFO -  * Detected change in 'c:\\users\\suja4\\onedrive\\documents\\datascience\\diamondprice\\venv\\Lib\\site-packages\\pip\\_vendor\\pygments\\formatters\\other.py', reloading
[ 2023-11-06 18:15:51,504 ] 224 werkzeug - INFO -  * Detected change in 'c:\\Users\\Suja4\\OneDrive\\Documents\\DataScience\\Diamondprice\\venv\\Lib\\site-packages\\pip\\_vendor\\pygments\\formatters\\other.py', reloading
[ 2023-11-06 18:15:51,519 ] 224 werkzeug - INFO -  * Detected change in 'c:\\Users\\Suja4\\OneDrive\\Documents\\DataScience\\Diamondprice\\venv\\Lib\\site-packages\\pip\\_vendor\\pygments\\formatters\\pangomarkup.py', reloading
[ 2023-11-06 18:15:51,519 ] 224 werkzeug - INFO -  * Detected change in 'c:\\users\\suja4\\onedrive\\documents\\datascience\\diamondprice\\venv\\Lib\\site-packages\\pip\\_vendor\\pygments\\formatters\\pangomarkup.py', reloading
