[ 2023-11-06 18:16:01,878 ] 148 numexpr.utils - INFO - Note: NumExpr detected 12 cores but "NUMEXPR_MAX_THREADS" not set, so enforcing safe limit of 8.
[ 2023-11-06 18:16:01,879 ] 160 numexpr.utils - INFO - NumExpr defaulting to 8 threads.
[ 2023-11-06 18:16:03,767 ] 224 werkzeug - WARNING -  * Debugger is active!
[ 2023-11-06 18:16:03,773 ] 224 werkzeug - INFO -  * Debugger PIN: 901-655-976
[ 2023-11-06 18:16:03,809 ] 224 werkzeug - INFO -  * Detected change in 'c:\\Users\\Suja4\\OneDrive\\Documents\\DataScience\\Diamondprice\\venv\\Lib\\site-packages\\setuptools\\_vendor\\packaging\\_musllinux.py', reloading
[ 2023-11-06 18:16:03,811 ] 224 werkzeug - INFO -  * Detected change in 'c:\\users\\suja4\\onedrive\\documents\\datascience\\diamondprice\\venv\\Lib\\site-packages\\setuptools\\_vendor\\packaging\\_musllinux.py', reloading
[ 2023-11-06 18:16:03,814 ] 224 werkzeug - INFO -  * Detected change in 'c:\\Users\\Suja4\\OneDrive\\Documents\\DataScience\\Diamondprice\\venv\\Lib\\site-packages\\setuptools\\_vendor\\packaging\\_parser.py', reloading
[ 2023-11-06 18:16:03,815 ] 224 werkzeug - INFO -  * Detected change in 'c:\\users\\suja4\\onedrive\\documents\\datascience\\diamondprice\\venv\\Lib\\site-packages\\setuptools\\_vendor\\packaging\\_parser.py', reloading
[ 2023-11-06 18:16:03,821 ] 224 werkzeug - INFO -  * Detected change in 'c:\\Users\\Suja4\\OneDrive\\Documents\\DataScience\\Diamondprice\\venv\\Lib\\site-packages\\setuptools\\_vendor\\packaging\\_structures.py', reloading
[ 2023-11-06 18:16:03,823 ] 224 werkzeug - INFO -  * Detected change in 'c:\\users\\suja4\\onedrive\\documents\\datascience\\diamondprice\\venv\\Lib\\site-packages\\setuptools\\_vendor\\packaging\\_structures.py', reloading
[ 2023-11-06 18:16:03,825 ] 224 werkzeug - INFO -  * Detected change in 'c:\\Users\\Suja4\\OneDrive\\Documents\\DataScience\\Diamondprice\\venv\\Lib\\site-packages\\setuptools\\_vendor\\packaging\\_tokenizer.py', reloading
[ 2023-11-06 18:16:03,825 ] 224 werkzeug - INFO -  * Detected change in 'c:\\users\\suja4\\onedrive\\documents\\datascience\\diamondprice\\venv\\Lib\\site-packages\\setuptools\\_vendor\\packaging\\_tokenizer.py', reloading
[ 2023-11-06 18:16:03,830 ] 224 werkzeug - INFO -  * Detected change in 'c:\\Users\\Suja4\\OneDrive\\Documents\\DataScience\\Diamondprice\\venv\\Lib\\site-packages\\setuptools\\_vendor\\packaging\\markers.py', reloading
[ 2023-11-06 18:16:03,830 ] 224 werkzeug - INFO -  * Detected change in 'c:\\users\\suja4\\onedrive\\documents\\datascience\\diamondprice\\venv\\Lib\\site-packages\\setuptools\\_vendor\\packaging\\markers.py', reloading
[ 2023-11-06 18:16:03,839 ] 224 werkzeug - INFO -  * Detected change in 'c:\\Users\\Suja4\\OneDrive\\Documents\\DataScience\\Diamondprice\\venv\\Lib\\site-packages\\setuptools\\_vendor\\packaging\\metadata.py', reloading
[ 2023-11-06 18:16:03,839 ] 224 werkzeug - INFO -  * Detected change in 'c:\\users\\suja4\\onedrive\\documents\\datascience\\diamondprice\\venv\\Lib\\site-packages\\setuptools\\_vendor\\packaging\\metadata.py', reloading
[ 2023-11-06 18:16:03,847 ] 224 werkzeug - INFO -  * Detected change in 'c:\\Users\\Suja4\\OneDrive\\Documents\\DataScience\\Diamondprice\\venv\\Lib\\site-packages\\setuptools\\_vendor\\packaging\\requirements.py', reloading
[ 2023-11-06 18:16:03,847 ] 224 werkzeug - INFO -  * Detected change in 'c:\\users\\suja4\\onedrive\\documents\\datascience\\diamondprice\\venv\\Lib\\site-packages\\setuptools\\_vendor\\packaging\\requirements.py', reloading
[ 2023-11-06 18:16:03,854 ] 224 werkzeug - INFO -  * Detected change in 'c:\\Users\\Suja4\\OneDrive\\Documents\\DataScience\\Diamondprice\\venv\\Lib\\site-packages\\setuptools\\_vendor\\packaging\\specifiers.py', reloading
[ 2023-11-06 18:16:03,854 ] 224 werkzeug - INFO -  * Detected change in 'c:\\users\\suja4\\onedrive\\documents\\datascience\\diamondprice\\venv\\Lib\\site-packages\\setuptools\\_vendor\\packaging\\specifiers.py', reloading
[ 2023-11-06 18:16:03,866 ] 224 werkzeug - INFO -  * Detected change in 'c:\\users\\suja4\\onedrive\\documents\\datascience\\diamondprice\\venv\\Lib\\site-packages\\setuptools\\_vendor\\packaging\\tags.py', reloading
[ 2023-11-06 18:16:03,866 ] 224 werkzeug - INFO -  * Detected change in 'c:\\Users\\Suja4\\OneDrive\\Documents\\DataScience\\Diamondprice\\venv\\Lib\\site-packages\\setuptools\\_vendor\\packaging\\tags.py', reloading
[ 2023-11-06 18:16:03,881 ] 224 werkzeug - INFO -  * Detected change in 'c:\\users\\suja4\\onedrive\\documents\\datascience\\diamondprice\\venv\\Lib\\site-packages\\setuptools\\_vendor\\packaging\\utils.py', reloading
[ 2023-11-06 18:16:03,882 ] 224 werkzeug - INFO -  * Detected change in 'c:\\Users\\Suja4\\OneDrive\\Documents\\DataScience\\Diamondprice\\venv\\Lib\\site-packages\\setuptools\\_vendor\\packaging\\utils.py', reloading
[ 2023-11-06 18:16:03,888 ] 224 werkzeug - INFO -  * Detected change in 'c:\\Users\\Suja4\\OneDrive\\Documents\\DataScience\\Diamondprice\\venv\\Lib\\site-packages\\setuptools\\_vendor\\packaging\\version.py', reloading
[ 2023-11-06 18:16:03,888 ] 224 werkzeug - INFO -  * Detected change in 'c:\\users\\suja4\\onedrive\\documents\\datascience\\diamondprice\\venv\\Lib\\site-packages\\setuptools\\_vendor\\packaging\\version.py', reloading
[ 2023-11-06 18:16:03,898 ] 224 werkzeug - INFO -  * Detected change in 'c:\\Users\\Suja4\\OneDrive\\Documents\\DataScience\\Diamondprice\\venv\\Lib\\site-packages\\setuptools\\_vendor\\tomli\\__init__.py', reloading
[ 2023-11-06 18:16:03,899 ] 224 werkzeug - INFO -  * Detected change in 'c:\\users\\suja4\\onedrive\\documents\\datascience\\diamondprice\\venv\\Lib\\site-packages\\setuptools\\_vendor\\tomli\\__init__.py', reloading
[ 2023-11-06 18:16:03,903 ] 224 werkzeug - INFO -  * Detected change in 'c:\\Users\\Suja4\\OneDrive\\Documents\\DataScience\\Diamondprice\\venv\\Lib\\site-packages\\setuptools\\_vendor\\tomli\\_parser.py', reloading
[ 2023-11-06 18:16:03,903 ] 224 werkzeug - INFO -  * Detected change in 'c:\\users\\suja4\\onedrive\\documents\\datascience\\diamondprice\\venv\\Lib\\site-packages\\setuptools\\_vendor\\tomli\\_parser.py', reloading
[ 2023-11-06 18:16:03,916 ] 224 werkzeug - INFO -  * Detected change in 'c:\\Users\\Suja4\\OneDrive\\Documents\\DataScience\\Diamondprice\\venv\\Lib\\site-packages\\setuptools\\_vendor\\tomli\\_re.py', reloading
[ 2023-11-06 18:16:03,916 ] 224 werkzeug - INFO -  * Detected change in 'c:\\users\\suja4\\onedrive\\documents\\datascience\\diamondprice\\venv\\Lib\\site-packages\\setuptools\\_vendor\\tomli\\_re.py', reloading
[ 2023-11-06 18:16:03,920 ] 224 werkzeug - INFO -  * Detected change in 'c:\\Users\\Suja4\\OneDrive\\Documents\\DataScience\\Diamondprice\\venv\\Lib\\site-packages\\setuptools\\_vendor\\tomli\\_types.py', reloading
[ 2023-11-06 18:16:03,920 ] 224 werkzeug - INFO -  * Detected change in 'c:\\users\\suja4\\onedrive\\documents\\datascience\\diamondprice\\venv\\Lib\\site-packages\\setuptools\\_vendor\\tomli\\_types.py', reloading
[ 2023-11-06 18:16:03,923 ] 224 werkzeug - INFO -  * Detected change in 'c:\\Users\\Suja4\\OneDrive\\Documents\\DataScience\\Diamondprice\\venv\\Lib\\site-packages\\setuptools\\command\\__init__.py', reloading
[ 2023-11-06 18:16:03,923 ] 224 werkzeug - INFO -  * Detected change in 'c:\\users\\suja4\\onedrive\\documents\\datascience\\diamondprice\\venv\\Lib\\site-packages\\setuptools\\command\\__init__.py', reloading
[ 2023-11-06 18:16:03,943 ] 224 werkzeug - INFO -  * Detected change in 'c:\\Users\\Suja4\\OneDrive\\Documents\\DataScience\\Diamondprice\\venv\\Lib\\site-packages\\setuptools\\command\\_requirestxt.py', reloading
[ 2023-11-06 18:16:03,943 ] 224 werkzeug - INFO -  * Detected change in 'c:\\users\\suja4\\onedrive\\documents\\datascience\\diamondprice\\venv\\Lib\\site-packages\\setuptools\\command\\_requirestxt.py', reloading
[ 2023-11-06 18:16:03,951 ] 224 werkzeug - INFO -  * Detected change in 'c:\\Users\\Suja4\\OneDrive\\Documents\\DataScience\\Diamondprice\\venv\\Lib\\site-packages\\setuptools\\command\\alias.py', reloading
[ 2023-11-06 18:16:03,953 ] 224 werkzeug - INFO -  * Detected change in 'c:\\users\\suja4\\onedrive\\documents\\datascience\\diamondprice\\venv\\Lib\\site-packages\\setuptools\\command\\alias.py', reloading
[ 2023-11-06 18:16:03,957 ] 224 werkzeug - INFO -  * Detected change in 'c:\\users\\suja4\\onedrive\\documents\\datascience\\diamondprice\\venv\\Lib\\site-packages\\setuptools\\command\\bdist_egg.py', reloading
[ 2023-11-06 18:16:03,957 ] 224 werkzeug - INFO -  * Detected change in 'c:\\Users\\Suja4\\OneDrive\\Documents\\DataScience\\Diamondprice\\venv\\Lib\\site-packages\\setuptools\\command\\bdist_egg.py', reloading
[ 2023-11-06 18:16:04,008 ] 224 werkzeug - INFO -  * Detected change in 'c:\\Users\\Suja4\\OneDrive\\Documents\\DataScience\\Diamondprice\\venv\\Lib\\site-packages\\setuptools\\command\\bdist_rpm.py', reloading
[ 2023-11-06 18:16:04,008 ] 224 werkzeug - INFO -  * Detected change in 'c:\\users\\suja4\\onedrive\\documents\\datascience\\diamondprice\\venv\\Lib\\site-packages\\setuptools\\command\\bdist_rpm.py', reloading
[ 2023-11-06 18:16:04,012 ] 224 werkzeug - INFO -  * Detected change in 'c:\\Users\\Suja4\\OneDrive\\Documents\\DataScience\\Diamondprice\\venv\\Lib\\site-packages\\setuptools\\command\\build.py', reloading
[ 2023-11-06 18:16:04,012 ] 224 werkzeug - INFO -  * Detected change in 'c:\\users\\suja4\\onedrive\\documents\\datascience\\diamondprice\\venv\\Lib\\site-packages\\setuptools\\command\\build.py', reloading
[ 2023-11-06 18:16:04,035 ] 224 werkzeug - INFO -  * Detected change in 'c:\\Users\\Suja4\\OneDrive\\Documents\\DataScience\\Diamondprice\\venv\\Lib\\site-packages\\setuptools\\command\\build_clib.py', reloading
[ 2023-11-06 18:16:04,035 ] 224 werkzeug - INFO -  * Detected change in 'c:\\users\\suja4\\onedrive\\documents\\datascience\\diamondprice\\venv\\Lib\\site-packages\\setuptools\\command\\build_clib.py', reloading
[ 2023-11-06 18:16:04,081 ] 224 werkzeug - INFO -  * Detected change in 'c:\\users\\suja4\\onedrive\\documents\\datascience\\diamondprice\\venv\\Lib\\site-packages\\setuptools\\command\\build_ext.py', reloading
[ 2023-11-06 18:16:04,081 ] 224 werkzeug - INFO -  * Detected change in 'c:\\Users\\Suja4\\OneDrive\\Documents\\DataScience\\Diamondprice\\venv\\Lib\\site-packages\\setuptools\\command\\build_ext.py', reloading
[ 2023-11-06 18:16:04,126 ] 224 werkzeug - INFO -  * Detected change in 'c:\\users\\suja4\\onedrive\\documents\\datascience\\diamondprice\\venv\\Lib\\site-packages\\setuptools\\command\\build_py.py', reloading
[ 2023-11-06 18:16:04,126 ] 224 werkzeug - INFO -  * Detected change in 'c:\\Users\\Suja4\\OneDrive\\Documents\\DataScience\\Diamondprice\\venv\\Lib\\site-packages\\setuptools\\command\\build_py.py', reloading
[ 2023-11-06 18:16:04,155 ] 224 werkzeug - INFO -  * Detected change in 'c:\\Users\\Suja4\\OneDrive\\Documents\\DataScience\\Diamondprice\\venv\\Lib\\site-packages\\setuptools\\command\\develop.py', reloading
[ 2023-11-06 18:16:04,156 ] 224 werkzeug - INFO -  * Detected change in 'c:\\users\\suja4\\onedrive\\documents\\datascience\\diamondprice\\venv\\Lib\\site-packages\\setuptools\\command\\develop.py', reloading
[ 2023-11-06 18:16:04,183 ] 224 werkzeug - INFO -  * Detected change in 'c:\\Users\\Suja4\\OneDrive\\Documents\\DataScience\\Diamondprice\\venv\\Lib\\site-packages\\setuptools\\command\\dist_info.py', reloading
[ 2023-11-06 18:16:04,184 ] 224 werkzeug - INFO -  * Detected change in 'c:\\users\\suja4\\onedrive\\documents\\datascience\\diamondprice\\venv\\Lib\\site-packages\\setuptools\\command\\dist_info.py', reloading
[ 2023-11-06 18:16:04,187 ] 224 werkzeug - INFO -  * Detected change in 'c:\\Users\\Suja4\\OneDrive\\Documents\\DataScience\\Diamondprice\\venv\\Lib\\site-packages\\setuptools\\command\\easy_install.py', reloading
[ 2023-11-06 18:16:04,187 ] 224 werkzeug - INFO -  * Detected change in 'c:\\users\\suja4\\onedrive\\documents\\datascience\\diamondprice\\venv\\Lib\\site-packages\\setuptools\\command\\easy_install.py', reloading
[ 2023-11-06 18:16:04,290 ] 224 werkzeug - INFO -  * Detected change in 'c:\\Users\\Suja4\\OneDrive\\Documents\\DataScience\\Diamondprice\\venv\\Lib\\site-packages\\setuptools\\command\\editable_wheel.py', reloading
[ 2023-11-06 18:16:04,290 ] 224 werkzeug - INFO -  * Detected change in 'c:\\users\\suja4\\onedrive\\documents\\datascience\\diamondprice\\venv\\Lib\\site-packages\\setuptools\\command\\editable_wheel.py', reloading
[ 2023-11-06 18:16:04,312 ] 224 werkzeug - INFO -  * Detected change in 'c:\\users\\suja4\\onedrive\\documents\\datascience\\diamondprice\\venv\\Lib\\site-packages\\setuptools\\command\\egg_info.py', reloading
[ 2023-11-06 18:16:04,312 ] 224 werkzeug - INFO -  * Detected change in 'c:\\Users\\Suja4\\OneDrive\\Documents\\DataScience\\Diamondprice\\venv\\Lib\\site-packages\\setuptools\\command\\egg_info.py', reloading
[ 2023-11-06 18:16:04,409 ] 224 werkzeug - INFO -  * Detected change in 'c:\\users\\suja4\\onedrive\\documents\\datascience\\diamondprice\\venv\\Lib\\site-packages\\setuptools\\command\\install.py', reloading
[ 2023-11-06 18:16:04,409 ] 224 werkzeug - INFO -  * Detected change in 'c:\\Users\\Suja4\\OneDrive\\Documents\\DataScience\\Diamondprice\\venv\\Lib\\site-packages\\setuptools\\command\\install.py', reloading
[ 2023-11-06 18:16:04,413 ] 224 werkzeug - INFO -  * Detected change in 'c:\\Users\\Suja4\\OneDrive\\Documents\\DataScience\\Diamondprice\\venv\\Lib\\site-packages\\setuptools\\command\\install_egg_info.py', reloading
[ 2023-11-06 18:16:04,414 ] 224 werkzeug - INFO -  * Detected change in 'c:\\users\\suja4\\onedrive\\documents\\datascience\\diamondprice\\venv\\Lib\\site-packages\\setuptools\\command\\install_egg_info.py', reloading
[ 2023-11-06 18:16:04,419 ] 224 werkzeug - INFO -  * Detected change in 'c:\\Users\\Suja4\\OneDrive\\Documents\\DataScience\\Diamondprice\\venv\\Lib\\site-packages\\setuptools\\command\\install_lib.py', reloading
[ 2023-11-06 18:16:04,419 ] 224 werkzeug - INFO -  * Detected change in 'c:\\users\\suja4\\onedrive\\documents\\datascience\\diamondprice\\venv\\Lib\\site-packages\\setuptools\\command\\install_lib.py', reloading
[ 2023-11-06 18:16:04,442 ] 224 werkzeug - INFO -  * Detected change in 'c:\\users\\suja4\\onedrive\\documents\\datascience\\diamondprice\\venv\\Lib\\site-packages\\setuptools\\command\\install_scripts.py', reloading
[ 2023-11-06 18:16:04,443 ] 224 werkzeug - INFO -  * Detected change in 'c:\\Users\\Suja4\\OneDrive\\Documents\\DataScience\\Diamondprice\\venv\\Lib\\site-packages\\setuptools\\command\\install_scripts.py', reloading
[ 2023-11-06 18:16:04,463 ] 224 werkzeug - INFO -  * Detected change in 'c:\\users\\suja4\\onedrive\\documents\\datascience\\diamondprice\\venv\\Lib\\site-packages\\setuptools\\command\\register.py', reloading
[ 2023-11-06 18:16:04,464 ] 224 werkzeug - INFO -  * Detected change in 'c:\\Users\\Suja4\\OneDrive\\Documents\\DataScience\\Diamondprice\\venv\\Lib\\site-packages\\setuptools\\command\\register.py', reloading
[ 2023-11-06 18:16:04,469 ] 224 werkzeug - INFO -  * Detected change in 'c:\\Users\\Suja4\\OneDrive\\Documents\\DataScience\\Diamondprice\\venv\\Lib\\site-packages\\setuptools\\command\\rotate.py', reloading
[ 2023-11-06 18:16:04,469 ] 224 werkzeug - INFO -  * Detected change in 'c:\\users\\suja4\\onedrive\\documents\\datascience\\diamondprice\\venv\\Lib\\site-packages\\setuptools\\command\\rotate.py', reloading
[ 2023-11-06 18:16:04,479 ] 224 werkzeug - INFO -  * Detected change in 'c:\\Users\\Suja4\\OneDrive\\Documents\\DataScience\\Diamondprice\\venv\\Lib\\site-packages\\setuptools\\command\\saveopts.py', reloading
[ 2023-11-06 18:16:04,479 ] 224 werkzeug - INFO -  * Detected change in 'c:\\users\\suja4\\onedrive\\documents\\datascience\\diamondprice\\venv\\Lib\\site-packages\\setuptools\\command\\saveopts.py', reloading
[ 2023-11-06 18:16:04,483 ] 224 werkzeug - INFO -  * Detected change in 'c:\\Users\\Suja4\\OneDrive\\Documents\\DataScience\\Diamondprice\\venv\\Lib\\site-packages\\setuptools\\command\\sdist.py', reloading
[ 2023-11-06 18:16:04,483 ] 224 werkzeug - INFO -  * Detected change in 'c:\\users\\suja4\\onedrive\\documents\\datascience\\diamondprice\\venv\\Lib\\site-packages\\setuptools\\command\\sdist.py', reloading
[ 2023-11-06 18:16:04,507 ] 224 werkzeug - INFO -  * Detected change in 'c:\\Users\\Suja4\\OneDrive\\Documents\\DataScience\\Diamondprice\\venv\\Lib\\site-packages\\setuptools\\command\\setopt.py', reloading
[ 2023-11-06 18:16:04,507 ] 224 werkzeug - INFO -  * Detected change in 'c:\\users\\suja4\\onedrive\\documents\\datascience\\diamondprice\\venv\\Lib\\site-packages\\setuptools\\command\\setopt.py', reloading
[ 2023-11-06 18:16:04,516 ] 224 werkzeug - INFO -  * Detected change in 'c:\\Users\\Suja4\\OneDrive\\Documents\\DataScience\\Diamondprice\\venv\\Lib\\site-packages\\setuptools\\command\\test.py', reloading
[ 2023-11-06 18:16:04,516 ] 224 werkzeug - INFO -  * Detected change in 'c:\\users\\suja4\\onedrive\\documents\\datascience\\diamondprice\\venv\\Lib\\site-packages\\setuptools\\command\\test.py', reloading
[ 2023-11-06 18:16:04,531 ] 224 werkzeug - INFO -  * Detected change in 'c:\\Users\\Suja4\\OneDrive\\Documents\\DataScience\\Diamondprice\\venv\\Lib\\site-packages\\setuptools\\command\\upload.py', reloading
[ 2023-11-06 18:16:04,532 ] 224 werkzeug - INFO -  * Detected change in 'c:\\users\\suja4\\onedrive\\documents\\datascience\\diamondprice\\venv\\Lib\\site-packages\\setuptools\\command\\upload.py', reloading
[ 2023-11-06 18:16:04,535 ] 224 werkzeug - INFO -  * Detected change in 'c:\\Users\\Suja4\\OneDrive\\Documents\\DataScience\\Diamondprice\\venv\\Lib\\site-packages\\setuptools\\command\\upload_docs.py', reloading
[ 2023-11-06 18:16:04,535 ] 224 werkzeug - INFO -  * Detected change in 'c:\\users\\suja4\\onedrive\\documents\\datascience\\diamondprice\\venv\\Lib\\site-packages\\setuptools\\command\\upload_docs.py', reloading
[ 2023-11-06 18:16:04,540 ] 224 werkzeug - INFO -  * Detected change in 'c:\\Users\\Suja4\\OneDrive\\Documents\\DataScience\\Diamondprice\\venv\\Lib\\site-packages\\setuptools\\config\\__init__.py', reloading
[ 2023-11-06 18:16:04,540 ] 224 werkzeug - INFO -  * Detected change in 'c:\\users\\suja4\\onedrive\\documents\\datascience\\diamondprice\\venv\\Lib\\site-packages\\setuptools\\config\\__init__.py', reloading
[ 2023-11-06 18:16:04,547 ] 224 werkzeug - INFO -  * Detected change in 'c:\\Users\\Suja4\\OneDrive\\Documents\\DataScience\\Diamondprice\\venv\\Lib\\site-packages\\setuptools\\config\\_apply_pyprojecttoml.py', reloading
[ 2023-11-06 18:16:04,547 ] 224 werkzeug - INFO -  * Detected change in 'c:\\users\\suja4\\onedrive\\documents\\datascience\\diamondprice\\venv\\Lib\\site-packages\\setuptools\\config\\_apply_pyprojecttoml.py', reloading
[ 2023-11-06 18:16:04,591 ] 224 werkzeug - INFO -  * Detected change in 'c:\\Users\\Suja4\\OneDrive\\Documents\\DataScience\\Diamondprice\\venv\\Lib\\site-packages\\setuptools\\config\\expand.py', reloading
[ 2023-11-06 18:16:04,592 ] 224 werkzeug - INFO -  * Detected change in 'c:\\users\\suja4\\onedrive\\documents\\datascience\\diamondprice\\venv\\Lib\\site-packages\\setuptools\\config\\expand.py', reloading
[ 2023-11-06 18:16:04,621 ] 224 werkzeug - INFO -  * Detected change in 'c:\\Users\\Suja4\\OneDrive\\Documents\\DataScience\\Diamondprice\\venv\\Lib\\site-packages\\setuptools\\config\\pyprojecttoml.py', reloading
[ 2023-11-06 18:16:04,622 ] 224 werkzeug - INFO -  * Detected change in 'c:\\users\\suja4\\onedrive\\documents\\datascience\\diamondprice\\venv\\Lib\\site-packages\\setuptools\\config\\pyprojecttoml.py', reloading
[ 2023-11-06 18:16:04,634 ] 224 werkzeug - INFO -  * Detected change in 'c:\\users\\suja4\\onedrive\\documents\\datascience\\diamondprice\\venv\\Lib\\site-packages\\setuptools\\config\\setupcfg.py', reloading
[ 2023-11-06 18:16:04,634 ] 224 werkzeug - INFO -  * Detected change in 'c:\\Users\\Suja4\\OneDrive\\Documents\\DataScience\\Diamondprice\\venv\\Lib\\site-packages\\setuptools\\config\\setupcfg.py', reloading
[ 2023-11-06 18:16:04,648 ] 224 werkzeug - INFO -  * Detected change in 'c:\\users\\suja4\\onedrive\\documents\\datascience\\diamondprice\\venv\\Lib\\site-packages\\setuptools\\config\\_validate_pyproject\\__init__.py', reloading
[ 2023-11-06 18:16:04,649 ] 224 werkzeug - INFO -  * Detected change in 'c:\\Users\\Suja4\\OneDrive\\Documents\\DataScience\\Diamondprice\\venv\\Lib\\site-packages\\setuptools\\config\\_validate_pyproject\\__init__.py', reloading
[ 2023-11-06 18:16:04,652 ] 224 werkzeug - INFO -  * Detected change in 'c:\\Users\\Suja4\\OneDrive\\Documents\\DataScience\\Diamondprice\\venv\\Lib\\site-packages\\setuptools\\config\\_validate_pyproject\\error_reporting.py', reloading
[ 2023-11-06 18:16:04,652 ] 224 werkzeug - INFO -  * Detected change in 'c:\\users\\suja4\\onedrive\\documents\\datascience\\diamondprice\\venv\\Lib\\site-packages\\setuptools\\config\\_validate_pyproject\\error_reporting.py', reloading
[ 2023-11-06 18:16:04,662 ] 224 werkzeug - INFO -  * Detected change in 'c:\\users\\suja4\\onedrive\\documents\\datascience\\diamondprice\\venv\\Lib\\site-packages\\setuptools\\config\\_validate_pyproject\\extra_validations.py', reloading
[ 2023-11-06 18:16:04,663 ] 224 werkzeug - INFO -  * Detected change in 'c:\\Users\\Suja4\\OneDrive\\Documents\\DataScience\\Diamondprice\\venv\\Lib\\site-packages\\setuptools\\config\\_validate_pyproject\\extra_validations.py', reloading
[ 2023-11-06 18:16:04,669 ] 224 werkzeug - INFO -  * Detected change in 'c:\\Users\\Suja4\\OneDrive\\Documents\\DataScience\\Diamondprice\\venv\\Lib\\site-packages\\setuptools\\config\\_validate_pyproject\\fastjsonschema_exceptions.py', reloading
[ 2023-11-06 18:16:04,669 ] 224 werkzeug - INFO -  * Detected change in 'c:\\users\\suja4\\onedrive\\documents\\datascience\\diamondprice\\venv\\Lib\\site-packages\\setuptools\\config\\_validate_pyproject\\fastjsonschema_exceptions.py', reloading
[ 2023-11-06 18:16:04,675 ] 224 werkzeug - INFO -  * Detected change in 'c:\\users\\suja4\\onedrive\\documents\\datascience\\diamondprice\\venv\\Lib\\site-packages\\setuptools\\config\\_validate_pyproject\\fastjsonschema_validations.py', reloading
[ 2023-11-06 18:16:04,676 ] 224 werkzeug - INFO -  * Detected change in 'c:\\Users\\Suja4\\OneDrive\\Documents\\DataScience\\Diamondprice\\venv\\Lib\\site-packages\\setuptools\\config\\_validate_pyproject\\fastjsonschema_validations.py', reloading
[ 2023-11-06 18:16:04,763 ] 224 werkzeug - INFO -  * Detected change in 'c:\\Users\\Suja4\\OneDrive\\Documents\\DataScience\\Diamondprice\\venv\\Lib\\site-packages\\setuptools\\config\\_validate_pyproject\\formats.py', reloading
[ 2023-11-06 18:16:04,763 ] 224 werkzeug - INFO -  * Detected change in 'c:\\users\\suja4\\onedrive\\documents\\datascience\\diamondprice\\venv\\Lib\\site-packages\\setuptools\\config\\_validate_pyproject\\formats.py', reloading
[ 2023-11-06 18:16:04,767 ] 224 werkzeug - INFO -  * Detected change in 'c:\\Users\\Suja4\\OneDrive\\Documents\\DataScience\\Diamondprice\\venv\\Lib\\site-packages\\setuptools\\extern\\__init__.py', reloading
[ 2023-11-06 18:16:04,767 ] 224 werkzeug - INFO -  * Detected change in 'c:\\users\\suja4\\onedrive\\documents\\datascience\\diamondprice\\venv\\Lib\\site-packages\\setuptools\\extern\\__init__.py', reloading
[ 2023-11-06 18:16:04,774 ] 224 werkzeug - INFO -  * Detected change in 'c:\\Users\\Suja4\\OneDrive\\Documents\\DataScience\\Diamondprice\\venv\\Lib\\site-packages\\stack_data\\__init__.py', reloading
[ 2023-11-06 18:16:04,775 ] 224 werkzeug - INFO -  * Detected change in 'c:\\users\\suja4\\onedrive\\documents\\datascience\\diamondprice\\venv\\Lib\\site-packages\\stack_data\\__init__.py', reloading
[ 2023-11-06 18:16:04,778 ] 224 werkzeug - INFO -  * Detected change in 'c:\\Users\\Suja4\\OneDrive\\Documents\\DataScience\\Diamondprice\\venv\\Lib\\site-packages\\stack_data\\core.py', reloading
[ 2023-11-06 18:16:04,778 ] 224 werkzeug - INFO -  * Detected change in 'c:\\users\\suja4\\onedrive\\documents\\datascience\\diamondprice\\venv\\Lib\\site-packages\\stack_data\\core.py', reloading
