[ 2023-11-06 18:15:34,297 ] 148 numexpr.utils - INFO - Note: NumExpr detected 12 cores but "NUMEXPR_MAX_THREADS" not set, so enforcing safe limit of 8.
[ 2023-11-06 18:15:34,297 ] 160 numexpr.utils - INFO - NumExpr defaulting to 8 threads.
[ 2023-11-06 18:15:36,364 ] 224 werkzeug - WARNING -  * Debugger is active!
[ 2023-11-06 18:15:36,369 ] 224 werkzeug - INFO -  * Debugger PIN: 901-655-976
[ 2023-11-06 18:15:46,058 ] 224 werkzeug - INFO -  * Detected change in 'c:\\users\\suja4\\onedrive\\documents\\datascience\\diamondprice\\venv\\Lib\\site-packages\\jupyter_client\\__init__.py', reloading
[ 2023-11-06 18:15:46,058 ] 224 werkzeug - INFO -  * Detected change in 'c:\\Users\\Suja4\\OneDrive\\Documents\\DataScience\\Diamondprice\\venv\\Lib\\site-packages\\jupyter_client\\__init__.py', reloading
[ 2023-11-06 18:15:46,063 ] 224 werkzeug - INFO -  * Detected change in 'c:\\users\\suja4\\onedrive\\documents\\datascience\\diamondprice\\venv\\Lib\\site-packages\\jupyter_client\\_version.py', reloading
[ 2023-11-06 18:15:46,063 ] 224 werkzeug - INFO -  * Detected change in 'c:\\Users\\Suja4\\OneDrive\\Documents\\DataScience\\Diamondprice\\venv\\Lib\\site-packages\\jupyter_client\\_version.py', reloading
[ 2023-11-06 18:15:46,070 ] 224 werkzeug - INFO -  * Detected change in 'c:\\users\\suja4\\onedrive\\documents\\datascience\\diamondprice\\venv\\Lib\\site-packages\\jupyter_client\\adapter.py', reloading
[ 2023-11-06 18:15:46,071 ] 224 werkzeug - INFO -  * Detected change in 'c:\\Users\\Suja4\\OneDrive\\Documents\\DataScience\\Diamondprice\\venv\\Lib\\site-packages\\jupyter_client\\adapter.py', reloading
[ 2023-11-06 18:15:46,081 ] 224 werkzeug - INFO -  * Detected change in 'c:\\users\\suja4\\onedrive\\documents\\datascience\\diamondprice\\venv\\Lib\\site-packages\\jupyter_client\\channels.py', reloading
[ 2023-11-06 18:15:46,082 ] 224 werkzeug - INFO -  * Detected change in 'c:\\Users\\Suja4\\OneDrive\\Documents\\DataScience\\Diamondprice\\venv\\Lib\\site-packages\\jupyter_client\\channels.py', reloading
[ 2023-11-06 18:15:46,106 ] 224 werkzeug - INFO -  * Detected change in 'c:\\users\\suja4\\onedrive\\documents\\datascience\\diamondprice\\venv\\Lib\\site-packages\\jupyter_client\\channelsabc.py', reloading
[ 2023-11-06 18:15:46,106 ] 224 werkzeug - INFO -  * Detected change in 'c:\\Users\\Suja4\\OneDrive\\Documents\\DataScience\\Diamondprice\\venv\\Lib\\site-packages\\jupyter_client\\channelsabc.py', reloading
[ 2023-11-06 18:15:46,109 ] 224 werkzeug - INFO -  * Detected change in 'c:\\users\\suja4\\onedrive\\documents\\datascience\\diamondprice\\venv\\Lib\\site-packages\\jupyter_client\\client.py', reloading
[ 2023-11-06 18:15:46,109 ] 224 werkzeug - INFO -  * Detected change in 'c:\\Users\\Suja4\\OneDrive\\Documents\\DataScience\\Diamondprice\\venv\\Lib\\site-packages\\jupyter_client\\client.py', reloading
[ 2023-11-06 18:15:46,122 ] 224 werkzeug - INFO -  * Detected change in 'c:\\users\\suja4\\onedrive\\documents\\datascience\\diamondprice\\venv\\Lib\\site-packages\\jupyter_client\\clientabc.py', reloading
[ 2023-11-06 18:15:46,123 ] 224 werkzeug - INFO -  * Detected change in 'c:\\Users\\Suja4\\OneDrive\\Documents\\DataScience\\Diamondprice\\venv\\Lib\\site-packages\\jupyter_client\\clientabc.py', reloading
[ 2023-11-06 18:15:46,126 ] 224 werkzeug - INFO -  * Detected change in 'c:\\users\\suja4\\onedrive\\documents\\datascience\\diamondprice\\venv\\Lib\\site-packages\\jupyter_client\\connect.py', reloading
[ 2023-11-06 18:15:46,127 ] 224 werkzeug - INFO -  * Detected change in 'c:\\Users\\Suja4\\OneDrive\\Documents\\DataScience\\Diamondprice\\venv\\Lib\\site-packages\\jupyter_client\\connect.py', reloading
[ 2023-11-06 18:15:46,139 ] 224 werkzeug - INFO -  * Detected change in 'c:\\users\\suja4\\onedrive\\documents\\datascience\\diamondprice\\venv\\Lib\\site-packages\\jupyter_client\\consoleapp.py', reloading
[ 2023-11-06 18:15:46,139 ] 224 werkzeug - INFO -  * Detected change in 'c:\\Users\\Suja4\\OneDrive\\Documents\\DataScience\\Diamondprice\\venv\\Lib\\site-packages\\jupyter_client\\consoleapp.py', reloading
[ 2023-11-06 18:15:46,157 ] 224 werkzeug - INFO -  * Detected change in 'c:\\users\\suja4\\onedrive\\documents\\datascience\\diamondprice\\venv\\Lib\\site-packages\\jupyter_client\\jsonutil.py', reloading
[ 2023-11-06 18:15:46,158 ] 224 werkzeug - INFO -  * Detected change in 'c:\\Users\\Suja4\\OneDrive\\Documents\\DataScience\\Diamondprice\\venv\\Lib\\site-packages\\jupyter_client\\jsonutil.py', reloading
[ 2023-11-06 18:15:46,166 ] 224 werkzeug - INFO -  * Detected change in 'c:\\users\\suja4\\onedrive\\documents\\datascience\\diamondprice\\venv\\Lib\\site-packages\\jupyter_client\\kernelapp.py', reloading
[ 2023-11-06 18:15:46,166 ] 224 werkzeug - INFO -  * Detected change in 'c:\\Users\\Suja4\\OneDrive\\Documents\\DataScience\\Diamondprice\\venv\\Lib\\site-packages\\jupyter_client\\kernelapp.py', reloading
[ 2023-11-06 18:15:46,174 ] 224 werkzeug - INFO -  * Detected change in 'c:\\users\\suja4\\onedrive\\documents\\datascience\\diamondprice\\venv\\Lib\\site-packages\\jupyter_client\\kernelspec.py', reloading
[ 2023-11-06 18:15:46,175 ] 224 werkzeug - INFO -  * Detected change in 'c:\\Users\\Suja4\\OneDrive\\Documents\\DataScience\\Diamondprice\\venv\\Lib\\site-packages\\jupyter_client\\kernelspec.py', reloading
[ 2023-11-06 18:15:46,193 ] 224 werkzeug - INFO -  * Detected change in 'c:\\Users\\Suja4\\OneDrive\\Documents\\DataScience\\Diamondprice\\venv\\Lib\\site-packages\\jupyter_client\\kernelspecapp.py', reloading
[ 2023-11-06 18:15:46,194 ] 224 werkzeug - INFO -  * Detected change in 'c:\\users\\suja4\\onedrive\\documents\\datascience\\diamondprice\\venv\\Lib\\site-packages\\jupyter_client\\kernelspecapp.py', reloading
[ 2023-11-06 18:15:46,209 ] 224 werkzeug - INFO -  * Detected change in 'c:\\users\\suja4\\onedrive\\documents\\datascience\\diamondprice\\venv\\Lib\\site-packages\\jupyter_client\\launcher.py', reloading
[ 2023-11-06 18:15:46,209 ] 224 werkzeug - INFO -  * Detected change in 'c:\\Users\\Suja4\\OneDrive\\Documents\\DataScience\\Diamondprice\\venv\\Lib\\site-packages\\jupyter_client\\launcher.py', reloading
[ 2023-11-06 18:15:46,213 ] 224 werkzeug - INFO -  * Detected change in 'c:\\users\\suja4\\onedrive\\documents\\datascience\\diamondprice\\venv\\Lib\\site-packages\\jupyter_client\\localinterfaces.py', reloading
[ 2023-11-06 18:15:46,213 ] 224 werkzeug - INFO -  * Detected change in 'c:\\Users\\Suja4\\OneDrive\\Documents\\DataScience\\Diamondprice\\venv\\Lib\\site-packages\\jupyter_client\\localinterfaces.py', reloading
[ 2023-11-06 18:15:46,231 ] 224 werkzeug - INFO -  * Detected change in 'c:\\users\\suja4\\onedrive\\documents\\datascience\\diamondprice\\venv\\Lib\\site-packages\\jupyter_client\\manager.py', reloading
[ 2023-11-06 18:15:46,231 ] 224 werkzeug - INFO -  * Detected change in 'c:\\Users\\Suja4\\OneDrive\\Documents\\DataScience\\Diamondprice\\venv\\Lib\\site-packages\\jupyter_client\\manager.py', reloading
[ 2023-11-06 18:15:46,245 ] 224 werkzeug - INFO -  * Detected change in 'c:\\users\\suja4\\onedrive\\documents\\datascience\\diamondprice\\venv\\Lib\\site-packages\\jupyter_client\\managerabc.py', reloading
[ 2023-11-06 18:15:46,245 ] 224 werkzeug - INFO -  * Detected change in 'c:\\Users\\Suja4\\OneDrive\\Documents\\DataScience\\Diamondprice\\venv\\Lib\\site-packages\\jupyter_client\\managerabc.py', reloading
[ 2023-11-06 18:15:46,248 ] 224 werkzeug - INFO -  * Detected change in 'c:\\users\\suja4\\onedrive\\documents\\datascience\\diamondprice\\venv\\Lib\\site-packages\\jupyter_client\\multikernelmanager.py', reloading
[ 2023-11-06 18:15:46,248 ] 224 werkzeug - INFO -  * Detected change in 'c:\\Users\\Suja4\\OneDrive\\Documents\\DataScience\\Diamondprice\\venv\\Lib\\site-packages\\jupyter_client\\multikernelmanager.py', reloading
[ 2023-11-06 18:15:46,256 ] 224 werkzeug - INFO -  * Detected change in 'c:\\Users\\Suja4\\OneDrive\\Documents\\DataScience\\Diamondprice\\venv\\Lib\\site-packages\\jupyter_client\\restarter.py', reloading
[ 2023-11-06 18:15:46,256 ] 224 werkzeug - INFO -  * Detected change in 'c:\\users\\suja4\\onedrive\\documents\\datascience\\diamondprice\\venv\\Lib\\site-packages\\jupyter_client\\restarter.py', reloading
[ 2023-11-06 18:15:46,264 ] 224 werkzeug - INFO -  * Detected change in 'c:\\Users\\Suja4\\OneDrive\\Documents\\DataScience\\Diamondprice\\venv\\Lib\\site-packages\\jupyter_client\\runapp.py', reloading
[ 2023-11-06 18:15:46,264 ] 224 werkzeug - INFO -  * Detected change in 'c:\\users\\suja4\\onedrive\\documents\\datascience\\diamondprice\\venv\\Lib\\site-packages\\jupyter_client\\runapp.py', reloading
[ 2023-11-06 18:15:46,272 ] 224 werkzeug - INFO -  * Detected change in 'c:\\Users\\Suja4\\OneDrive\\Documents\\DataScience\\Diamondprice\\venv\\Lib\\site-packages\\jupyter_client\\session.py', reloading
[ 2023-11-06 18:15:46,272 ] 224 werkzeug - INFO -  * Detected change in 'c:\\users\\suja4\\onedrive\\documents\\datascience\\diamondprice\\venv\\Lib\\site-packages\\jupyter_client\\session.py', reloading
[ 2023-11-06 18:15:46,288 ] 224 werkzeug - INFO -  * Detected change in 'c:\\users\\suja4\\onedrive\\documents\\datascience\\diamondprice\\venv\\Lib\\site-packages\\jupyter_client\\threaded.py', reloading
[ 2023-11-06 18:15:46,289 ] 224 werkzeug - INFO -  * Detected change in 'c:\\Users\\Suja4\\OneDrive\\Documents\\DataScience\\Diamondprice\\venv\\Lib\\site-packages\\jupyter_client\\threaded.py', reloading
[ 2023-11-06 18:15:46,308 ] 224 werkzeug - INFO -  * Detected change in 'c:\\Users\\Suja4\\OneDrive\\Documents\\DataScience\\Diamondprice\\venv\\Lib\\site-packages\\jupyter_client\\utils.py', reloading
[ 2023-11-06 18:15:46,309 ] 224 werkzeug - INFO -  * Detected change in 'c:\\users\\suja4\\onedrive\\documents\\datascience\\diamondprice\\venv\\Lib\\site-packages\\jupyter_client\\utils.py', reloading
[ 2023-11-06 18:15:46,315 ] 224 werkzeug - INFO -  * Detected change in 'c:\\Users\\Suja4\\OneDrive\\Documents\\DataScience\\Diamondprice\\venv\\Lib\\site-packages\\jupyter_client\\win_interrupt.py', reloading
[ 2023-11-06 18:15:46,315 ] 224 werkzeug - INFO -  * Detected change in 'c:\\users\\suja4\\onedrive\\documents\\datascience\\diamondprice\\venv\\Lib\\site-packages\\jupyter_client\\win_interrupt.py', reloading
[ 2023-11-06 18:15:46,319 ] 224 werkzeug - INFO -  * Detected change in 'c:\\users\\suja4\\onedrive\\documents\\datascience\\diamondprice\\venv\\Lib\\site-packages\\jupyter_client\\asynchronous\\__init__.py', reloading
[ 2023-11-06 18:15:46,319 ] 224 werkzeug - INFO -  * Detected change in 'c:\\Users\\Suja4\\OneDrive\\Documents\\DataScience\\Diamondprice\\venv\\Lib\\site-packages\\jupyter_client\\asynchronous\\__init__.py', reloading
[ 2023-11-06 18:15:46,323 ] 224 werkzeug - INFO -  * Detected change in 'c:\\users\\suja4\\onedrive\\documents\\datascience\\diamondprice\\venv\\Lib\\site-packages\\jupyter_client\\asynchronous\\client.py', reloading
[ 2023-11-06 18:15:46,323 ] 224 werkzeug - INFO -  * Detected change in 'c:\\Users\\Suja4\\OneDrive\\Documents\\DataScience\\Diamondprice\\venv\\Lib\\site-packages\\jupyter_client\\asynchronous\\client.py', reloading
[ 2023-11-06 18:15:46,329 ] 224 werkzeug - INFO -  * Detected change in 'c:\\Users\\Suja4\\OneDrive\\Documents\\DataScience\\Diamondprice\\venv\\Lib\\site-packages\\jupyter_client\\blocking\\__init__.py', reloading
[ 2023-11-06 18:15:46,329 ] 224 werkzeug - INFO -  * Detected change in 'c:\\users\\suja4\\onedrive\\documents\\datascience\\diamondprice\\venv\\Lib\\site-packages\\jupyter_client\\blocking\\__init__.py', reloading
[ 2023-11-06 18:15:46,332 ] 224 werkzeug - INFO -  * Detected change in 'c:\\Users\\Suja4\\OneDrive\\Documents\\DataScience\\Diamondprice\\venv\\Lib\\site-packages\\jupyter_client\\blocking\\client.py', reloading
[ 2023-11-06 18:15:46,332 ] 224 werkzeug - INFO -  * Detected change in 'c:\\users\\suja4\\onedrive\\documents\\datascience\\diamondprice\\venv\\Lib\\site-packages\\jupyter_client\\blocking\\client.py', reloading
[ 2023-11-06 18:15:46,339 ] 224 werkzeug - INFO -  * Detected change in 'c:\\users\\suja4\\onedrive\\documents\\datascience\\diamondprice\\venv\\Lib\\site-packages\\jupyter_client\\ioloop\\__init__.py', reloading
[ 2023-11-06 18:15:46,339 ] 224 werkzeug - INFO -  * Detected change in 'c:\\Users\\Suja4\\OneDrive\\Documents\\DataScience\\Diamondprice\\venv\\Lib\\site-packages\\jupyter_client\\ioloop\\__init__.py', reloading
[ 2023-11-06 18:15:46,342 ] 224 werkzeug - INFO -  * Detected change in 'c:\\users\\suja4\\onedrive\\documents\\datascience\\diamondprice\\venv\\Lib\\site-packages\\jupyter_client\\ioloop\\manager.py', reloading
[ 2023-11-06 18:15:46,343 ] 224 werkzeug - INFO -  * Detected change in 'c:\\Users\\Suja4\\OneDrive\\Documents\\DataScience\\Diamondprice\\venv\\Lib\\site-packages\\jupyter_client\\ioloop\\manager.py', reloading
[ 2023-11-06 18:15:46,350 ] 224 werkzeug - INFO -  * Detected change in 'c:\\users\\suja4\\onedrive\\documents\\datascience\\diamondprice\\venv\\Lib\\site-packages\\jupyter_client\\ioloop\\restarter.py', reloading
[ 2023-11-06 18:15:46,350 ] 224 werkzeug - INFO -  * Detected change in 'c:\\Users\\Suja4\\OneDrive\\Documents\\DataScience\\Diamondprice\\venv\\Lib\\site-packages\\jupyter_client\\ioloop\\restarter.py', reloading
[ 2023-11-06 18:15:46,356 ] 224 werkzeug - INFO -  * Detected change in 'c:\\Users\\Suja4\\OneDrive\\Documents\\DataScience\\Diamondprice\\venv\\Lib\\site-packages\\jupyter_client\\provisioning\\__init__.py', reloading
[ 2023-11-06 18:15:46,356 ] 224 werkzeug - INFO -  * Detected change in 'c:\\users\\suja4\\onedrive\\documents\\datascience\\diamondprice\\venv\\Lib\\site-packages\\jupyter_client\\provisioning\\__init__.py', reloading
[ 2023-11-06 18:15:46,358 ] 224 werkzeug - INFO -  * Detected change in 'c:\\users\\suja4\\onedrive\\documents\\datascience\\diamondprice\\venv\\Lib\\site-packages\\jupyter_client\\provisioning\\factory.py', reloading
[ 2023-11-06 18:15:46,359 ] 224 werkzeug - INFO -  * Detected change in 'c:\\Users\\Suja4\\OneDrive\\Documents\\DataScience\\Diamondprice\\venv\\Lib\\site-packages\\jupyter_client\\provisioning\\factory.py', reloading
[ 2023-11-06 18:15:46,369 ] 224 werkzeug - INFO -  * Detected change in 'c:\\users\\suja4\\onedrive\\documents\\datascience\\diamondprice\\venv\\Lib\\site-packages\\jupyter_client\\provisioning\\local_provisioner.py', reloading
[ 2023-11-06 18:15:46,369 ] 224 werkzeug - INFO -  * Detected change in 'c:\\Users\\Suja4\\OneDrive\\Documents\\DataScience\\Diamondprice\\venv\\Lib\\site-packages\\jupyter_client\\provisioning\\local_provisioner.py', reloading
[ 2023-11-06 18:15:46,379 ] 224 werkzeug - INFO -  * Detected change in 'c:\\users\\suja4\\onedrive\\documents\\datascience\\diamondprice\\venv\\Lib\\site-packages\\jupyter_client\\provisioning\\provisioner_base.py', reloading
[ 2023-11-06 18:15:46,379 ] 224 werkzeug - INFO -  * Detected change in 'c:\\Users\\Suja4\\OneDrive\\Documents\\DataScience\\Diamondprice\\venv\\Lib\\site-packages\\jupyter_client\\provisioning\\provisioner_base.py', reloading
[ 2023-11-06 18:15:46,386 ] 224 werkzeug - INFO -  * Detected change in 'c:\\Users\\Suja4\\OneDrive\\Documents\\DataScience\\Diamondprice\\venv\\Lib\\site-packages\\jupyter_client\\ssh\\__init__.py', reloading
[ 2023-11-06 18:15:46,386 ] 224 werkzeug - INFO -  * Detected change in 'c:\\users\\suja4\\onedrive\\documents\\datascience\\diamondprice\\venv\\Lib\\site-packages\\jupyter_client\\ssh\\__init__.py', reloading
[ 2023-11-06 18:15:46,389 ] 224 werkzeug - INFO -  * Detected change in 'c:\\users\\suja4\\onedrive\\documents\\datascience\\diamondprice\\venv\\Lib\\site-packages\\jupyter_client\\ssh\\forward.py', reloading
[ 2023-11-06 18:15:46,390 ] 224 werkzeug - INFO -  * Detected change in 'c:\\Users\\Suja4\\OneDrive\\Documents\\DataScience\\Diamondprice\\venv\\Lib\\site-packages\\jupyter_client\\ssh\\forward.py', reloading
[ 2023-11-06 18:15:46,397 ] 224 werkzeug - INFO -  * Detected change in 'c:\\users\\suja4\\onedrive\\documents\\datascience\\diamondprice\\venv\\Lib\\site-packages\\jupyter_client\\ssh\\tunnel.py', reloading
[ 2023-11-06 18:15:46,397 ] 224 werkzeug - INFO -  * Detected change in 'c:\\Users\\Suja4\\OneDrive\\Documents\\DataScience\\Diamondprice\\venv\\Lib\\site-packages\\jupyter_client\\ssh\\tunnel.py', reloading
[ 2023-11-06 18:15:46,425 ] 224 werkzeug - INFO -  * Detected change in 'c:\\users\\suja4\\onedrive\\documents\\datascience\\diamondprice\\venv\\Lib\\site-packages\\jupyter_core\\__init__.py', reloading
[ 2023-11-06 18:15:46,426 ] 224 werkzeug - INFO -  * Detected change in 'c:\\Users\\Suja4\\OneDrive\\Documents\\DataScience\\Diamondprice\\venv\\Lib\\site-packages\\jupyter_core\\__init__.py', reloading
[ 2023-11-06 18:15:46,431 ] 224 werkzeug - INFO -  * Detected change in 'c:\\Users\\Suja4\\OneDrive\\Documents\\DataScience\\Diamondprice\\venv\\Lib\\site-packages\\jupyter_core\\__main__.py', reloading
[ 2023-11-06 18:15:46,432 ] 224 werkzeug - INFO -  * Detected change in 'c:\\users\\suja4\\onedrive\\documents\\datascience\\diamondprice\\venv\\Lib\\site-packages\\jupyter_core\\__main__.py', reloading
[ 2023-11-06 18:15:46,436 ] 224 werkzeug - INFO -  * Detected change in 'c:\\users\\suja4\\onedrive\\documents\\datascience\\diamondprice\\venv\\Lib\\site-packages\\jupyter_core\\application.py', reloading
[ 2023-11-06 18:15:46,436 ] 224 werkzeug - INFO -  * Detected change in 'c:\\Users\\Suja4\\OneDrive\\Documents\\DataScience\\Diamondprice\\venv\\Lib\\site-packages\\jupyter_core\\application.py', reloading
[ 2023-11-06 18:15:46,444 ] 224 werkzeug - INFO -  * Detected change in 'c:\\users\\suja4\\onedrive\\documents\\datascience\\diamondprice\\venv\\Lib\\site-packages\\jupyter_core\\command.py', reloading
[ 2023-11-06 18:15:46,444 ] 224 werkzeug - INFO -  * Detected change in 'c:\\Users\\Suja4\\OneDrive\\Documents\\DataScience\\Diamondprice\\venv\\Lib\\site-packages\\jupyter_core\\command.py', reloading
[ 2023-11-06 18:15:46,474 ] 224 werkzeug - INFO -  * Detected change in 'c:\\users\\suja4\\onedrive\\documents\\datascience\\diamondprice\\venv\\Lib\\site-packages\\jupyter_core\\migrate.py', reloading
[ 2023-11-06 18:15:46,474 ] 224 werkzeug - INFO -  * Detected change in 'c:\\Users\\Suja4\\OneDrive\\Documents\\DataScience\\Diamondprice\\venv\\Lib\\site-packages\\jupyter_core\\migrate.py', reloading
[ 2023-11-06 18:15:46,482 ] 224 werkzeug - INFO -  * Detected change in 'c:\\users\\suja4\\onedrive\\documents\\datascience\\diamondprice\\venv\\Lib\\site-packages\\jupyter_core\\paths.py', reloading
[ 2023-11-06 18:15:46,482 ] 224 werkzeug - INFO -  * Detected change in 'c:\\Users\\Suja4\\OneDrive\\Documents\\DataScience\\Diamondprice\\venv\\Lib\\site-packages\\jupyter_core\\paths.py', reloading
