[ 2023-11-03 12:46:13,559 ] 148 numexpr.utils - INFO - Note: NumExpr detected 12 cores but "NUMEXPR_MAX_THREADS" not set, so enforcing safe limit of 8.
[ 2023-11-03 12:46:13,560 ] 160 numexpr.utils - INFO - NumExpr defaulting to 8 threads.
[ 2023-11-03 12:46:13,846 ] 27 root - INFO - Data Ingestion method starts
[ 2023-11-03 12:46:13,987 ] 30 root - INFO - Dataset read as pandas dataframe
[ 2023-11-03 12:46:14,782 ] 33 root - INFO - Train test split
[ 2023-11-03 12:46:15,617 ] 38 root - INFO - Ingestion of data is completed
[ 2023-11-03 12:46:15,766 ] 79 root - INFO - Read train and test data completed
[ 2023-11-03 12:46:15,771 ] 80 root - INFO - Train Dataframe Head : 
       id  carat        cut color clarity  depth  table     x     y     z  price
0   77500   0.34      Ideal     D     VS2   61.5   56.0  4.50  4.52  2.77   1112
1  179786   0.30      Ideal     D     VS1   60.0   57.0  4.36  4.39  2.63    610
2  165045   1.56    Premium     I     VS2   61.9   59.0  7.46  7.39  4.59  10736
3   16557   0.51  Very Good     H     VS1   62.9   57.0  5.10  5.07  3.19   1438
4  190729   0.30      Ideal     E     SI1   62.1   55.0  4.27  4.30  2.66    526
[ 2023-11-03 12:46:15,774 ] 81 root - INFO - Test Dataframe Head  : 
       id  carat        cut color clarity  depth  table     x     y     z  price
0  111245   0.39    Premium     G     SI1   60.7   61.0  4.73  4.71  2.87    791
1   29601   0.39       Good     H     SI1   63.1   56.0  4.62  4.64  2.93    919
2   79760   0.92  Very Good     H     SI1   62.3   60.0  6.18  6.22  3.87   3991
3  177458   1.01    Premium     D     SI2   60.9   56.0  6.48  6.44  3.93   5152
4  179750   0.71  Very Good     I     SI1   62.2   57.0  5.64  5.68  3.52   2028
[ 2023-11-03 12:46:15,774 ] 83 root - INFO - Obtaining preprocessing object
[ 2023-11-03 12:46:15,774 ] 28 root - INFO - Data Transformation initiated
[ 2023-11-03 12:46:15,774 ] 38 root - INFO - Pipeline Initiated
[ 2023-11-03 12:46:15,774 ] 69 root - INFO - error in Data Transformation
[ 2023-11-03 12:46:15,774 ] 121 root - INFO - Exception occured in the initiate_datatransformation
