[ 2023-11-03 12:47:23,488 ] 148 numexpr.utils - INFO - Note: NumExpr detected 12 cores but "NUMEXPR_MAX_THREADS" not set, so enforcing safe limit of 8.
[ 2023-11-03 12:47:23,488 ] 160 numexpr.utils - INFO - NumExpr defaulting to 8 threads.
[ 2023-11-03 12:47:23,774 ] 27 root - INFO - Data Ingestion method starts
[ 2023-11-03 12:47:23,929 ] 30 root - INFO - Dataset read as pandas dataframe
[ 2023-11-03 12:47:24,750 ] 33 root - INFO - Train test split
[ 2023-11-03 12:47:25,616 ] 38 root - INFO - Ingestion of data is completed
[ 2023-11-03 12:47:25,781 ] 79 root - INFO - Read train and test data completed
[ 2023-11-03 12:47:25,790 ] 80 root - INFO - Train Dataframe Head : 
       id  carat    cut color clarity  depth  table     x     y     z  price
0  102586   1.01  Ideal     G     VS1   61.8   57.0  6.43  6.49  3.99   7177
1   20676   0.74  Ideal     J     VS2   62.1   56.0  5.78  5.81  3.60   2107
2   35700   1.53   Good     E     SI1   63.3   56.0  7.31  7.33  4.63  11934
3  154451   1.28  Ideal     I     SI1   62.2   56.0  7.01  6.92  4.32   6512
4   59941   0.31  Ideal     G    VVS2   61.5   56.0  4.41  4.38  2.70    907
[ 2023-11-03 12:47:25,793 ] 81 root - INFO - Test Dataframe Head  : 
       id  carat        cut color clarity  depth  table     x     y     z  price
0  168796   0.70      Ideal     D     VS2   61.0   56.0  5.76  5.74  3.51   3333
1   95278   1.50  Very Good     I     SI1   63.2   57.0  7.16  7.21  4.54   8690
2  176248   0.41      Ideal     G      IF   61.3   57.0  4.80  4.82  2.95   1245
3   59705   1.00  Very Good     G     VS2   62.8   58.0  6.35  6.39  4.00   7743
4  130991   0.71      Ideal     D     SI1   61.8   55.0  5.73  5.75  3.55   2581
[ 2023-11-03 12:47:25,793 ] 83 root - INFO - Obtaining preprocessing object
[ 2023-11-03 12:47:25,793 ] 28 root - INFO - Data Transformation initiated
[ 2023-11-03 12:47:25,793 ] 38 root - INFO - Pipeline Initiated
[ 2023-11-03 12:47:26,071 ] 100 root - INFO - Applying preprocessing object on training and testing datasets.
[ 2023-11-03 12:47:26,082 ] 112 root - INFO - Preprocessor pickle file saved
