[ 2023-11-06 18:15:52,647 ] 148 numexpr.utils - INFO - Note: NumExpr detected 12 cores but "NUMEXPR_MAX_THREADS" not set, so enforcing safe limit of 8.
[ 2023-11-06 18:15:52,649 ] 160 numexpr.utils - INFO - NumExpr defaulting to 8 threads.
[ 2023-11-06 18:15:54,575 ] 224 werkzeug - WARNING -  * Debugger is active!
[ 2023-11-06 18:15:54,579 ] 224 werkzeug - INFO -  * Debugger PIN: 901-655-976
[ 2023-11-06 18:15:54,644 ] 224 werkzeug - INFO -  * Detected change in 'c:\\users\\suja4\\onedrive\\documents\\datascience\\diamondprice\\venv\\Lib\\site-packages\\prompt_toolkit\\search.py', reloading
[ 2023-11-06 18:15:54,645 ] 224 werkzeug - INFO -  * Detected change in 'c:\\Users\\Suja4\\OneDrive\\Documents\\DataScience\\Diamondprice\\venv\\Lib\\site-packages\\prompt_toolkit\\search.py', reloading
[ 2023-11-06 18:15:54,659 ] 224 werkzeug - INFO -  * Detected change in 'c:\\Users\\Suja4\\OneDrive\\Documents\\DataScience\\Diamondprice\\venv\\Lib\\site-packages\\prompt_toolkit\\selection.py', reloading
[ 2023-11-06 18:15:54,659 ] 224 werkzeug - INFO -  * Detected change in 'c:\\users\\suja4\\onedrive\\documents\\datascience\\diamondprice\\venv\\Lib\\site-packages\\prompt_toolkit\\selection.py', reloading
[ 2023-11-06 18:15:54,663 ] 224 werkzeug - INFO -  * Detected change in 'c:\\Users\\Suja4\\OneDrive\\Documents\\DataScience\\Diamondprice\\venv\\Lib\\site-packages\\prompt_toolkit\\token.py', reloading
[ 2023-11-06 18:15:54,664 ] 224 werkzeug - INFO -  * Detected change in 'c:\\users\\suja4\\onedrive\\documents\\datascience\\diamondprice\\venv\\Lib\\site-packages\\prompt_toolkit\\token.py', reloading
[ 2023-11-06 18:15:54,669 ] 224 werkzeug - INFO -  * Detected change in 'c:\\users\\suja4\\onedrive\\documents\\datascience\\diamondprice\\venv\\Lib\\site-packages\\prompt_toolkit\\utils.py', reloading
[ 2023-11-06 18:15:54,669 ] 224 werkzeug - INFO -  * Detected change in 'c:\\Users\\Suja4\\OneDrive\\Documents\\DataScience\\Diamondprice\\venv\\Lib\\site-packages\\prompt_toolkit\\utils.py', reloading
[ 2023-11-06 18:15:54,688 ] 224 werkzeug - INFO -  * Detected change in 'c:\\Users\\Suja4\\OneDrive\\Documents\\DataScience\\Diamondprice\\venv\\Lib\\site-packages\\prompt_toolkit\\validation.py', reloading
[ 2023-11-06 18:15:54,689 ] 224 werkzeug - INFO -  * Detected change in 'c:\\users\\suja4\\onedrive\\documents\\datascience\\diamondprice\\venv\\Lib\\site-packages\\prompt_toolkit\\validation.py', reloading
[ 2023-11-06 18:15:54,695 ] 224 werkzeug - INFO -  * Detected change in 'c:\\users\\suja4\\onedrive\\documents\\datascience\\diamondprice\\venv\\Lib\\site-packages\\prompt_toolkit\\win32_types.py', reloading
[ 2023-11-06 18:15:54,696 ] 224 werkzeug - INFO -  * Detected change in 'c:\\Users\\Suja4\\OneDrive\\Documents\\DataScience\\Diamondprice\\venv\\Lib\\site-packages\\prompt_toolkit\\win32_types.py', reloading
[ 2023-11-06 18:15:54,701 ] 224 werkzeug - INFO -  * Detected change in 'c:\\Users\\Suja4\\OneDrive\\Documents\\DataScience\\Diamondprice\\venv\\Lib\\site-packages\\prompt_toolkit\\application\\application.py', reloading
[ 2023-11-06 18:15:54,702 ] 224 werkzeug - INFO -  * Detected change in 'c:\\users\\suja4\\onedrive\\documents\\datascience\\diamondprice\\venv\\Lib\\site-packages\\prompt_toolkit\\application\\application.py', reloading
[ 2023-11-06 18:15:54,850 ] 224 werkzeug - INFO -  * Detected change in 'C:\\Users\\Suja4\\anaconda3\\anacondanew\\Lib\\site-packages\\prompt_toolkit\\key_binding\\key_bindings.py', reloading
[ 2023-11-06 18:15:54,858 ] 224 werkzeug - INFO -  * Detected change in 'C:\\Users\\Suja4\\anaconda3\\anacondanew\\Lib\\site-packages\\prompt_toolkit\\layout\\containers.py', reloading
[ 2023-11-06 18:15:54,899 ] 224 werkzeug - INFO -  * Detected change in 'C:\\Users\\Suja4\\anaconda3\\anacondanew\\Lib\\site-packages\\prompt_toolkit\\layout\\dimension.py', reloading
[ 2023-11-06 18:15:54,910 ] 224 werkzeug - INFO -  * Detected change in 'C:\\Users\\Suja4\\anaconda3\\anacondanew\\Lib\\site-packages\\prompt_toolkit\\key_binding\\bindings\\page_navigation.py', reloading
[ 2023-11-06 18:15:54,916 ] 224 werkzeug - INFO -  * Detected change in 'C:\\Users\\Suja4\\anaconda3\\anacondanew\\Lib\\site-packages\\prompt_toolkit\\key_binding\\defaults.py', reloading
[ 2023-11-06 18:15:54,965 ] 224 werkzeug - INFO -  * Detected change in 'C:\\Users\\Suja4\\anaconda3\\anacondanew\\Lib\\site-packages\\prompt_toolkit\\key_binding\\__init__.py', reloading
[ 2023-11-06 18:15:54,986 ] 224 werkzeug - INFO -  * Detected change in 'C:\\Users\\Suja4\\anaconda3\\anacondanew\\Lib\\site-packages\\prompt_toolkit\\layout\\controls.py', reloading
[ 2023-11-06 18:15:55,009 ] 224 werkzeug - INFO -  * Detected change in 'C:\\Users\\Suja4\\anaconda3\\anacondanew\\Lib\\site-packages\\prompt_toolkit\\key_binding\\key_processor.py', reloading
[ 2023-11-06 18:15:55,025 ] 224 werkzeug - INFO -  * Detected change in 'C:\\Users\\Suja4\\anaconda3\\anacondanew\\Lib\\site-packages\\prompt_toolkit\\formatted_text\\base.py', reloading
[ 2023-11-06 18:15:55,033 ] 224 werkzeug - INFO -  * Detected change in 'C:\\Users\\Suja4\\anaconda3\\anacondanew\\Lib\\site-packages\\prompt_toolkit\\mouse_events.py', reloading
[ 2023-11-06 18:15:55,041 ] 224 werkzeug - INFO -  * Detected change in 'C:\\Users\\Suja4\\anaconda3\\anacondanew\\Lib\\site-packages\\prompt_toolkit\\lexers\\__init__.py', reloading
[ 2023-11-06 18:15:55,047 ] 224 werkzeug - INFO -  * Detected change in 'C:\\Users\\Suja4\\anaconda3\\anacondanew\\Lib\\site-packages\\prompt_toolkit\\lexers\\base.py', reloading
[ 2023-11-06 18:15:55,053 ] 224 werkzeug - INFO -  * Detected change in 'C:\\Users\\Suja4\\anaconda3\\anacondanew\\Lib\\site-packages\\prompt_toolkit\\validation.py', reloading
[ 2023-11-06 18:15:55,059 ] 224 werkzeug - INFO -  * Detected change in 'C:\\Users\\Suja4\\anaconda3\\anacondanew\\Lib\\site-packages\\prompt_toolkit\\completion\\__init__.py', reloading
[ 2023-11-06 18:15:55,065 ] 224 werkzeug - INFO -  * Detected change in 'C:\\Users\\Suja4\\anaconda3\\anacondanew\\Lib\\site-packages\\prompt_toolkit\\completion\\base.py', reloading
[ 2023-11-06 18:15:55,077 ] 224 werkzeug - INFO -  * Detected change in 'C:\\Users\\Suja4\\anaconda3\\anacondanew\\Lib\\site-packages\\prompt_toolkit\\auto_suggest.py', reloading
[ 2023-11-06 18:15:55,085 ] 224 werkzeug - INFO -  * Detected change in 'C:\\Users\\Suja4\\anaconda3\\anacondanew\\Lib\\site-packages\\prompt_toolkit\\cursor_shapes.py', reloading
[ 2023-11-06 18:15:55,092 ] 224 werkzeug - INFO -  * Detected change in 'C:\\Users\\Suja4\\anaconda3\\anacondanew\\Lib\\site-packages\\prompt_toolkit\\layout\\processors.py', reloading
[ 2023-11-06 18:15:55,111 ] 224 werkzeug - INFO -  * Detected change in 'C:\\Users\\Suja4\\anaconda3\\anacondanew\\Lib\\site-packages\\prompt_toolkit\\input\\base.py', reloading
[ 2023-11-06 18:15:55,127 ] 224 werkzeug - INFO -  * Detected change in 'c:\\Users\\Suja4\\OneDrive\\Documents\\DataScience\\Diamondprice\\venv\\Lib\\site-packages\\prompt_toolkit\\application\\dummy.py', reloading
[ 2023-11-06 18:15:55,128 ] 224 werkzeug - INFO -  * Detected change in 'c:\\users\\suja4\\onedrive\\documents\\datascience\\diamondprice\\venv\\Lib\\site-packages\\prompt_toolkit\\application\\dummy.py', reloading
[ 2023-11-06 18:15:55,142 ] 224 werkzeug - INFO -  * Detected change in 'c:\\users\\suja4\\onedrive\\documents\\datascience\\diamondprice\\venv\\Lib\\site-packages\\prompt_toolkit\\application\\run_in_terminal.py', reloading
[ 2023-11-06 18:15:55,143 ] 224 werkzeug - INFO -  * Detected change in 'c:\\Users\\Suja4\\OneDrive\\Documents\\DataScience\\Diamondprice\\venv\\Lib\\site-packages\\prompt_toolkit\\application\\run_in_terminal.py', reloading
[ 2023-11-06 18:15:55,149 ] 224 werkzeug - INFO -  * Detected change in 'c:\\users\\suja4\\onedrive\\documents\\datascience\\diamondprice\\venv\\Lib\\site-packages\\prompt_toolkit\\clipboard\\__init__.py', reloading
[ 2023-11-06 18:15:55,149 ] 224 werkzeug - INFO -  * Detected change in 'c:\\Users\\Suja4\\OneDrive\\Documents\\DataScience\\Diamondprice\\venv\\Lib\\site-packages\\prompt_toolkit\\clipboard\\__init__.py', reloading
[ 2023-11-06 18:15:55,153 ] 224 werkzeug - INFO -  * Detected change in 'c:\\Users\\Suja4\\OneDrive\\Documents\\DataScience\\Diamondprice\\venv\\Lib\\site-packages\\prompt_toolkit\\clipboard\\base.py', reloading
[ 2023-11-06 18:15:55,153 ] 224 werkzeug - INFO -  * Detected change in 'c:\\users\\suja4\\onedrive\\documents\\datascience\\diamondprice\\venv\\Lib\\site-packages\\prompt_toolkit\\clipboard\\base.py', reloading
[ 2023-11-06 18:15:55,157 ] 224 werkzeug - INFO -  * Detected change in 'c:\\Users\\Suja4\\OneDrive\\Documents\\DataScience\\Diamondprice\\venv\\Lib\\site-packages\\prompt_toolkit\\clipboard\\in_memory.py', reloading
[ 2023-11-06 18:15:55,157 ] 224 werkzeug - INFO -  * Detected change in 'c:\\users\\suja4\\onedrive\\documents\\datascience\\diamondprice\\venv\\Lib\\site-packages\\prompt_toolkit\\clipboard\\in_memory.py', reloading
[ 2023-11-06 18:15:55,163 ] 224 werkzeug - INFO -  * Detected change in 'c:\\Users\\Suja4\\OneDrive\\Documents\\DataScience\\Diamondprice\\venv\\Lib\\site-packages\\prompt_toolkit\\clipboard\\pyperclip.py', reloading
[ 2023-11-06 18:15:55,163 ] 224 werkzeug - INFO -  * Detected change in 'c:\\users\\suja4\\onedrive\\documents\\datascience\\diamondprice\\venv\\Lib\\site-packages\\prompt_toolkit\\clipboard\\pyperclip.py', reloading
[ 2023-11-06 18:15:55,168 ] 224 werkzeug - INFO -  * Detected change in 'c:\\Users\\Suja4\\OneDrive\\Documents\\DataScience\\Diamondprice\\venv\\Lib\\site-packages\\prompt_toolkit\\completion\\__init__.py', reloading
[ 2023-11-06 18:15:55,168 ] 224 werkzeug - INFO -  * Detected change in 'c:\\users\\suja4\\onedrive\\documents\\datascience\\diamondprice\\venv\\Lib\\site-packages\\prompt_toolkit\\completion\\__init__.py', reloading
[ 2023-11-06 18:15:55,173 ] 224 werkzeug - INFO -  * Detected change in 'c:\\users\\suja4\\onedrive\\documents\\datascience\\diamondprice\\venv\\Lib\\site-packages\\prompt_toolkit\\completion\\base.py', reloading
[ 2023-11-06 18:15:55,174 ] 224 werkzeug - INFO -  * Detected change in 'c:\\Users\\Suja4\\OneDrive\\Documents\\DataScience\\Diamondprice\\venv\\Lib\\site-packages\\prompt_toolkit\\completion\\base.py', reloading
[ 2023-11-06 18:15:55,186 ] 224 werkzeug - INFO -  * Detected change in 'c:\\users\\suja4\\onedrive\\documents\\datascience\\diamondprice\\venv\\Lib\\site-packages\\prompt_toolkit\\completion\\deduplicate.py', reloading
[ 2023-11-06 18:15:55,186 ] 224 werkzeug - INFO -  * Detected change in 'c:\\Users\\Suja4\\OneDrive\\Documents\\DataScience\\Diamondprice\\venv\\Lib\\site-packages\\prompt_toolkit\\completion\\deduplicate.py', reloading
[ 2023-11-06 18:15:55,193 ] 224 werkzeug - INFO -  * Detected change in 'c:\\Users\\Suja4\\OneDrive\\Documents\\DataScience\\Diamondprice\\venv\\Lib\\site-packages\\prompt_toolkit\\completion\\filesystem.py', reloading
[ 2023-11-06 18:15:55,194 ] 224 werkzeug - INFO -  * Detected change in 'c:\\users\\suja4\\onedrive\\documents\\datascience\\diamondprice\\venv\\Lib\\site-packages\\prompt_toolkit\\completion\\filesystem.py', reloading
[ 2023-11-06 18:15:55,203 ] 224 werkzeug - INFO -  * Detected change in 'c:\\Users\\Suja4\\OneDrive\\Documents\\DataScience\\Diamondprice\\venv\\Lib\\site-packages\\prompt_toolkit\\completion\\fuzzy_completer.py', reloading
[ 2023-11-06 18:15:55,203 ] 224 werkzeug - INFO -  * Detected change in 'c:\\users\\suja4\\onedrive\\documents\\datascience\\diamondprice\\venv\\Lib\\site-packages\\prompt_toolkit\\completion\\fuzzy_completer.py', reloading
[ 2023-11-06 18:15:55,211 ] 224 werkzeug - INFO -  * Detected change in 'c:\\Users\\Suja4\\OneDrive\\Documents\\DataScience\\Diamondprice\\venv\\Lib\\site-packages\\prompt_toolkit\\completion\\nested.py', reloading
[ 2023-11-06 18:15:55,211 ] 224 werkzeug - INFO -  * Detected change in 'c:\\users\\suja4\\onedrive\\documents\\datascience\\diamondprice\\venv\\Lib\\site-packages\\prompt_toolkit\\completion\\nested.py', reloading
[ 2023-11-06 18:15:55,227 ] 224 werkzeug - INFO -  * Detected change in 'c:\\Users\\Suja4\\OneDrive\\Documents\\DataScience\\Diamondprice\\venv\\Lib\\site-packages\\prompt_toolkit\\completion\\word_completer.py', reloading
[ 2023-11-06 18:15:55,227 ] 224 werkzeug - INFO -  * Detected change in 'c:\\users\\suja4\\onedrive\\documents\\datascience\\diamondprice\\venv\\Lib\\site-packages\\prompt_toolkit\\completion\\word_completer.py', reloading
[ 2023-11-06 18:15:55,236 ] 224 werkzeug - INFO -  * Detected change in 'c:\\Users\\Suja4\\OneDrive\\Documents\\DataScience\\Diamondprice\\venv\\Lib\\site-packages\\prompt_toolkit\\contrib\\__init__.py', reloading
[ 2023-11-06 18:15:55,237 ] 224 werkzeug - INFO -  * Detected change in 'c:\\users\\suja4\\onedrive\\documents\\datascience\\diamondprice\\venv\\Lib\\site-packages\\prompt_toolkit\\contrib\\__init__.py', reloading
[ 2023-11-06 18:15:55,238 ] 224 werkzeug - INFO -  * Detected change in 'c:\\users\\suja4\\onedrive\\documents\\datascience\\diamondprice\\venv\\Lib\\site-packages\\prompt_toolkit\\contrib\\completers\\__init__.py', reloading
[ 2023-11-06 18:15:55,239 ] 224 werkzeug - INFO -  * Detected change in 'c:\\Users\\Suja4\\OneDrive\\Documents\\DataScience\\Diamondprice\\venv\\Lib\\site-packages\\prompt_toolkit\\contrib\\completers\\__init__.py', reloading
[ 2023-11-06 18:15:55,244 ] 224 werkzeug - INFO -  * Detected change in 'c:\\Users\\Suja4\\OneDrive\\Documents\\DataScience\\Diamondprice\\venv\\Lib\\site-packages\\prompt_toolkit\\contrib\\completers\\system.py', reloading
[ 2023-11-06 18:15:55,244 ] 224 werkzeug - INFO -  * Detected change in 'c:\\users\\suja4\\onedrive\\documents\\datascience\\diamondprice\\venv\\Lib\\site-packages\\prompt_toolkit\\contrib\\completers\\system.py', reloading
[ 2023-11-06 18:15:55,250 ] 224 werkzeug - INFO -  * Detected change in 'c:\\Users\\Suja4\\OneDrive\\Documents\\DataScience\\Diamondprice\\venv\\Lib\\site-packages\\prompt_toolkit\\contrib\\regular_languages\\__init__.py', reloading
[ 2023-11-06 18:15:55,251 ] 224 werkzeug - INFO -  * Detected change in 'c:\\users\\suja4\\onedrive\\documents\\datascience\\diamondprice\\venv\\Lib\\site-packages\\prompt_toolkit\\contrib\\regular_languages\\__init__.py', reloading
[ 2023-11-06 18:15:55,256 ] 224 werkzeug - INFO -  * Detected change in 'c:\\users\\suja4\\onedrive\\documents\\datascience\\diamondprice\\venv\\Lib\\site-packages\\prompt_toolkit\\contrib\\regular_languages\\compiler.py', reloading
[ 2023-11-06 18:15:55,256 ] 224 werkzeug - INFO -  * Detected change in 'c:\\Users\\Suja4\\OneDrive\\Documents\\DataScience\\Diamondprice\\venv\\Lib\\site-packages\\prompt_toolkit\\contrib\\regular_languages\\compiler.py', reloading
[ 2023-11-06 18:15:55,284 ] 224 werkzeug - INFO -  * Detected change in 'c:\\Users\\Suja4\\OneDrive\\Documents\\DataScience\\Diamondprice\\venv\\Lib\\site-packages\\prompt_toolkit\\contrib\\regular_languages\\completion.py', reloading
[ 2023-11-06 18:15:55,284 ] 224 werkzeug - INFO -  * Detected change in 'c:\\users\\suja4\\onedrive\\documents\\datascience\\diamondprice\\venv\\Lib\\site-packages\\prompt_toolkit\\contrib\\regular_languages\\completion.py', reloading
[ 2023-11-06 18:15:55,301 ] 224 werkzeug - INFO -  * Detected change in 'c:\\Users\\Suja4\\OneDrive\\Documents\\DataScience\\Diamondprice\\venv\\Lib\\site-packages\\prompt_toolkit\\contrib\\regular_languages\\lexer.py', reloading
[ 2023-11-06 18:15:55,301 ] 224 werkzeug - INFO -  * Detected change in 'c:\\users\\suja4\\onedrive\\documents\\datascience\\diamondprice\\venv\\Lib\\site-packages\\prompt_toolkit\\contrib\\regular_languages\\lexer.py', reloading
[ 2023-11-06 18:15:55,329 ] 224 werkzeug - INFO -  * Detected change in 'c:\\Users\\Suja4\\OneDrive\\Documents\\DataScience\\Diamondprice\\venv\\Lib\\site-packages\\prompt_toolkit\\contrib\\regular_languages\\regex_parser.py', reloading
[ 2023-11-06 18:15:55,331 ] 224 werkzeug - INFO -  * Detected change in 'c:\\users\\suja4\\onedrive\\documents\\datascience\\diamondprice\\venv\\Lib\\site-packages\\prompt_toolkit\\contrib\\regular_languages\\regex_parser.py', reloading
[ 2023-11-06 18:15:55,348 ] 224 werkzeug - INFO -  * Detected change in 'c:\\Users\\Suja4\\OneDrive\\Documents\\DataScience\\Diamondprice\\venv\\Lib\\site-packages\\prompt_toolkit\\contrib\\regular_languages\\validation.py', reloading
[ 2023-11-06 18:15:55,348 ] 224 werkzeug - INFO -  * Detected change in 'c:\\users\\suja4\\onedrive\\documents\\datascience\\diamondprice\\venv\\Lib\\site-packages\\prompt_toolkit\\contrib\\regular_languages\\validation.py', reloading
[ 2023-11-06 18:15:55,362 ] 224 werkzeug - INFO -  * Detected change in 'c:\\Users\\Suja4\\OneDrive\\Documents\\DataScience\\Diamondprice\\venv\\Lib\\site-packages\\prompt_toolkit\\contrib\\ssh\\__init__.py', reloading
[ 2023-11-06 18:15:55,363 ] 224 werkzeug - INFO -  * Detected change in 'c:\\users\\suja4\\onedrive\\documents\\datascience\\diamondprice\\venv\\Lib\\site-packages\\prompt_toolkit\\contrib\\ssh\\__init__.py', reloading
[ 2023-11-06 18:15:55,368 ] 224 werkzeug - INFO -  * Detected change in 'c:\\Users\\Suja4\\OneDrive\\Documents\\DataScience\\Diamondprice\\venv\\Lib\\site-packages\\prompt_toolkit\\contrib\\ssh\\server.py', reloading
[ 2023-11-06 18:15:55,368 ] 224 werkzeug - INFO -  * Detected change in 'c:\\users\\suja4\\onedrive\\documents\\datascience\\diamondprice\\venv\\Lib\\site-packages\\prompt_toolkit\\contrib\\ssh\\server.py', reloading
[ 2023-11-06 18:15:55,401 ] 224 werkzeug - INFO -  * Detected change in 'C:\\Users\\Suja4\\anaconda3\\anacondanew\\Lib\\site-packages\\prompt_toolkit\\application\\current.py', reloading
[ 2023-11-06 18:15:55,422 ] 224 werkzeug - INFO -  * Detected change in 'c:\\Users\\Suja4\\OneDrive\\Documents\\DataScience\\Diamondprice\\venv\\Lib\\site-packages\\prompt_toolkit\\contrib\\telnet\\__init__.py', reloading
[ 2023-11-06 18:15:55,422 ] 224 werkzeug - INFO -  * Detected change in 'c:\\users\\suja4\\onedrive\\documents\\datascience\\diamondprice\\venv\\Lib\\site-packages\\prompt_toolkit\\contrib\\telnet\\__init__.py', reloading
[ 2023-11-06 18:15:55,426 ] 224 werkzeug - INFO -  * Detected change in 'c:\\Users\\Suja4\\OneDrive\\Documents\\DataScience\\Diamondprice\\venv\\Lib\\site-packages\\prompt_toolkit\\contrib\\telnet\\log.py', reloading
[ 2023-11-06 18:15:55,426 ] 224 werkzeug - INFO -  * Detected change in 'c:\\users\\suja4\\onedrive\\documents\\datascience\\diamondprice\\venv\\Lib\\site-packages\\prompt_toolkit\\contrib\\telnet\\log.py', reloading
[ 2023-11-06 18:15:55,429 ] 224 werkzeug - INFO -  * Detected change in 'c:\\Users\\Suja4\\OneDrive\\Documents\\DataScience\\Diamondprice\\venv\\Lib\\site-packages\\prompt_toolkit\\contrib\\telnet\\protocol.py', reloading
[ 2023-11-06 18:15:55,429 ] 224 werkzeug - INFO -  * Detected change in 'c:\\users\\suja4\\onedrive\\documents\\datascience\\diamondprice\\venv\\Lib\\site-packages\\prompt_toolkit\\contrib\\telnet\\protocol.py', reloading
[ 2023-11-06 18:15:55,447 ] 224 werkzeug - INFO -  * Detected change in 'c:\\Users\\Suja4\\OneDrive\\Documents\\DataScience\\Diamondprice\\venv\\Lib\\site-packages\\prompt_toolkit\\contrib\\telnet\\server.py', reloading
[ 2023-11-06 18:15:55,447 ] 224 werkzeug - INFO -  * Detected change in 'c:\\users\\suja4\\onedrive\\documents\\datascience\\diamondprice\\venv\\Lib\\site-packages\\prompt_toolkit\\contrib\\telnet\\server.py', reloading
[ 2023-11-06 18:15:55,477 ] 224 werkzeug - INFO -  * Detected change in 'c:\\Users\\Suja4\\OneDrive\\Documents\\DataScience\\Diamondprice\\venv\\Lib\\site-packages\\prompt_toolkit\\eventloop\\__init__.py', reloading
[ 2023-11-06 18:15:55,478 ] 224 werkzeug - INFO -  * Detected change in 'c:\\users\\suja4\\onedrive\\documents\\datascience\\diamondprice\\venv\\Lib\\site-packages\\prompt_toolkit\\eventloop\\__init__.py', reloading
[ 2023-11-06 18:15:55,481 ] 224 werkzeug - INFO -  * Detected change in 'c:\\Users\\Suja4\\OneDrive\\Documents\\DataScience\\Diamondprice\\venv\\Lib\\site-packages\\prompt_toolkit\\eventloop\\async_generator.py', reloading
[ 2023-11-06 18:15:55,481 ] 224 werkzeug - INFO -  * Detected change in 'c:\\users\\suja4\\onedrive\\documents\\datascience\\diamondprice\\venv\\Lib\\site-packages\\prompt_toolkit\\eventloop\\async_generator.py', reloading
[ 2023-11-06 18:15:55,488 ] 224 werkzeug - INFO -  * Detected change in 'c:\\users\\suja4\\onedrive\\documents\\datascience\\diamondprice\\venv\\Lib\\site-packages\\prompt_toolkit\\eventloop\\inputhook.py', reloading
[ 2023-11-06 18:15:55,488 ] 224 werkzeug - INFO -  * Detected change in 'c:\\Users\\Suja4\\OneDrive\\Documents\\DataScience\\Diamondprice\\venv\\Lib\\site-packages\\prompt_toolkit\\eventloop\\inputhook.py', reloading
[ 2023-11-06 18:15:55,513 ] 224 werkzeug - INFO -  * Detected change in 'c:\\Users\\Suja4\\OneDrive\\Documents\\DataScience\\Diamondprice\\venv\\Lib\\site-packages\\prompt_toolkit\\eventloop\\utils.py', reloading
[ 2023-11-06 18:15:55,513 ] 224 werkzeug - INFO -  * Detected change in 'c:\\users\\suja4\\onedrive\\documents\\datascience\\diamondprice\\venv\\Lib\\site-packages\\prompt_toolkit\\eventloop\\utils.py', reloading
[ 2023-11-06 18:15:55,525 ] 224 werkzeug - INFO -  * Detected change in 'c:\\Users\\Suja4\\OneDrive\\Documents\\DataScience\\Diamondprice\\venv\\Lib\\site-packages\\prompt_toolkit\\eventloop\\win32.py', reloading
[ 2023-11-06 18:15:55,526 ] 224 werkzeug - INFO -  * Detected change in 'c:\\users\\suja4\\onedrive\\documents\\datascience\\diamondprice\\venv\\Lib\\site-packages\\prompt_toolkit\\eventloop\\win32.py', reloading
[ 2023-11-06 18:15:55,545 ] 224 werkzeug - INFO -  * Detected change in 'c:\\Users\\Suja4\\OneDrive\\Documents\\DataScience\\Diamondprice\\venv\\Lib\\site-packages\\prompt_toolkit\\filters\\__init__.py', reloading
[ 2023-11-06 18:15:55,545 ] 224 werkzeug - INFO -  * Detected change in 'c:\\users\\suja4\\onedrive\\documents\\datascience\\diamondprice\\venv\\Lib\\site-packages\\prompt_toolkit\\filters\\__init__.py', reloading
[ 2023-11-06 18:15:55,550 ] 224 werkzeug - INFO -  * Detected change in 'c:\\users\\suja4\\onedrive\\documents\\datascience\\diamondprice\\venv\\Lib\\site-packages\\prompt_toolkit\\filters\\app.py', reloading
[ 2023-11-06 18:15:55,550 ] 224 werkzeug - INFO -  * Detected change in 'c:\\Users\\Suja4\\OneDrive\\Documents\\DataScience\\Diamondprice\\venv\\Lib\\site-packages\\prompt_toolkit\\filters\\app.py', reloading
[ 2023-11-06 18:15:55,565 ] 224 werkzeug - INFO -  * Detected change in 'c:\\users\\suja4\\onedrive\\documents\\datascience\\diamondprice\\venv\\Lib\\site-packages\\prompt_toolkit\\filters\\cli.py', reloading
[ 2023-11-06 18:15:55,565 ] 224 werkzeug - INFO -  * Detected change in 'c:\\Users\\Suja4\\OneDrive\\Documents\\DataScience\\Diamondprice\\venv\\Lib\\site-packages\\prompt_toolkit\\filters\\cli.py', reloading
[ 2023-11-06 18:15:55,571 ] 224 werkzeug - INFO -  * Detected change in 'c:\\Users\\Suja4\\OneDrive\\Documents\\DataScience\\Diamondprice\\venv\\Lib\\site-packages\\prompt_toolkit\\filters\\base.py', reloading
[ 2023-11-06 18:15:55,572 ] 224 werkzeug - INFO -  * Detected change in 'c:\\users\\suja4\\onedrive\\documents\\datascience\\diamondprice\\venv\\Lib\\site-packages\\prompt_toolkit\\filters\\base.py', reloading
[ 2023-11-06 18:15:55,587 ] 224 werkzeug - INFO -  * Detected change in 'C:\\Users\\Suja4\\anaconda3\\anacondanew\\Lib\\site-packages\\prompt_toolkit\\cache.py', reloading
[ 2023-11-06 18:15:55,603 ] 224 werkzeug - INFO -  * Detected change in 'c:\\Users\\Suja4\\OneDrive\\Documents\\DataScience\\Diamondprice\\venv\\Lib\\site-packages\\prompt_toolkit\\filters\\utils.py', reloading
[ 2023-11-06 18:15:55,604 ] 224 werkzeug - INFO -  * Detected change in 'c:\\users\\suja4\\onedrive\\documents\\datascience\\diamondprice\\venv\\Lib\\site-packages\\prompt_toolkit\\filters\\utils.py', reloading
[ 2023-11-06 18:15:55,608 ] 224 werkzeug - INFO -  * Detected change in 'c:\\users\\suja4\\onedrive\\documents\\datascience\\diamondprice\\venv\\Lib\\site-packages\\prompt_toolkit\\formatted_text\\__init__.py', reloading
[ 2023-11-06 18:15:55,609 ] 224 werkzeug - INFO -  * Detected change in 'c:\\Users\\Suja4\\OneDrive\\Documents\\DataScience\\Diamondprice\\venv\\Lib\\site-packages\\prompt_toolkit\\formatted_text\\__init__.py', reloading
