[ 2023-11-06 18:15:57,747 ] 148 numexpr.utils - INFO - Note: NumExpr detected 12 cores but "NUMEXPR_MAX_THREADS" not set, so enforcing safe limit of 8.
[ 2023-11-06 18:15:57,747 ] 160 numexpr.utils - INFO - NumExpr defaulting to 8 threads.
[ 2023-11-06 18:15:59,616 ] 224 werkzeug - WARNING -  * Debugger is active!
[ 2023-11-06 18:15:59,618 ] 224 werkzeug - INFO -  * Debugger PIN: 901-655-976
[ 2023-11-06 18:15:59,642 ] 224 werkzeug - INFO -  * Detected change in 'c:\\users\\suja4\\onedrive\\documents\\datascience\\diamondprice\\venv\\Lib\\site-packages\\pygments\\lexers\\other.py', reloading
[ 2023-11-06 18:15:59,642 ] 224 werkzeug - INFO -  * Detected change in 'c:\\Users\\Suja4\\OneDrive\\Documents\\DataScience\\Diamondprice\\venv\\Lib\\site-packages\\pygments\\lexers\\other.py', reloading
[ 2023-11-06 18:15:59,646 ] 224 werkzeug - INFO -  * Detected change in 'c:\\Users\\Suja4\\OneDrive\\Documents\\DataScience\\Diamondprice\\venv\\Lib\\site-packages\\pygments\\lexers\\parasail.py', reloading
[ 2023-11-06 18:15:59,646 ] 224 werkzeug - INFO -  * Detected change in 'c:\\users\\suja4\\onedrive\\documents\\datascience\\diamondprice\\venv\\Lib\\site-packages\\pygments\\lexers\\parasail.py', reloading
[ 2023-11-06 18:15:59,649 ] 224 werkzeug - INFO -  * Detected change in 'c:\\users\\suja4\\onedrive\\documents\\datascience\\diamondprice\\venv\\Lib\\site-packages\\pygments\\lexers\\parsers.py', reloading
[ 2023-11-06 18:15:59,649 ] 224 werkzeug - INFO -  * Detected change in 'c:\\Users\\Suja4\\OneDrive\\Documents\\DataScience\\Diamondprice\\venv\\Lib\\site-packages\\pygments\\lexers\\parsers.py', reloading
[ 2023-11-06 18:15:59,652 ] 224 werkzeug - INFO -  * Detected change in 'c:\\users\\suja4\\onedrive\\documents\\datascience\\diamondprice\\venv\\Lib\\site-packages\\pygments\\lexers\\pascal.py', reloading
[ 2023-11-06 18:15:59,652 ] 224 werkzeug - INFO -  * Detected change in 'c:\\Users\\Suja4\\OneDrive\\Documents\\DataScience\\Diamondprice\\venv\\Lib\\site-packages\\pygments\\lexers\\pascal.py', reloading
[ 2023-11-06 18:15:59,691 ] 224 werkzeug - INFO -  * Detected change in 'c:\\users\\suja4\\onedrive\\documents\\datascience\\diamondprice\\venv\\Lib\\site-packages\\pygments\\lexers\\pawn.py', reloading
[ 2023-11-06 18:15:59,691 ] 224 werkzeug - INFO -  * Detected change in 'c:\\Users\\Suja4\\OneDrive\\Documents\\DataScience\\Diamondprice\\venv\\Lib\\site-packages\\pygments\\lexers\\pawn.py', reloading
[ 2023-11-06 18:15:59,694 ] 224 werkzeug - INFO -  * Detected change in 'c:\\users\\suja4\\onedrive\\documents\\datascience\\diamondprice\\venv\\Lib\\site-packages\\pygments\\lexers\\perl.py', reloading
[ 2023-11-06 18:15:59,694 ] 224 werkzeug - INFO -  * Detected change in 'c:\\Users\\Suja4\\OneDrive\\Documents\\DataScience\\Diamondprice\\venv\\Lib\\site-packages\\pygments\\lexers\\perl.py', reloading
[ 2023-11-06 18:15:59,711 ] 224 werkzeug - INFO -  * Detected change in 'c:\\users\\suja4\\onedrive\\documents\\datascience\\diamondprice\\venv\\Lib\\site-packages\\pygments\\lexers\\phix.py', reloading
[ 2023-11-06 18:15:59,712 ] 224 werkzeug - INFO -  * Detected change in 'c:\\Users\\Suja4\\OneDrive\\Documents\\DataScience\\Diamondprice\\venv\\Lib\\site-packages\\pygments\\lexers\\phix.py', reloading
[ 2023-11-06 18:15:59,720 ] 224 werkzeug - INFO -  * Detected change in 'c:\\users\\suja4\\onedrive\\documents\\datascience\\diamondprice\\venv\\Lib\\site-packages\\pygments\\lexers\\php.py', reloading
[ 2023-11-06 18:15:59,721 ] 224 werkzeug - INFO -  * Detected change in 'c:\\Users\\Suja4\\OneDrive\\Documents\\DataScience\\Diamondprice\\venv\\Lib\\site-packages\\pygments\\lexers\\php.py', reloading
[ 2023-11-06 18:15:59,737 ] 224 werkzeug - INFO -  * Detected change in 'c:\\users\\suja4\\onedrive\\documents\\datascience\\diamondprice\\venv\\Lib\\site-packages\\pygments\\lexers\\pointless.py', reloading
[ 2023-11-06 18:15:59,738 ] 224 werkzeug - INFO -  * Detected change in 'c:\\Users\\Suja4\\OneDrive\\Documents\\DataScience\\Diamondprice\\venv\\Lib\\site-packages\\pygments\\lexers\\pointless.py', reloading
[ 2023-11-06 18:15:59,742 ] 224 werkzeug - INFO -  * Detected change in 'c:\\users\\suja4\\onedrive\\documents\\datascience\\diamondprice\\venv\\Lib\\site-packages\\pygments\\lexers\\pony.py', reloading
[ 2023-11-06 18:15:59,742 ] 224 werkzeug - INFO -  * Detected change in 'c:\\Users\\Suja4\\OneDrive\\Documents\\DataScience\\Diamondprice\\venv\\Lib\\site-packages\\pygments\\lexers\\pony.py', reloading
[ 2023-11-06 18:15:59,748 ] 224 werkzeug - INFO -  * Detected change in 'c:\\Users\\Suja4\\OneDrive\\Documents\\DataScience\\Diamondprice\\venv\\Lib\\site-packages\\pygments\\lexers\\praat.py', reloading
[ 2023-11-06 18:15:59,749 ] 224 werkzeug - INFO -  * Detected change in 'c:\\users\\suja4\\onedrive\\documents\\datascience\\diamondprice\\venv\\Lib\\site-packages\\pygments\\lexers\\praat.py', reloading
[ 2023-11-06 18:15:59,757 ] 224 werkzeug - INFO -  * Detected change in 'c:\\users\\suja4\\onedrive\\documents\\datascience\\diamondprice\\venv\\Lib\\site-packages\\pygments\\lexers\\procfile.py', reloading
[ 2023-11-06 18:15:59,757 ] 224 werkzeug - INFO -  * Detected change in 'c:\\Users\\Suja4\\OneDrive\\Documents\\DataScience\\Diamondprice\\venv\\Lib\\site-packages\\pygments\\lexers\\procfile.py', reloading
[ 2023-11-06 18:15:59,760 ] 224 werkzeug - INFO -  * Detected change in 'c:\\users\\suja4\\onedrive\\documents\\datascience\\diamondprice\\venv\\Lib\\site-packages\\pygments\\lexers\\prolog.py', reloading
[ 2023-11-06 18:15:59,760 ] 224 werkzeug - INFO -  * Detected change in 'c:\\Users\\Suja4\\OneDrive\\Documents\\DataScience\\Diamondprice\\venv\\Lib\\site-packages\\pygments\\lexers\\prolog.py', reloading
[ 2023-11-06 18:15:59,764 ] 224 werkzeug - INFO -  * Detected change in 'c:\\users\\suja4\\onedrive\\documents\\datascience\\diamondprice\\venv\\Lib\\site-packages\\pygments\\lexers\\promql.py', reloading
[ 2023-11-06 18:15:59,765 ] 224 werkzeug - INFO -  * Detected change in 'c:\\Users\\Suja4\\OneDrive\\Documents\\DataScience\\Diamondprice\\venv\\Lib\\site-packages\\pygments\\lexers\\promql.py', reloading
[ 2023-11-06 18:15:59,769 ] 224 werkzeug - INFO -  * Detected change in 'c:\\users\\suja4\\onedrive\\documents\\datascience\\diamondprice\\venv\\Lib\\site-packages\\pygments\\lexers\\ptx.py', reloading
[ 2023-11-06 18:15:59,769 ] 224 werkzeug - INFO -  * Detected change in 'c:\\Users\\Suja4\\OneDrive\\Documents\\DataScience\\Diamondprice\\venv\\Lib\\site-packages\\pygments\\lexers\\ptx.py', reloading
[ 2023-11-06 18:15:59,776 ] 224 werkzeug - INFO -  * Detected change in 'c:\\Users\\Suja4\\OneDrive\\Documents\\DataScience\\Diamondprice\\venv\\Lib\\site-packages\\pygments\\lexers\\python.py', reloading
[ 2023-11-06 18:15:59,776 ] 224 werkzeug - INFO -  * Detected change in 'c:\\users\\suja4\\onedrive\\documents\\datascience\\diamondprice\\venv\\Lib\\site-packages\\pygments\\lexers\\python.py', reloading
[ 2023-11-06 18:15:59,790 ] 224 werkzeug - INFO -  * Detected change in 'c:\\Users\\Suja4\\OneDrive\\Documents\\DataScience\\Diamondprice\\venv\\Lib\\site-packages\\pygments\\lexers\\q.py', reloading
[ 2023-11-06 18:15:59,791 ] 224 werkzeug - INFO -  * Detected change in 'c:\\users\\suja4\\onedrive\\documents\\datascience\\diamondprice\\venv\\Lib\\site-packages\\pygments\\lexers\\q.py', reloading
[ 2023-11-06 18:15:59,793 ] 224 werkzeug - INFO -  * Detected change in 'c:\\users\\suja4\\onedrive\\documents\\datascience\\diamondprice\\venv\\Lib\\site-packages\\pygments\\lexers\\qlik.py', reloading
[ 2023-11-06 18:15:59,793 ] 224 werkzeug - INFO -  * Detected change in 'c:\\Users\\Suja4\\OneDrive\\Documents\\DataScience\\Diamondprice\\venv\\Lib\\site-packages\\pygments\\lexers\\qlik.py', reloading
[ 2023-11-06 18:15:59,798 ] 224 werkzeug - INFO -  * Detected change in 'c:\\users\\suja4\\onedrive\\documents\\datascience\\diamondprice\\venv\\Lib\\site-packages\\pygments\\lexers\\qvt.py', reloading
[ 2023-11-06 18:15:59,798 ] 224 werkzeug - INFO -  * Detected change in 'c:\\Users\\Suja4\\OneDrive\\Documents\\DataScience\\Diamondprice\\venv\\Lib\\site-packages\\pygments\\lexers\\qvt.py', reloading
[ 2023-11-06 18:15:59,805 ] 224 werkzeug - INFO -  * Detected change in 'c:\\Users\\Suja4\\OneDrive\\Documents\\DataScience\\Diamondprice\\venv\\Lib\\site-packages\\pygments\\lexers\\r.py', reloading
[ 2023-11-06 18:15:59,806 ] 224 werkzeug - INFO -  * Detected change in 'c:\\users\\suja4\\onedrive\\documents\\datascience\\diamondprice\\venv\\Lib\\site-packages\\pygments\\lexers\\r.py', reloading
[ 2023-11-06 18:15:59,812 ] 224 werkzeug - INFO -  * Detected change in 'c:\\users\\suja4\\onedrive\\documents\\datascience\\diamondprice\\venv\\Lib\\site-packages\\pygments\\lexers\\rdf.py', reloading
[ 2023-11-06 18:15:59,812 ] 224 werkzeug - INFO -  * Detected change in 'c:\\Users\\Suja4\\OneDrive\\Documents\\DataScience\\Diamondprice\\venv\\Lib\\site-packages\\pygments\\lexers\\rdf.py', reloading
[ 2023-11-06 18:15:59,819 ] 224 werkzeug - INFO -  * Detected change in 'c:\\Users\\Suja4\\OneDrive\\Documents\\DataScience\\Diamondprice\\venv\\Lib\\site-packages\\pygments\\lexers\\rebol.py', reloading
[ 2023-11-06 18:15:59,819 ] 224 werkzeug - INFO -  * Detected change in 'c:\\users\\suja4\\onedrive\\documents\\datascience\\diamondprice\\venv\\Lib\\site-packages\\pygments\\lexers\\rebol.py', reloading
[ 2023-11-06 18:15:59,827 ] 224 werkzeug - INFO -  * Detected change in 'c:\\users\\suja4\\onedrive\\documents\\datascience\\diamondprice\\venv\\Lib\\site-packages\\pygments\\lexers\\resource.py', reloading
[ 2023-11-06 18:15:59,828 ] 224 werkzeug - INFO -  * Detected change in 'c:\\Users\\Suja4\\OneDrive\\Documents\\DataScience\\Diamondprice\\venv\\Lib\\site-packages\\pygments\\lexers\\resource.py', reloading
[ 2023-11-06 18:15:59,833 ] 224 werkzeug - INFO -  * Detected change in 'c:\\users\\suja4\\onedrive\\documents\\datascience\\diamondprice\\venv\\Lib\\site-packages\\pygments\\lexers\\ride.py', reloading
[ 2023-11-06 18:15:59,833 ] 224 werkzeug - INFO -  * Detected change in 'c:\\Users\\Suja4\\OneDrive\\Documents\\DataScience\\Diamondprice\\venv\\Lib\\site-packages\\pygments\\lexers\\ride.py', reloading
[ 2023-11-06 18:15:59,838 ] 224 werkzeug - INFO -  * Detected change in 'c:\\users\\suja4\\onedrive\\documents\\datascience\\diamondprice\\venv\\Lib\\site-packages\\pygments\\lexers\\rita.py', reloading
[ 2023-11-06 18:15:59,838 ] 224 werkzeug - INFO -  * Detected change in 'c:\\Users\\Suja4\\OneDrive\\Documents\\DataScience\\Diamondprice\\venv\\Lib\\site-packages\\pygments\\lexers\\rita.py', reloading
[ 2023-11-06 18:15:59,844 ] 224 werkzeug - INFO -  * Detected change in 'c:\\users\\suja4\\onedrive\\documents\\datascience\\diamondprice\\venv\\Lib\\site-packages\\pygments\\lexers\\rnc.py', reloading
[ 2023-11-06 18:15:59,844 ] 224 werkzeug - INFO -  * Detected change in 'c:\\Users\\Suja4\\OneDrive\\Documents\\DataScience\\Diamondprice\\venv\\Lib\\site-packages\\pygments\\lexers\\rnc.py', reloading
[ 2023-11-06 18:15:59,848 ] 224 werkzeug - INFO -  * Detected change in 'c:\\users\\suja4\\onedrive\\documents\\datascience\\diamondprice\\venv\\Lib\\site-packages\\pygments\\lexers\\roboconf.py', reloading
[ 2023-11-06 18:15:59,848 ] 224 werkzeug - INFO -  * Detected change in 'c:\\Users\\Suja4\\OneDrive\\Documents\\DataScience\\Diamondprice\\venv\\Lib\\site-packages\\pygments\\lexers\\roboconf.py', reloading
[ 2023-11-06 18:15:59,851 ] 224 werkzeug - INFO -  * Detected change in 'c:\\users\\suja4\\onedrive\\documents\\datascience\\diamondprice\\venv\\Lib\\site-packages\\pygments\\lexers\\robotframework.py', reloading
[ 2023-11-06 18:15:59,851 ] 224 werkzeug - INFO -  * Detected change in 'c:\\Users\\Suja4\\OneDrive\\Documents\\DataScience\\Diamondprice\\venv\\Lib\\site-packages\\pygments\\lexers\\robotframework.py', reloading
[ 2023-11-06 18:15:59,862 ] 224 werkzeug - INFO -  * Detected change in 'c:\\Users\\Suja4\\OneDrive\\Documents\\DataScience\\Diamondprice\\venv\\Lib\\site-packages\\pygments\\lexers\\ruby.py', reloading
[ 2023-11-06 18:15:59,862 ] 224 werkzeug - INFO -  * Detected change in 'c:\\users\\suja4\\onedrive\\documents\\datascience\\diamondprice\\venv\\Lib\\site-packages\\pygments\\lexers\\ruby.py', reloading
[ 2023-11-06 18:15:59,877 ] 224 werkzeug - INFO -  * Detected change in 'c:\\Users\\Suja4\\OneDrive\\Documents\\DataScience\\Diamondprice\\venv\\Lib\\site-packages\\pygments\\lexers\\rust.py', reloading
[ 2023-11-06 18:15:59,877 ] 224 werkzeug - INFO -  * Detected change in 'c:\\users\\suja4\\onedrive\\documents\\datascience\\diamondprice\\venv\\Lib\\site-packages\\pygments\\lexers\\rust.py', reloading
[ 2023-11-06 18:15:59,881 ] 224 werkzeug - INFO -  * Detected change in 'c:\\users\\suja4\\onedrive\\documents\\datascience\\diamondprice\\venv\\Lib\\site-packages\\pygments\\lexers\\sas.py', reloading
[ 2023-11-06 18:15:59,881 ] 224 werkzeug - INFO -  * Detected change in 'c:\\Users\\Suja4\\OneDrive\\Documents\\DataScience\\Diamondprice\\venv\\Lib\\site-packages\\pygments\\lexers\\sas.py', reloading
[ 2023-11-06 18:15:59,887 ] 224 werkzeug - INFO -  * Detected change in 'c:\\users\\suja4\\onedrive\\documents\\datascience\\diamondprice\\venv\\Lib\\site-packages\\pygments\\lexers\\savi.py', reloading
[ 2023-11-06 18:15:59,887 ] 224 werkzeug - INFO -  * Detected change in 'c:\\Users\\Suja4\\OneDrive\\Documents\\DataScience\\Diamondprice\\venv\\Lib\\site-packages\\pygments\\lexers\\savi.py', reloading
[ 2023-11-06 18:15:59,891 ] 224 werkzeug - INFO -  * Detected change in 'c:\\Users\\Suja4\\OneDrive\\Documents\\DataScience\\Diamondprice\\venv\\Lib\\site-packages\\pygments\\lexers\\scdoc.py', reloading
[ 2023-11-06 18:15:59,891 ] 224 werkzeug - INFO -  * Detected change in 'c:\\users\\suja4\\onedrive\\documents\\datascience\\diamondprice\\venv\\Lib\\site-packages\\pygments\\lexers\\scdoc.py', reloading
[ 2023-11-06 18:15:59,895 ] 224 werkzeug - INFO -  * Detected change in 'c:\\Users\\Suja4\\OneDrive\\Documents\\DataScience\\Diamondprice\\venv\\Lib\\site-packages\\pygments\\lexers\\scripting.py', reloading
[ 2023-11-06 18:15:59,895 ] 224 werkzeug - INFO -  * Detected change in 'c:\\users\\suja4\\onedrive\\documents\\datascience\\diamondprice\\venv\\Lib\\site-packages\\pygments\\lexers\\scripting.py', reloading
[ 2023-11-06 18:15:59,921 ] 224 werkzeug - INFO -  * Detected change in 'c:\\users\\suja4\\onedrive\\documents\\datascience\\diamondprice\\venv\\Lib\\site-packages\\pygments\\lexers\\sgf.py', reloading
[ 2023-11-06 18:15:59,921 ] 224 werkzeug - INFO -  * Detected change in 'c:\\Users\\Suja4\\OneDrive\\Documents\\DataScience\\Diamondprice\\venv\\Lib\\site-packages\\pygments\\lexers\\sgf.py', reloading
[ 2023-11-06 18:15:59,925 ] 224 werkzeug - INFO -  * Detected change in 'c:\\users\\suja4\\onedrive\\documents\\datascience\\diamondprice\\venv\\Lib\\site-packages\\pygments\\lexers\\shell.py', reloading
[ 2023-11-06 18:15:59,925 ] 224 werkzeug - INFO -  * Detected change in 'c:\\Users\\Suja4\\OneDrive\\Documents\\DataScience\\Diamondprice\\venv\\Lib\\site-packages\\pygments\\lexers\\shell.py', reloading
[ 2023-11-06 18:15:59,942 ] 224 werkzeug - INFO -  * Detected change in 'c:\\users\\suja4\\onedrive\\documents\\datascience\\diamondprice\\venv\\Lib\\site-packages\\pygments\\lexers\\sieve.py', reloading
[ 2023-11-06 18:15:59,942 ] 224 werkzeug - INFO -  * Detected change in 'c:\\Users\\Suja4\\OneDrive\\Documents\\DataScience\\Diamondprice\\venv\\Lib\\site-packages\\pygments\\lexers\\sieve.py', reloading
[ 2023-11-06 18:15:59,945 ] 224 werkzeug - INFO -  * Detected change in 'c:\\users\\suja4\\onedrive\\documents\\datascience\\diamondprice\\venv\\Lib\\site-packages\\pygments\\lexers\\slash.py', reloading
[ 2023-11-06 18:15:59,946 ] 224 werkzeug - INFO -  * Detected change in 'c:\\Users\\Suja4\\OneDrive\\Documents\\DataScience\\Diamondprice\\venv\\Lib\\site-packages\\pygments\\lexers\\slash.py', reloading
[ 2023-11-06 18:15:59,948 ] 224 werkzeug - INFO -  * Detected change in 'c:\\users\\suja4\\onedrive\\documents\\datascience\\diamondprice\\venv\\Lib\\site-packages\\pygments\\lexers\\smalltalk.py', reloading
[ 2023-11-06 18:15:59,949 ] 224 werkzeug - INFO -  * Detected change in 'c:\\Users\\Suja4\\OneDrive\\Documents\\DataScience\\Diamondprice\\venv\\Lib\\site-packages\\pygments\\lexers\\smalltalk.py', reloading
[ 2023-11-06 18:15:59,951 ] 224 werkzeug - INFO -  * Detected change in 'c:\\users\\suja4\\onedrive\\documents\\datascience\\diamondprice\\venv\\Lib\\site-packages\\pygments\\lexers\\smithy.py', reloading
[ 2023-11-06 18:15:59,952 ] 224 werkzeug - INFO -  * Detected change in 'c:\\Users\\Suja4\\OneDrive\\Documents\\DataScience\\Diamondprice\\venv\\Lib\\site-packages\\pygments\\lexers\\smithy.py', reloading
[ 2023-11-06 18:15:59,957 ] 224 werkzeug - INFO -  * Detected change in 'c:\\Users\\Suja4\\OneDrive\\Documents\\DataScience\\Diamondprice\\venv\\Lib\\site-packages\\pygments\\lexers\\smv.py', reloading
[ 2023-11-06 18:15:59,957 ] 224 werkzeug - INFO -  * Detected change in 'c:\\users\\suja4\\onedrive\\documents\\datascience\\diamondprice\\venv\\Lib\\site-packages\\pygments\\lexers\\smv.py', reloading
[ 2023-11-06 18:15:59,961 ] 224 werkzeug - INFO -  * Detected change in 'c:\\Users\\Suja4\\OneDrive\\Documents\\DataScience\\Diamondprice\\venv\\Lib\\site-packages\\pygments\\lexers\\snobol.py', reloading
[ 2023-11-06 18:15:59,961 ] 224 werkzeug - INFO -  * Detected change in 'c:\\users\\suja4\\onedrive\\documents\\datascience\\diamondprice\\venv\\Lib\\site-packages\\pygments\\lexers\\snobol.py', reloading
[ 2023-11-06 18:15:59,966 ] 224 werkzeug - INFO -  * Detected change in 'c:\\users\\suja4\\onedrive\\documents\\datascience\\diamondprice\\venv\\Lib\\site-packages\\pygments\\lexers\\solidity.py', reloading
[ 2023-11-06 18:15:59,967 ] 224 werkzeug - INFO -  * Detected change in 'c:\\Users\\Suja4\\OneDrive\\Documents\\DataScience\\Diamondprice\\venv\\Lib\\site-packages\\pygments\\lexers\\solidity.py', reloading
[ 2023-11-06 18:15:59,976 ] 224 werkzeug - INFO -  * Detected change in 'c:\\Users\\Suja4\\OneDrive\\Documents\\DataScience\\Diamondprice\\venv\\Lib\\site-packages\\pygments\\lexers\\sophia.py', reloading
[ 2023-11-06 18:15:59,976 ] 224 werkzeug - INFO -  * Detected change in 'c:\\users\\suja4\\onedrive\\documents\\datascience\\diamondprice\\venv\\Lib\\site-packages\\pygments\\lexers\\sophia.py', reloading
[ 2023-11-06 18:15:59,979 ] 224 werkzeug - INFO -  * Detected change in 'c:\\Users\\Suja4\\OneDrive\\Documents\\DataScience\\Diamondprice\\venv\\Lib\\site-packages\\pygments\\lexers\\special.py', reloading
[ 2023-11-06 18:15:59,979 ] 224 werkzeug - INFO -  * Detected change in 'c:\\users\\suja4\\onedrive\\documents\\datascience\\diamondprice\\venv\\Lib\\site-packages\\pygments\\lexers\\special.py', reloading
[ 2023-11-06 18:15:59,985 ] 224 werkzeug - INFO -  * Detected change in 'c:\\users\\suja4\\onedrive\\documents\\datascience\\diamondprice\\venv\\Lib\\site-packages\\pygments\\lexers\\spice.py', reloading
[ 2023-11-06 18:15:59,986 ] 224 werkzeug - INFO -  * Detected change in 'c:\\Users\\Suja4\\OneDrive\\Documents\\DataScience\\Diamondprice\\venv\\Lib\\site-packages\\pygments\\lexers\\spice.py', reloading
[ 2023-11-06 18:15:59,990 ] 224 werkzeug - INFO -  * Detected change in 'c:\\Users\\Suja4\\OneDrive\\Documents\\DataScience\\Diamondprice\\venv\\Lib\\site-packages\\pygments\\lexers\\sql.py', reloading
[ 2023-11-06 18:15:59,990 ] 224 werkzeug - INFO -  * Detected change in 'c:\\users\\suja4\\onedrive\\documents\\datascience\\diamondprice\\venv\\Lib\\site-packages\\pygments\\lexers\\sql.py', reloading
[ 2023-11-06 18:16:00,020 ] 224 werkzeug - INFO -  * Detected change in 'c:\\users\\suja4\\onedrive\\documents\\datascience\\diamondprice\\venv\\Lib\\site-packages\\pygments\\lexers\\srcinfo.py', reloading
[ 2023-11-06 18:16:00,020 ] 224 werkzeug - INFO -  * Detected change in 'c:\\Users\\Suja4\\OneDrive\\Documents\\DataScience\\Diamondprice\\venv\\Lib\\site-packages\\pygments\\lexers\\srcinfo.py', reloading
[ 2023-11-06 18:16:00,025 ] 224 werkzeug - INFO -  * Detected change in 'c:\\users\\suja4\\onedrive\\documents\\datascience\\diamondprice\\venv\\Lib\\site-packages\\pygments\\lexers\\stata.py', reloading
[ 2023-11-06 18:16:00,026 ] 224 werkzeug - INFO -  * Detected change in 'c:\\Users\\Suja4\\OneDrive\\Documents\\DataScience\\Diamondprice\\venv\\Lib\\site-packages\\pygments\\lexers\\stata.py', reloading
[ 2023-11-06 18:16:00,053 ] 224 werkzeug - INFO -  * Detected change in 'c:\\users\\suja4\\onedrive\\documents\\datascience\\diamondprice\\venv\\Lib\\site-packages\\pygments\\lexers\\supercollider.py', reloading
[ 2023-11-06 18:16:00,054 ] 224 werkzeug - INFO -  * Detected change in 'c:\\Users\\Suja4\\OneDrive\\Documents\\DataScience\\Diamondprice\\venv\\Lib\\site-packages\\pygments\\lexers\\supercollider.py', reloading
[ 2023-11-06 18:16:00,061 ] 224 werkzeug - INFO -  * Detected change in 'c:\\users\\suja4\\onedrive\\documents\\datascience\\diamondprice\\venv\\Lib\\site-packages\\pygments\\lexers\\tal.py', reloading
[ 2023-11-06 18:16:00,061 ] 224 werkzeug - INFO -  * Detected change in 'c:\\Users\\Suja4\\OneDrive\\Documents\\DataScience\\Diamondprice\\venv\\Lib\\site-packages\\pygments\\lexers\\tal.py', reloading
[ 2023-11-06 18:16:00,069 ] 224 werkzeug - INFO -  * Detected change in 'c:\\Users\\Suja4\\OneDrive\\Documents\\DataScience\\Diamondprice\\venv\\Lib\\site-packages\\pygments\\lexers\\tcl.py', reloading
[ 2023-11-06 18:16:00,069 ] 224 werkzeug - INFO -  * Detected change in 'c:\\users\\suja4\\onedrive\\documents\\datascience\\diamondprice\\venv\\Lib\\site-packages\\pygments\\lexers\\tcl.py', reloading
[ 2023-11-06 18:16:00,081 ] 224 werkzeug - INFO -  * Detected change in 'c:\\users\\suja4\\onedrive\\documents\\datascience\\diamondprice\\venv\\Lib\\site-packages\\pygments\\lexers\\teal.py', reloading
[ 2023-11-06 18:16:00,082 ] 224 werkzeug - INFO -  * Detected change in 'c:\\Users\\Suja4\\OneDrive\\Documents\\DataScience\\Diamondprice\\venv\\Lib\\site-packages\\pygments\\lexers\\teal.py', reloading
[ 2023-11-06 18:16:00,085 ] 224 werkzeug - INFO -  * Detected change in 'c:\\Users\\Suja4\\OneDrive\\Documents\\DataScience\\Diamondprice\\venv\\Lib\\site-packages\\pygments\\lexers\\templates.py', reloading
[ 2023-11-06 18:16:00,085 ] 224 werkzeug - INFO -  * Detected change in 'c:\\users\\suja4\\onedrive\\documents\\datascience\\diamondprice\\venv\\Lib\\site-packages\\pygments\\lexers\\templates.py', reloading
[ 2023-11-06 18:16:00,132 ] 224 werkzeug - INFO -  * Detected change in 'c:\\Users\\Suja4\\OneDrive\\Documents\\DataScience\\Diamondprice\\venv\\Lib\\site-packages\\pygments\\lexers\\teraterm.py', reloading
[ 2023-11-06 18:16:00,133 ] 224 werkzeug - INFO -  * Detected change in 'c:\\users\\suja4\\onedrive\\documents\\datascience\\diamondprice\\venv\\Lib\\site-packages\\pygments\\lexers\\teraterm.py', reloading
[ 2023-11-06 18:16:00,138 ] 224 werkzeug - INFO -  * Detected change in 'c:\\Users\\Suja4\\OneDrive\\Documents\\DataScience\\Diamondprice\\venv\\Lib\\site-packages\\pygments\\lexers\\testing.py', reloading
[ 2023-11-06 18:16:00,138 ] 224 werkzeug - INFO -  * Detected change in 'c:\\users\\suja4\\onedrive\\documents\\datascience\\diamondprice\\venv\\Lib\\site-packages\\pygments\\lexers\\testing.py', reloading
[ 2023-11-06 18:16:00,143 ] 224 werkzeug - INFO -  * Detected change in 'c:\\Users\\Suja4\\OneDrive\\Documents\\DataScience\\Diamondprice\\venv\\Lib\\site-packages\\pygments\\lexers\\text.py', reloading
[ 2023-11-06 18:16:00,143 ] 224 werkzeug - INFO -  * Detected change in 'c:\\users\\suja4\\onedrive\\documents\\datascience\\diamondprice\\venv\\Lib\\site-packages\\pygments\\lexers\\text.py', reloading
[ 2023-11-06 18:16:00,148 ] 224 werkzeug - INFO -  * Detected change in 'c:\\users\\suja4\\onedrive\\documents\\datascience\\diamondprice\\venv\\Lib\\site-packages\\pygments\\lexers\\textedit.py', reloading
[ 2023-11-06 18:16:00,148 ] 224 werkzeug - INFO -  * Detected change in 'c:\\Users\\Suja4\\OneDrive\\Documents\\DataScience\\Diamondprice\\venv\\Lib\\site-packages\\pygments\\lexers\\textedit.py', reloading
[ 2023-11-06 18:16:00,165 ] 224 werkzeug - INFO -  * Detected change in 'c:\\Users\\Suja4\\OneDrive\\Documents\\DataScience\\Diamondprice\\venv\\Lib\\site-packages\\pygments\\lexers\\textfmts.py', reloading
[ 2023-11-06 18:16:00,165 ] 224 werkzeug - INFO -  * Detected change in 'c:\\users\\suja4\\onedrive\\documents\\datascience\\diamondprice\\venv\\Lib\\site-packages\\pygments\\lexers\\textfmts.py', reloading
[ 2023-11-06 18:16:00,176 ] 224 werkzeug - INFO -  * Detected change in 'c:\\users\\suja4\\onedrive\\documents\\datascience\\diamondprice\\venv\\Lib\\site-packages\\pygments\\lexers\\theorem.py', reloading
[ 2023-11-06 18:16:00,177 ] 224 werkzeug - INFO -  * Detected change in 'c:\\Users\\Suja4\\OneDrive\\Documents\\DataScience\\Diamondprice\\venv\\Lib\\site-packages\\pygments\\lexers\\theorem.py', reloading
[ 2023-11-06 18:16:00,184 ] 224 werkzeug - INFO -  * Detected change in 'c:\\users\\suja4\\onedrive\\documents\\datascience\\diamondprice\\venv\\Lib\\site-packages\\pygments\\lexers\\thingsdb.py', reloading
[ 2023-11-06 18:16:00,184 ] 224 werkzeug - INFO -  * Detected change in 'c:\\Users\\Suja4\\OneDrive\\Documents\\DataScience\\Diamondprice\\venv\\Lib\\site-packages\\pygments\\lexers\\thingsdb.py', reloading
[ 2023-11-06 18:16:00,187 ] 224 werkzeug - INFO -  * Detected change in 'c:\\users\\suja4\\onedrive\\documents\\datascience\\diamondprice\\venv\\Lib\\site-packages\\pygments\\lexers\\tlb.py', reloading
[ 2023-11-06 18:16:00,189 ] 224 werkzeug - INFO -  * Detected change in 'c:\\Users\\Suja4\\OneDrive\\Documents\\DataScience\\Diamondprice\\venv\\Lib\\site-packages\\pygments\\lexers\\tlb.py', reloading
[ 2023-11-06 18:16:00,191 ] 224 werkzeug - INFO -  * Detected change in 'c:\\Users\\Suja4\\OneDrive\\Documents\\DataScience\\Diamondprice\\venv\\Lib\\site-packages\\pygments\\lexers\\tls.py', reloading
[ 2023-11-06 18:16:00,191 ] 224 werkzeug - INFO -  * Detected change in 'c:\\users\\suja4\\onedrive\\documents\\datascience\\diamondprice\\venv\\Lib\\site-packages\\pygments\\lexers\\tls.py', reloading
[ 2023-11-06 18:16:00,193 ] 224 werkzeug - INFO -  * Detected change in 'c:\\Users\\Suja4\\OneDrive\\Documents\\DataScience\\Diamondprice\\venv\\Lib\\site-packages\\pygments\\lexers\\tnt.py', reloading
[ 2023-11-06 18:16:00,194 ] 224 werkzeug - INFO -  * Detected change in 'c:\\users\\suja4\\onedrive\\documents\\datascience\\diamondprice\\venv\\Lib\\site-packages\\pygments\\lexers\\tnt.py', reloading
[ 2023-11-06 18:16:00,204 ] 224 werkzeug - INFO -  * Detected change in 'c:\\users\\suja4\\onedrive\\documents\\datascience\\diamondprice\\venv\\Lib\\site-packages\\pygments\\lexers\\trafficscript.py', reloading
[ 2023-11-06 18:16:00,205 ] 224 werkzeug - INFO -  * Detected change in 'c:\\Users\\Suja4\\OneDrive\\Documents\\DataScience\\Diamondprice\\venv\\Lib\\site-packages\\pygments\\lexers\\trafficscript.py', reloading
[ 2023-11-06 18:16:00,209 ] 224 werkzeug - INFO -  * Detected change in 'c:\\users\\suja4\\onedrive\\documents\\datascience\\diamondprice\\venv\\Lib\\site-packages\\pygments\\lexers\\typoscript.py', reloading
[ 2023-11-06 18:16:00,209 ] 224 werkzeug - INFO -  * Detected change in 'c:\\Users\\Suja4\\OneDrive\\Documents\\DataScience\\Diamondprice\\venv\\Lib\\site-packages\\pygments\\lexers\\typoscript.py', reloading
[ 2023-11-06 18:16:00,213 ] 224 werkzeug - INFO -  * Detected change in 'c:\\users\\suja4\\onedrive\\documents\\datascience\\diamondprice\\venv\\Lib\\site-packages\\pygments\\lexers\\ul4.py', reloading
[ 2023-11-06 18:16:00,214 ] 224 werkzeug - INFO -  * Detected change in 'c:\\Users\\Suja4\\OneDrive\\Documents\\DataScience\\Diamondprice\\venv\\Lib\\site-packages\\pygments\\lexers\\ul4.py', reloading
[ 2023-11-06 18:16:00,216 ] 224 werkzeug - INFO -  * Detected change in 'c:\\users\\suja4\\onedrive\\documents\\datascience\\diamondprice\\venv\\Lib\\site-packages\\pygments\\lexers\\unicon.py', reloading
[ 2023-11-06 18:16:00,217 ] 224 werkzeug - INFO -  * Detected change in 'c:\\Users\\Suja4\\OneDrive\\Documents\\DataScience\\Diamondprice\\venv\\Lib\\site-packages\\pygments\\lexers\\unicon.py', reloading
[ 2023-11-06 18:16:00,223 ] 224 werkzeug - INFO -  * Detected change in 'c:\\Users\\Suja4\\OneDrive\\Documents\\DataScience\\Diamondprice\\venv\\Lib\\site-packages\\pygments\\lexers\\urbi.py', reloading
[ 2023-11-06 18:16:00,224 ] 224 werkzeug - INFO -  * Detected change in 'c:\\users\\suja4\\onedrive\\documents\\datascience\\diamondprice\\venv\\Lib\\site-packages\\pygments\\lexers\\urbi.py', reloading
[ 2023-11-06 18:16:00,230 ] 224 werkzeug - INFO -  * Detected change in 'c:\\Users\\Suja4\\OneDrive\\Documents\\DataScience\\Diamondprice\\venv\\Lib\\site-packages\\pygments\\lexers\\usd.py', reloading
[ 2023-11-06 18:16:00,231 ] 224 werkzeug - INFO -  * Detected change in 'c:\\users\\suja4\\onedrive\\documents\\datascience\\diamondprice\\venv\\Lib\\site-packages\\pygments\\lexers\\usd.py', reloading
[ 2023-11-06 18:16:00,235 ] 224 werkzeug - INFO -  * Detected change in 'c:\\users\\suja4\\onedrive\\documents\\datascience\\diamondprice\\venv\\Lib\\site-packages\\pygments\\lexers\\varnish.py', reloading
[ 2023-11-06 18:16:00,235 ] 224 werkzeug - INFO -  * Detected change in 'c:\\Users\\Suja4\\OneDrive\\Documents\\DataScience\\Diamondprice\\venv\\Lib\\site-packages\\pygments\\lexers\\varnish.py', reloading
[ 2023-11-06 18:16:00,239 ] 224 werkzeug - INFO -  * Detected change in 'c:\\users\\suja4\\onedrive\\documents\\datascience\\diamondprice\\venv\\Lib\\site-packages\\pygments\\lexers\\verification.py', reloading
[ 2023-11-06 18:16:00,239 ] 224 werkzeug - INFO -  * Detected change in 'c:\\Users\\Suja4\\OneDrive\\Documents\\DataScience\\Diamondprice\\venv\\Lib\\site-packages\\pygments\\lexers\\verification.py', reloading
[ 2023-11-06 18:16:00,244 ] 224 werkzeug - INFO -  * Detected change in 'c:\\users\\suja4\\onedrive\\documents\\datascience\\diamondprice\\venv\\Lib\\site-packages\\pygments\\lexers\\verifpal.py', reloading
[ 2023-11-06 18:16:00,245 ] 224 werkzeug - INFO -  * Detected change in 'c:\\Users\\Suja4\\OneDrive\\Documents\\DataScience\\Diamondprice\\venv\\Lib\\site-packages\\pygments\\lexers\\verifpal.py', reloading
[ 2023-11-06 18:16:00,248 ] 224 werkzeug - INFO -  * Detected change in 'c:\\users\\suja4\\onedrive\\documents\\datascience\\diamondprice\\venv\\Lib\\site-packages\\pygments\\lexers\\web.py', reloading
[ 2023-11-06 18:16:00,249 ] 224 werkzeug - INFO -  * Detected change in 'c:\\Users\\Suja4\\OneDrive\\Documents\\DataScience\\Diamondprice\\venv\\Lib\\site-packages\\pygments\\lexers\\web.py', reloading
[ 2023-11-06 18:16:00,251 ] 224 werkzeug - INFO -  * Detected change in 'c:\\users\\suja4\\onedrive\\documents\\datascience\\diamondprice\\venv\\Lib\\site-packages\\pygments\\lexers\\webassembly.py', reloading
[ 2023-11-06 18:16:00,252 ] 224 werkzeug - INFO -  * Detected change in 'c:\\Users\\Suja4\\OneDrive\\Documents\\DataScience\\Diamondprice\\venv\\Lib\\site-packages\\pygments\\lexers\\webassembly.py', reloading
[ 2023-11-06 18:16:00,255 ] 224 werkzeug - INFO -  * Detected change in 'c:\\users\\suja4\\onedrive\\documents\\datascience\\diamondprice\\venv\\Lib\\site-packages\\pygments\\lexers\\webidl.py', reloading
[ 2023-11-06 18:16:00,255 ] 224 werkzeug - INFO -  * Detected change in 'c:\\Users\\Suja4\\OneDrive\\Documents\\DataScience\\Diamondprice\\venv\\Lib\\site-packages\\pygments\\lexers\\webidl.py', reloading
[ 2023-11-06 18:16:00,258 ] 224 werkzeug - INFO -  * Detected change in 'c:\\users\\suja4\\onedrive\\documents\\datascience\\diamondprice\\venv\\Lib\\site-packages\\pygments\\lexers\\webmisc.py', reloading
[ 2023-11-06 18:16:00,259 ] 224 werkzeug - INFO -  * Detected change in 'c:\\Users\\Suja4\\OneDrive\\Documents\\DataScience\\Diamondprice\\venv\\Lib\\site-packages\\pygments\\lexers\\webmisc.py', reloading
[ 2023-11-06 18:16:00,275 ] 224 werkzeug - INFO -  * Detected change in 'c:\\users\\suja4\\onedrive\\documents\\datascience\\diamondprice\\venv\\Lib\\site-packages\\pygments\\lexers\\wgsl.py', reloading
[ 2023-11-06 18:16:00,275 ] 224 werkzeug - INFO -  * Detected change in 'c:\\Users\\Suja4\\OneDrive\\Documents\\DataScience\\Diamondprice\\venv\\Lib\\site-packages\\pygments\\lexers\\wgsl.py', reloading
[ 2023-11-06 18:16:00,278 ] 224 werkzeug - INFO -  * Detected change in 'c:\\users\\suja4\\onedrive\\documents\\datascience\\diamondprice\\venv\\Lib\\site-packages\\pygments\\lexers\\whiley.py', reloading
[ 2023-11-06 18:16:00,280 ] 224 werkzeug - INFO -  * Detected change in 'c:\\Users\\Suja4\\OneDrive\\Documents\\DataScience\\Diamondprice\\venv\\Lib\\site-packages\\pygments\\lexers\\whiley.py', reloading
[ 2023-11-06 18:16:00,284 ] 224 werkzeug - INFO -  * Detected change in 'c:\\users\\suja4\\onedrive\\documents\\datascience\\diamondprice\\venv\\Lib\\site-packages\\pygments\\lexers\\wowtoc.py', reloading
[ 2023-11-06 18:16:00,285 ] 224 werkzeug - INFO -  * Detected change in 'c:\\Users\\Suja4\\OneDrive\\Documents\\DataScience\\Diamondprice\\venv\\Lib\\site-packages\\pygments\\lexers\\wowtoc.py', reloading
[ 2023-11-06 18:16:00,290 ] 224 werkzeug - INFO -  * Detected change in 'c:\\Users\\Suja4\\OneDrive\\Documents\\DataScience\\Diamondprice\\venv\\Lib\\site-packages\\pygments\\lexers\\wren.py', reloading
[ 2023-11-06 18:16:00,291 ] 224 werkzeug - INFO -  * Detected change in 'c:\\users\\suja4\\onedrive\\documents\\datascience\\diamondprice\\venv\\Lib\\site-packages\\pygments\\lexers\\wren.py', reloading
[ 2023-11-06 18:16:00,294 ] 224 werkzeug - INFO -  * Detected change in 'c:\\users\\suja4\\onedrive\\documents\\datascience\\diamondprice\\venv\\Lib\\site-packages\\pygments\\lexers\\x10.py', reloading
[ 2023-11-06 18:16:00,295 ] 224 werkzeug - INFO -  * Detected change in 'c:\\Users\\Suja4\\OneDrive\\Documents\\DataScience\\Diamondprice\\venv\\Lib\\site-packages\\pygments\\lexers\\x10.py', reloading
[ 2023-11-06 18:16:00,303 ] 224 werkzeug - INFO -  * Detected change in 'c:\\users\\suja4\\onedrive\\documents\\datascience\\diamondprice\\venv\\Lib\\site-packages\\pygments\\lexers\\xorg.py', reloading
[ 2023-11-06 18:16:00,303 ] 224 werkzeug - INFO -  * Detected change in 'c:\\Users\\Suja4\\OneDrive\\Documents\\DataScience\\Diamondprice\\venv\\Lib\\site-packages\\pygments\\lexers\\xorg.py', reloading
[ 2023-11-06 18:16:00,308 ] 224 werkzeug - INFO -  * Detected change in 'c:\\users\\suja4\\onedrive\\documents\\datascience\\diamondprice\\venv\\Lib\\site-packages\\pygments\\lexers\\yang.py', reloading
[ 2023-11-06 18:16:00,308 ] 224 werkzeug - INFO -  * Detected change in 'c:\\Users\\Suja4\\OneDrive\\Documents\\DataScience\\Diamondprice\\venv\\Lib\\site-packages\\pygments\\lexers\\yang.py', reloading
[ 2023-11-06 18:16:00,315 ] 224 werkzeug - INFO -  * Detected change in 'c:\\Users\\Suja4\\OneDrive\\Documents\\DataScience\\Diamondprice\\venv\\Lib\\site-packages\\pygments\\lexers\\yara.py', reloading
[ 2023-11-06 18:16:00,315 ] 224 werkzeug - INFO -  * Detected change in 'c:\\users\\suja4\\onedrive\\documents\\datascience\\diamondprice\\venv\\Lib\\site-packages\\pygments\\lexers\\yara.py', reloading
[ 2023-11-06 18:16:00,319 ] 224 werkzeug - INFO -  * Detected change in 'c:\\users\\suja4\\onedrive\\documents\\datascience\\diamondprice\\venv\\Lib\\site-packages\\pygments\\lexers\\zig.py', reloading
[ 2023-11-06 18:16:00,319 ] 224 werkzeug - INFO -  * Detected change in 'c:\\Users\\Suja4\\OneDrive\\Documents\\DataScience\\Diamondprice\\venv\\Lib\\site-packages\\pygments\\lexers\\zig.py', reloading
[ 2023-11-06 18:16:00,323 ] 224 werkzeug - INFO -  * Detected change in 'c:\\users\\suja4\\onedrive\\documents\\datascience\\diamondprice\\venv\\Lib\\site-packages\\pygments\\styles\\__init__.py', reloading
[ 2023-11-06 18:16:00,323 ] 224 werkzeug - INFO -  * Detected change in 'c:\\Users\\Suja4\\OneDrive\\Documents\\DataScience\\Diamondprice\\venv\\Lib\\site-packages\\pygments\\styles\\__init__.py', reloading
[ 2023-11-06 18:16:00,329 ] 224 werkzeug - INFO -  * Detected change in 'c:\\users\\suja4\\onedrive\\documents\\datascience\\diamondprice\\venv\\Lib\\site-packages\\pygments\\styles\\abap.py', reloading
[ 2023-11-06 18:16:00,330 ] 224 werkzeug - INFO -  * Detected change in 'c:\\Users\\Suja4\\OneDrive\\Documents\\DataScience\\Diamondprice\\venv\\Lib\\site-packages\\pygments\\styles\\abap.py', reloading
[ 2023-11-06 18:16:00,334 ] 224 werkzeug - INFO -  * Detected change in 'c:\\Users\\Suja4\\OneDrive\\Documents\\DataScience\\Diamondprice\\venv\\Lib\\site-packages\\pygments\\styles\\algol.py', reloading
[ 2023-11-06 18:16:00,334 ] 224 werkzeug - INFO -  * Detected change in 'c:\\users\\suja4\\onedrive\\documents\\datascience\\diamondprice\\venv\\Lib\\site-packages\\pygments\\styles\\algol.py', reloading
[ 2023-11-06 18:16:00,339 ] 224 werkzeug - INFO -  * Detected change in 'c:\\users\\suja4\\onedrive\\documents\\datascience\\diamondprice\\venv\\Lib\\site-packages\\pygments\\styles\\algol_nu.py', reloading
[ 2023-11-06 18:16:00,339 ] 224 werkzeug - INFO -  * Detected change in 'c:\\Users\\Suja4\\OneDrive\\Documents\\DataScience\\Diamondprice\\venv\\Lib\\site-packages\\pygments\\styles\\algol_nu.py', reloading
[ 2023-11-06 18:16:00,342 ] 224 werkzeug - INFO -  * Detected change in 'c:\\users\\suja4\\onedrive\\documents\\datascience\\diamondprice\\venv\\Lib\\site-packages\\pygments\\styles\\arduino.py', reloading
[ 2023-11-06 18:16:00,343 ] 224 werkzeug - INFO -  * Detected change in 'c:\\Users\\Suja4\\OneDrive\\Documents\\DataScience\\Diamondprice\\venv\\Lib\\site-packages\\pygments\\styles\\arduino.py', reloading
[ 2023-11-06 18:16:00,346 ] 224 werkzeug - INFO -  * Detected change in 'c:\\users\\suja4\\onedrive\\documents\\datascience\\diamondprice\\venv\\Lib\\site-packages\\pygments\\styles\\autumn.py', reloading
[ 2023-11-06 18:16:00,346 ] 224 werkzeug - INFO -  * Detected change in 'c:\\Users\\Suja4\\OneDrive\\Documents\\DataScience\\Diamondprice\\venv\\Lib\\site-packages\\pygments\\styles\\autumn.py', reloading
[ 2023-11-06 18:16:00,349 ] 224 werkzeug - INFO -  * Detected change in 'c:\\users\\suja4\\onedrive\\documents\\datascience\\diamondprice\\venv\\Lib\\site-packages\\pygments\\styles\\borland.py', reloading
[ 2023-11-06 18:16:00,349 ] 224 werkzeug - INFO -  * Detected change in 'c:\\Users\\Suja4\\OneDrive\\Documents\\DataScience\\Diamondprice\\venv\\Lib\\site-packages\\pygments\\styles\\borland.py', reloading
[ 2023-11-06 18:16:00,353 ] 224 werkzeug - INFO -  * Detected change in 'c:\\users\\suja4\\onedrive\\documents\\datascience\\diamondprice\\venv\\Lib\\site-packages\\pygments\\styles\\bw.py', reloading
[ 2023-11-06 18:16:00,353 ] 224 werkzeug - INFO -  * Detected change in 'c:\\Users\\Suja4\\OneDrive\\Documents\\DataScience\\Diamondprice\\venv\\Lib\\site-packages\\pygments\\styles\\bw.py', reloading
[ 2023-11-06 18:16:00,357 ] 224 werkzeug - INFO -  * Detected change in 'c:\\users\\suja4\\onedrive\\documents\\datascience\\diamondprice\\venv\\Lib\\site-packages\\pygments\\styles\\colorful.py', reloading
[ 2023-11-06 18:16:00,358 ] 224 werkzeug - INFO -  * Detected change in 'c:\\Users\\Suja4\\OneDrive\\Documents\\DataScience\\Diamondprice\\venv\\Lib\\site-packages\\pygments\\styles\\colorful.py', reloading
[ 2023-11-06 18:16:00,361 ] 224 werkzeug - INFO -  * Detected change in 'c:\\users\\suja4\\onedrive\\documents\\datascience\\diamondprice\\venv\\Lib\\site-packages\\pygments\\styles\\default.py', reloading
[ 2023-11-06 18:16:00,362 ] 224 werkzeug - INFO -  * Detected change in 'c:\\Users\\Suja4\\OneDrive\\Documents\\DataScience\\Diamondprice\\venv\\Lib\\site-packages\\pygments\\styles\\default.py', reloading
[ 2023-11-06 18:16:00,366 ] 224 werkzeug - INFO -  * Detected change in 'c:\\Users\\Suja4\\OneDrive\\Documents\\DataScience\\Diamondprice\\venv\\Lib\\site-packages\\pygments\\styles\\dracula.py', reloading
[ 2023-11-06 18:16:00,367 ] 224 werkzeug - INFO -  * Detected change in 'c:\\users\\suja4\\onedrive\\documents\\datascience\\diamondprice\\venv\\Lib\\site-packages\\pygments\\styles\\dracula.py', reloading
[ 2023-11-06 18:16:00,370 ] 224 werkzeug - INFO -  * Detected change in 'c:\\users\\suja4\\onedrive\\documents\\datascience\\diamondprice\\venv\\Lib\\site-packages\\pygments\\styles\\emacs.py', reloading
[ 2023-11-06 18:16:00,370 ] 224 werkzeug - INFO -  * Detected change in 'c:\\Users\\Suja4\\OneDrive\\Documents\\DataScience\\Diamondprice\\venv\\Lib\\site-packages\\pygments\\styles\\emacs.py', reloading
[ 2023-11-06 18:16:00,375 ] 224 werkzeug - INFO -  * Detected change in 'c:\\users\\suja4\\onedrive\\documents\\datascience\\diamondprice\\venv\\Lib\\site-packages\\pygments\\styles\\friendly.py', reloading
[ 2023-11-06 18:16:00,375 ] 224 werkzeug - INFO -  * Detected change in 'c:\\Users\\Suja4\\OneDrive\\Documents\\DataScience\\Diamondprice\\venv\\Lib\\site-packages\\pygments\\styles\\friendly.py', reloading
[ 2023-11-06 18:16:00,378 ] 224 werkzeug - INFO -  * Detected change in 'c:\\Users\\Suja4\\OneDrive\\Documents\\DataScience\\Diamondprice\\venv\\Lib\\site-packages\\pygments\\styles\\friendly_grayscale.py', reloading
[ 2023-11-06 18:16:00,379 ] 224 werkzeug - INFO -  * Detected change in 'c:\\users\\suja4\\onedrive\\documents\\datascience\\diamondprice\\venv\\Lib\\site-packages\\pygments\\styles\\friendly_grayscale.py', reloading
[ 2023-11-06 18:16:00,383 ] 224 werkzeug - INFO -  * Detected change in 'c:\\users\\suja4\\onedrive\\documents\\datascience\\diamondprice\\venv\\Lib\\site-packages\\pygments\\styles\\fruity.py', reloading
[ 2023-11-06 18:16:00,383 ] 224 werkzeug - INFO -  * Detected change in 'c:\\Users\\Suja4\\OneDrive\\Documents\\DataScience\\Diamondprice\\venv\\Lib\\site-packages\\pygments\\styles\\fruity.py', reloading
[ 2023-11-06 18:16:00,387 ] 224 werkzeug - INFO -  * Detected change in 'c:\\users\\suja4\\onedrive\\documents\\datascience\\diamondprice\\venv\\Lib\\site-packages\\pygments\\styles\\gh_dark.py', reloading
[ 2023-11-06 18:16:00,387 ] 224 werkzeug - INFO -  * Detected change in 'c:\\Users\\Suja4\\OneDrive\\Documents\\DataScience\\Diamondprice\\venv\\Lib\\site-packages\\pygments\\styles\\gh_dark.py', reloading
[ 2023-11-06 18:16:00,390 ] 224 werkzeug - INFO -  * Detected change in 'c:\\users\\suja4\\onedrive\\documents\\datascience\\diamondprice\\venv\\Lib\\site-packages\\pygments\\styles\\gruvbox.py', reloading
[ 2023-11-06 18:16:00,391 ] 224 werkzeug - INFO -  * Detected change in 'c:\\Users\\Suja4\\OneDrive\\Documents\\DataScience\\Diamondprice\\venv\\Lib\\site-packages\\pygments\\styles\\gruvbox.py', reloading
[ 2023-11-06 18:16:00,394 ] 224 werkzeug - INFO -  * Detected change in 'c:\\users\\suja4\\onedrive\\documents\\datascience\\diamondprice\\venv\\Lib\\site-packages\\pygments\\styles\\igor.py', reloading
[ 2023-11-06 18:16:00,394 ] 224 werkzeug - INFO -  * Detected change in 'c:\\Users\\Suja4\\OneDrive\\Documents\\DataScience\\Diamondprice\\venv\\Lib\\site-packages\\pygments\\styles\\igor.py', reloading
[ 2023-11-06 18:16:00,398 ] 224 werkzeug - INFO -  * Detected change in 'c:\\Users\\Suja4\\OneDrive\\Documents\\DataScience\\Diamondprice\\venv\\Lib\\site-packages\\pygments\\styles\\inkpot.py', reloading
[ 2023-11-06 18:16:00,398 ] 224 werkzeug - INFO -  * Detected change in 'c:\\users\\suja4\\onedrive\\documents\\datascience\\diamondprice\\venv\\Lib\\site-packages\\pygments\\styles\\inkpot.py', reloading
[ 2023-11-06 18:16:00,402 ] 224 werkzeug - INFO -  * Detected change in 'c:\\users\\suja4\\onedrive\\documents\\datascience\\diamondprice\\venv\\Lib\\site-packages\\pygments\\styles\\lightbulb.py', reloading
[ 2023-11-06 18:16:00,402 ] 224 werkzeug - INFO -  * Detected change in 'c:\\Users\\Suja4\\OneDrive\\Documents\\DataScience\\Diamondprice\\venv\\Lib\\site-packages\\pygments\\styles\\lightbulb.py', reloading
[ 2023-11-06 18:16:00,406 ] 224 werkzeug - INFO -  * Detected change in 'c:\\users\\suja4\\onedrive\\documents\\datascience\\diamondprice\\venv\\Lib\\site-packages\\pygments\\styles\\lilypond.py', reloading
[ 2023-11-06 18:16:00,406 ] 224 werkzeug - INFO -  * Detected change in 'c:\\Users\\Suja4\\OneDrive\\Documents\\DataScience\\Diamondprice\\venv\\Lib\\site-packages\\pygments\\styles\\lilypond.py', reloading
[ 2023-11-06 18:16:00,409 ] 224 werkzeug - INFO -  * Detected change in 'c:\\users\\suja4\\onedrive\\documents\\datascience\\diamondprice\\venv\\Lib\\site-packages\\pygments\\styles\\lovelace.py', reloading
[ 2023-11-06 18:16:00,409 ] 224 werkzeug - INFO -  * Detected change in 'c:\\Users\\Suja4\\OneDrive\\Documents\\DataScience\\Diamondprice\\venv\\Lib\\site-packages\\pygments\\styles\\lovelace.py', reloading
[ 2023-11-06 18:16:00,413 ] 224 werkzeug - INFO -  * Detected change in 'c:\\users\\suja4\\onedrive\\documents\\datascience\\diamondprice\\venv\\Lib\\site-packages\\pygments\\styles\\manni.py', reloading
[ 2023-11-06 18:16:00,413 ] 224 werkzeug - INFO -  * Detected change in 'c:\\Users\\Suja4\\OneDrive\\Documents\\DataScience\\Diamondprice\\venv\\Lib\\site-packages\\pygments\\styles\\manni.py', reloading
[ 2023-11-06 18:16:00,416 ] 224 werkzeug - INFO -  * Detected change in 'c:\\Users\\Suja4\\OneDrive\\Documents\\DataScience\\Diamondprice\\venv\\Lib\\site-packages\\pygments\\styles\\material.py', reloading
[ 2023-11-06 18:16:00,416 ] 224 werkzeug - INFO -  * Detected change in 'c:\\users\\suja4\\onedrive\\documents\\datascience\\diamondprice\\venv\\Lib\\site-packages\\pygments\\styles\\material.py', reloading
[ 2023-11-06 18:16:00,419 ] 224 werkzeug - INFO -  * Detected change in 'c:\\Users\\Suja4\\OneDrive\\Documents\\DataScience\\Diamondprice\\venv\\Lib\\site-packages\\pygments\\styles\\monokai.py', reloading
[ 2023-11-06 18:16:00,419 ] 224 werkzeug - INFO -  * Detected change in 'c:\\users\\suja4\\onedrive\\documents\\datascience\\diamondprice\\venv\\Lib\\site-packages\\pygments\\styles\\monokai.py', reloading
[ 2023-11-06 18:16:00,422 ] 224 werkzeug - INFO -  * Detected change in 'c:\\users\\suja4\\onedrive\\documents\\datascience\\diamondprice\\venv\\Lib\\site-packages\\pygments\\styles\\murphy.py', reloading
[ 2023-11-06 18:16:00,422 ] 224 werkzeug - INFO -  * Detected change in 'c:\\Users\\Suja4\\OneDrive\\Documents\\DataScience\\Diamondprice\\venv\\Lib\\site-packages\\pygments\\styles\\murphy.py', reloading
[ 2023-11-06 18:16:00,426 ] 224 werkzeug - INFO -  * Detected change in 'c:\\users\\suja4\\onedrive\\documents\\datascience\\diamondprice\\venv\\Lib\\site-packages\\pygments\\styles\\native.py', reloading
[ 2023-11-06 18:16:00,426 ] 224 werkzeug - INFO -  * Detected change in 'c:\\Users\\Suja4\\OneDrive\\Documents\\DataScience\\Diamondprice\\venv\\Lib\\site-packages\\pygments\\styles\\native.py', reloading
[ 2023-11-06 18:16:00,428 ] 224 werkzeug - INFO -  * Detected change in 'c:\\users\\suja4\\onedrive\\documents\\datascience\\diamondprice\\venv\\Lib\\site-packages\\pygments\\styles\\nord.py', reloading
[ 2023-11-06 18:16:00,429 ] 224 werkzeug - INFO -  * Detected change in 'c:\\Users\\Suja4\\OneDrive\\Documents\\DataScience\\Diamondprice\\venv\\Lib\\site-packages\\pygments\\styles\\nord.py', reloading
[ 2023-11-06 18:16:00,434 ] 224 werkzeug - INFO -  * Detected change in 'c:\\users\\suja4\\onedrive\\documents\\datascience\\diamondprice\\venv\\Lib\\site-packages\\pygments\\styles\\onedark.py', reloading
[ 2023-11-06 18:16:00,434 ] 224 werkzeug - INFO -  * Detected change in 'c:\\Users\\Suja4\\OneDrive\\Documents\\DataScience\\Diamondprice\\venv\\Lib\\site-packages\\pygments\\styles\\onedark.py', reloading
[ 2023-11-06 18:16:00,437 ] 224 werkzeug - INFO -  * Detected change in 'c:\\users\\suja4\\onedrive\\documents\\datascience\\diamondprice\\venv\\Lib\\site-packages\\pygments\\styles\\paraiso_dark.py', reloading
[ 2023-11-06 18:16:00,438 ] 224 werkzeug - INFO -  * Detected change in 'c:\\Users\\Suja4\\OneDrive\\Documents\\DataScience\\Diamondprice\\venv\\Lib\\site-packages\\pygments\\styles\\paraiso_dark.py', reloading
[ 2023-11-06 18:16:00,442 ] 224 werkzeug - INFO -  * Detected change in 'c:\\users\\suja4\\onedrive\\documents\\datascience\\diamondprice\\venv\\Lib\\site-packages\\pygments\\styles\\paraiso_light.py', reloading
[ 2023-11-06 18:16:00,442 ] 224 werkzeug - INFO -  * Detected change in 'c:\\Users\\Suja4\\OneDrive\\Documents\\DataScience\\Diamondprice\\venv\\Lib\\site-packages\\pygments\\styles\\paraiso_light.py', reloading
[ 2023-11-06 18:16:00,446 ] 224 werkzeug - INFO -  * Detected change in 'c:\\users\\suja4\\onedrive\\documents\\datascience\\diamondprice\\venv\\Lib\\site-packages\\pygments\\styles\\pastie.py', reloading
[ 2023-11-06 18:16:00,446 ] 224 werkzeug - INFO -  * Detected change in 'c:\\Users\\Suja4\\OneDrive\\Documents\\DataScience\\Diamondprice\\venv\\Lib\\site-packages\\pygments\\styles\\pastie.py', reloading
[ 2023-11-06 18:16:00,449 ] 224 werkzeug - INFO -  * Detected change in 'c:\\Users\\Suja4\\OneDrive\\Documents\\DataScience\\Diamondprice\\venv\\Lib\\site-packages\\pygments\\styles\\perldoc.py', reloading
[ 2023-11-06 18:16:00,449 ] 224 werkzeug - INFO -  * Detected change in 'c:\\users\\suja4\\onedrive\\documents\\datascience\\diamondprice\\venv\\Lib\\site-packages\\pygments\\styles\\perldoc.py', reloading
[ 2023-11-06 18:16:00,452 ] 224 werkzeug - INFO -  * Detected change in 'c:\\users\\suja4\\onedrive\\documents\\datascience\\diamondprice\\venv\\Lib\\site-packages\\pygments\\styles\\rainbow_dash.py', reloading
[ 2023-11-06 18:16:00,452 ] 224 werkzeug - INFO -  * Detected change in 'c:\\Users\\Suja4\\OneDrive\\Documents\\DataScience\\Diamondprice\\venv\\Lib\\site-packages\\pygments\\styles\\rainbow_dash.py', reloading
[ 2023-11-06 18:16:00,455 ] 224 werkzeug - INFO -  * Detected change in 'c:\\users\\suja4\\onedrive\\documents\\datascience\\diamondprice\\venv\\Lib\\site-packages\\pygments\\styles\\rrt.py', reloading
[ 2023-11-06 18:16:00,455 ] 224 werkzeug - INFO -  * Detected change in 'c:\\Users\\Suja4\\OneDrive\\Documents\\DataScience\\Diamondprice\\venv\\Lib\\site-packages\\pygments\\styles\\rrt.py', reloading
[ 2023-11-06 18:16:00,458 ] 224 werkzeug - INFO -  * Detected change in 'c:\\users\\suja4\\onedrive\\documents\\datascience\\diamondprice\\venv\\Lib\\site-packages\\pygments\\styles\\sas.py', reloading
[ 2023-11-06 18:16:00,459 ] 224 werkzeug - INFO -  * Detected change in 'c:\\Users\\Suja4\\OneDrive\\Documents\\DataScience\\Diamondprice\\venv\\Lib\\site-packages\\pygments\\styles\\sas.py', reloading
[ 2023-11-06 18:16:00,463 ] 224 werkzeug - INFO -  * Detected change in 'c:\\users\\suja4\\onedrive\\documents\\datascience\\diamondprice\\venv\\Lib\\site-packages\\pygments\\styles\\solarized.py', reloading
[ 2023-11-06 18:16:00,463 ] 224 werkzeug - INFO -  * Detected change in 'c:\\Users\\Suja4\\OneDrive\\Documents\\DataScience\\Diamondprice\\venv\\Lib\\site-packages\\pygments\\styles\\solarized.py', reloading
[ 2023-11-06 18:16:00,468 ] 224 werkzeug - INFO -  * Detected change in 'c:\\users\\suja4\\onedrive\\documents\\datascience\\diamondprice\\venv\\Lib\\site-packages\\pygments\\styles\\staroffice.py', reloading
[ 2023-11-06 18:16:00,468 ] 224 werkzeug - INFO -  * Detected change in 'c:\\Users\\Suja4\\OneDrive\\Documents\\DataScience\\Diamondprice\\venv\\Lib\\site-packages\\pygments\\styles\\staroffice.py', reloading
[ 2023-11-06 18:16:00,472 ] 224 werkzeug - INFO -  * Detected change in 'c:\\Users\\Suja4\\OneDrive\\Documents\\DataScience\\Diamondprice\\venv\\Lib\\site-packages\\pygments\\styles\\stata_dark.py', reloading
[ 2023-11-06 18:16:00,472 ] 224 werkzeug - INFO -  * Detected change in 'c:\\users\\suja4\\onedrive\\documents\\datascience\\diamondprice\\venv\\Lib\\site-packages\\pygments\\styles\\stata_dark.py', reloading
[ 2023-11-06 18:16:00,477 ] 224 werkzeug - INFO -  * Detected change in 'c:\\users\\suja4\\onedrive\\documents\\datascience\\diamondprice\\venv\\Lib\\site-packages\\pygments\\styles\\stata_light.py', reloading
[ 2023-11-06 18:16:00,477 ] 224 werkzeug - INFO -  * Detected change in 'c:\\Users\\Suja4\\OneDrive\\Documents\\DataScience\\Diamondprice\\venv\\Lib\\site-packages\\pygments\\styles\\stata_light.py', reloading
[ 2023-11-06 18:16:00,481 ] 224 werkzeug - INFO -  * Detected change in 'c:\\users\\suja4\\onedrive\\documents\\datascience\\diamondprice\\venv\\Lib\\site-packages\\pygments\\styles\\tango.py', reloading
[ 2023-11-06 18:16:00,482 ] 224 werkzeug - INFO -  * Detected change in 'c:\\Users\\Suja4\\OneDrive\\Documents\\DataScience\\Diamondprice\\venv\\Lib\\site-packages\\pygments\\styles\\tango.py', reloading
[ 2023-11-06 18:16:00,485 ] 224 werkzeug - INFO -  * Detected change in 'c:\\Users\\Suja4\\OneDrive\\Documents\\DataScience\\Diamondprice\\venv\\Lib\\site-packages\\pygments\\styles\\trac.py', reloading
[ 2023-11-06 18:16:00,486 ] 224 werkzeug - INFO -  * Detected change in 'c:\\users\\suja4\\onedrive\\documents\\datascience\\diamondprice\\venv\\Lib\\site-packages\\pygments\\styles\\trac.py', reloading
[ 2023-11-06 18:16:00,489 ] 224 werkzeug - INFO -  * Detected change in 'c:\\users\\suja4\\onedrive\\documents\\datascience\\diamondprice\\venv\\Lib\\site-packages\\pygments\\styles\\vim.py', reloading
[ 2023-11-06 18:16:00,490 ] 224 werkzeug - INFO -  * Detected change in 'c:\\Users\\Suja4\\OneDrive\\Documents\\DataScience\\Diamondprice\\venv\\Lib\\site-packages\\pygments\\styles\\vim.py', reloading
[ 2023-11-06 18:16:00,494 ] 224 werkzeug - INFO -  * Detected change in 'c:\\Users\\Suja4\\OneDrive\\Documents\\DataScience\\Diamondprice\\venv\\Lib\\site-packages\\pygments\\styles\\vs.py', reloading
[ 2023-11-06 18:16:00,494 ] 224 werkzeug - INFO -  * Detected change in 'c:\\users\\suja4\\onedrive\\documents\\datascience\\diamondprice\\venv\\Lib\\site-packages\\pygments\\styles\\vs.py', reloading
[ 2023-11-06 18:16:00,500 ] 224 werkzeug - INFO -  * Detected change in 'c:\\users\\suja4\\onedrive\\documents\\datascience\\diamondprice\\venv\\Lib\\site-packages\\pygments\\styles\\xcode.py', reloading
[ 2023-11-06 18:16:00,500 ] 224 werkzeug - INFO -  * Detected change in 'c:\\Users\\Suja4\\OneDrive\\Documents\\DataScience\\Diamondprice\\venv\\Lib\\site-packages\\pygments\\styles\\xcode.py', reloading
[ 2023-11-06 18:16:00,504 ] 224 werkzeug - INFO -  * Detected change in 'c:\\Users\\Suja4\\OneDrive\\Documents\\DataScience\\Diamondprice\\venv\\Lib\\site-packages\\pygments\\styles\\zenburn.py', reloading
[ 2023-11-06 18:16:00,504 ] 224 werkzeug - INFO -  * Detected change in 'c:\\users\\suja4\\onedrive\\documents\\datascience\\diamondprice\\venv\\Lib\\site-packages\\pygments\\styles\\zenburn.py', reloading
[ 2023-11-06 18:16:00,509 ] 224 werkzeug - INFO -  * Detected change in 'c:\\users\\suja4\\onedrive\\documents\\datascience\\diamondprice\\venv\\Lib\\site-packages\\pythonwin\\pywin\\__init__.py', reloading
[ 2023-11-06 18:16:00,509 ] 224 werkzeug - INFO -  * Detected change in 'c:\\Users\\Suja4\\OneDrive\\Documents\\DataScience\\Diamondprice\\venv\\Lib\\site-packages\\pythonwin\\pywin\\__init__.py', reloading
[ 2023-11-06 18:16:00,514 ] 224 werkzeug - INFO -  * Detected change in 'c:\\users\\suja4\\onedrive\\documents\\datascience\\diamondprice\\venv\\Lib\\site-packages\\pythonwin\\pywin\\Demos\\cmdserver.py', reloading
[ 2023-11-06 18:16:00,514 ] 224 werkzeug - INFO -  * Detected change in 'c:\\Users\\Suja4\\OneDrive\\Documents\\DataScience\\Diamondprice\\venv\\Lib\\site-packages\\pythonwin\\pywin\\Demos\\cmdserver.py', reloading
[ 2023-11-06 18:16:00,518 ] 224 werkzeug - INFO -  * Detected change in 'c:\\Users\\Suja4\\OneDrive\\Documents\\DataScience\\Diamondprice\\venv\\Lib\\site-packages\\pythonwin\\pywin\\Demos\\createwin.py', reloading
[ 2023-11-06 18:16:00,518 ] 224 werkzeug - INFO -  * Detected change in 'c:\\users\\suja4\\onedrive\\documents\\datascience\\diamondprice\\venv\\Lib\\site-packages\\pythonwin\\pywin\\Demos\\createwin.py', reloading
[ 2023-11-06 18:16:00,559 ] 224 werkzeug - INFO -  * Detected change in 'c:\\users\\suja4\\onedrive\\documents\\datascience\\diamondprice\\venv\\Lib\\site-packages\\pythonwin\\pywin\\Demos\\demoutils.py', reloading
[ 2023-11-06 18:16:00,559 ] 224 werkzeug - INFO -  * Detected change in 'c:\\Users\\Suja4\\OneDrive\\Documents\\DataScience\\Diamondprice\\venv\\Lib\\site-packages\\pythonwin\\pywin\\Demos\\demoutils.py', reloading
[ 2023-11-06 18:16:00,596 ] 224 werkzeug - INFO -  * Detected change in 'c:\\Users\\Suja4\\OneDrive\\Documents\\DataScience\\Diamondprice\\venv\\Lib\\site-packages\\pythonwin\\pywin\\Demos\\dibdemo.py', reloading
[ 2023-11-06 18:16:00,596 ] 224 werkzeug - INFO -  * Detected change in 'c:\\users\\suja4\\onedrive\\documents\\datascience\\diamondprice\\venv\\Lib\\site-packages\\pythonwin\\pywin\\Demos\\dibdemo.py', reloading
[ 2023-11-06 18:16:00,613 ] 224 werkzeug - INFO -  * Detected change in 'c:\\users\\suja4\\onedrive\\documents\\datascience\\diamondprice\\venv\\Lib\\site-packages\\pythonwin\\pywin\\Demos\\dlgtest.py', reloading
[ 2023-11-06 18:16:00,613 ] 224 werkzeug - INFO -  * Detected change in 'c:\\Users\\Suja4\\OneDrive\\Documents\\DataScience\\Diamondprice\\venv\\Lib\\site-packages\\pythonwin\\pywin\\Demos\\dlgtest.py', reloading
[ 2023-11-06 18:16:00,628 ] 224 werkzeug - INFO -  * Detected change in 'c:\\users\\suja4\\onedrive\\documents\\datascience\\diamondprice\\venv\\Lib\\site-packages\\pythonwin\\pywin\\Demos\\dyndlg.py', reloading
[ 2023-11-06 18:16:00,628 ] 224 werkzeug - INFO -  * Detected change in 'c:\\Users\\Suja4\\OneDrive\\Documents\\DataScience\\Diamondprice\\venv\\Lib\\site-packages\\pythonwin\\pywin\\Demos\\dyndlg.py', reloading
[ 2023-11-06 18:16:00,643 ] 224 werkzeug - INFO -  * Detected change in 'c:\\users\\suja4\\onedrive\\documents\\datascience\\diamondprice\\venv\\Lib\\site-packages\\pythonwin\\pywin\\Demos\\fontdemo.py', reloading
[ 2023-11-06 18:16:00,643 ] 224 werkzeug - INFO -  * Detected change in 'c:\\Users\\Suja4\\OneDrive\\Documents\\DataScience\\Diamondprice\\venv\\Lib\\site-packages\\pythonwin\\pywin\\Demos\\fontdemo.py', reloading
