[ 2023-11-06 18:16:07,116 ] 148 numexpr.utils - INFO - Note: NumExpr detected 12 cores but "NUMEXPR_MAX_THREADS" not set, so enforcing safe limit of 8.
[ 2023-11-06 18:16:07,116 ] 160 numexpr.utils - INFO - NumExpr defaulting to 8 threads.
[ 2023-11-06 18:16:08,954 ] 224 werkzeug - WARNING -  * Debugger is active!
[ 2023-11-06 18:16:08,957 ] 224 werkzeug - INFO -  * Debugger PIN: 901-655-976
[ 2023-11-06 18:16:08,984 ] 224 werkzeug - INFO -  * Detected change in 'c:\\users\\suja4\\onedrive\\documents\\datascience\\diamondprice\\venv\\Lib\\site-packages\\win32\\lib\\ntsecuritycon.py', reloading
[ 2023-11-06 18:16:08,984 ] 224 werkzeug - INFO -  * Detected change in 'c:\\Users\\Suja4\\OneDrive\\Documents\\DataScience\\Diamondprice\\venv\\Lib\\site-packages\\win32\\lib\\ntsecuritycon.py', reloading
[ 2023-11-06 18:16:08,987 ] 224 werkzeug - INFO -  * Detected change in 'c:\\users\\suja4\\onedrive\\documents\\datascience\\diamondprice\\venv\\Lib\\site-packages\\win32\\lib\\pywin32_bootstrap.py', reloading
[ 2023-11-06 18:16:08,987 ] 224 werkzeug - INFO -  * Detected change in 'c:\\Users\\Suja4\\OneDrive\\Documents\\DataScience\\Diamondprice\\venv\\Lib\\site-packages\\win32\\lib\\pywin32_bootstrap.py', reloading
[ 2023-11-06 18:16:08,991 ] 224 werkzeug - INFO -  * Detected change in 'c:\\Users\\Suja4\\OneDrive\\Documents\\DataScience\\Diamondprice\\venv\\Lib\\site-packages\\win32\\lib\\pywin32_testutil.py', reloading
[ 2023-11-06 18:16:08,991 ] 224 werkzeug - INFO -  * Detected change in 'c:\\users\\suja4\\onedrive\\documents\\datascience\\diamondprice\\venv\\Lib\\site-packages\\win32\\lib\\pywin32_testutil.py', reloading
[ 2023-11-06 18:16:09,019 ] 224 werkzeug - INFO -  * Detected change in 'c:\\users\\suja4\\onedrive\\documents\\datascience\\diamondprice\\venv\\Lib\\site-packages\\win32\\lib\\pywintypes.py', reloading
[ 2023-11-06 18:16:09,019 ] 224 werkzeug - INFO -  * Detected change in 'c:\\Users\\Suja4\\OneDrive\\Documents\\DataScience\\Diamondprice\\venv\\Lib\\site-packages\\win32\\lib\\pywintypes.py', reloading
[ 2023-11-06 18:16:09,041 ] 224 werkzeug - INFO -  * Detected change in 'c:\\users\\suja4\\onedrive\\documents\\datascience\\diamondprice\\venv\\Lib\\site-packages\\win32\\lib\\rasutil.py', reloading
[ 2023-11-06 18:16:09,042 ] 224 werkzeug - INFO -  * Detected change in 'c:\\Users\\Suja4\\OneDrive\\Documents\\DataScience\\Diamondprice\\venv\\Lib\\site-packages\\win32\\lib\\rasutil.py', reloading
[ 2023-11-06 18:16:09,045 ] 224 werkzeug - INFO -  * Detected change in 'c:\\users\\suja4\\onedrive\\documents\\datascience\\diamondprice\\venv\\Lib\\site-packages\\win32\\lib\\regcheck.py', reloading
[ 2023-11-06 18:16:09,046 ] 224 werkzeug - INFO -  * Detected change in 'c:\\Users\\Suja4\\OneDrive\\Documents\\DataScience\\Diamondprice\\venv\\Lib\\site-packages\\win32\\lib\\regcheck.py', reloading
[ 2023-11-06 18:16:09,053 ] 224 werkzeug - INFO -  * Detected change in 'c:\\Users\\Suja4\\OneDrive\\Documents\\DataScience\\Diamondprice\\venv\\Lib\\site-packages\\win32\\lib\\regutil.py', reloading
[ 2023-11-06 18:16:09,053 ] 224 werkzeug - INFO -  * Detected change in 'c:\\users\\suja4\\onedrive\\documents\\datascience\\diamondprice\\venv\\Lib\\site-packages\\win32\\lib\\regutil.py', reloading
[ 2023-11-06 18:16:09,067 ] 224 werkzeug - INFO -  * Detected change in 'c:\\users\\suja4\\onedrive\\documents\\datascience\\diamondprice\\venv\\Lib\\site-packages\\win32\\lib\\sspi.py', reloading
[ 2023-11-06 18:16:09,067 ] 224 werkzeug - INFO -  * Detected change in 'c:\\Users\\Suja4\\OneDrive\\Documents\\DataScience\\Diamondprice\\venv\\Lib\\site-packages\\win32\\lib\\sspi.py', reloading
[ 2023-11-06 18:16:09,076 ] 224 werkzeug - INFO -  * Detected change in 'c:\\users\\suja4\\onedrive\\documents\\datascience\\diamondprice\\venv\\Lib\\site-packages\\win32\\lib\\sspicon.py', reloading
[ 2023-11-06 18:16:09,076 ] 224 werkzeug - INFO -  * Detected change in 'c:\\Users\\Suja4\\OneDrive\\Documents\\DataScience\\Diamondprice\\venv\\Lib\\site-packages\\win32\\lib\\sspicon.py', reloading
[ 2023-11-06 18:16:09,080 ] 224 werkzeug - INFO -  * Detected change in 'c:\\Users\\Suja4\\OneDrive\\Documents\\DataScience\\Diamondprice\\venv\\Lib\\site-packages\\win32\\lib\\win2kras.py', reloading
[ 2023-11-06 18:16:09,080 ] 224 werkzeug - INFO -  * Detected change in 'c:\\users\\suja4\\onedrive\\documents\\datascience\\diamondprice\\venv\\Lib\\site-packages\\win32\\lib\\win2kras.py', reloading
[ 2023-11-06 18:16:09,128 ] 224 werkzeug - INFO -  * Detected change in 'c:\\users\\suja4\\onedrive\\documents\\datascience\\diamondprice\\venv\\Lib\\site-packages\\win32\\lib\\win32con.py', reloading
[ 2023-11-06 18:16:09,129 ] 224 werkzeug - INFO -  * Detected change in 'c:\\Users\\Suja4\\OneDrive\\Documents\\DataScience\\Diamondprice\\venv\\Lib\\site-packages\\win32\\lib\\win32con.py', reloading
[ 2023-11-06 18:16:09,220 ] 224 werkzeug - INFO -  * Detected change in 'c:\\users\\suja4\\onedrive\\documents\\datascience\\diamondprice\\venv\\Lib\\site-packages\\win32\\lib\\win32cryptcon.py', reloading
[ 2023-11-06 18:16:09,220 ] 224 werkzeug - INFO -  * Detected change in 'c:\\Users\\Suja4\\OneDrive\\Documents\\DataScience\\Diamondprice\\venv\\Lib\\site-packages\\win32\\lib\\win32cryptcon.py', reloading
[ 2023-11-06 18:16:09,224 ] 224 werkzeug - INFO -  * Detected change in 'c:\\Users\\Suja4\\OneDrive\\Documents\\DataScience\\Diamondprice\\venv\\Lib\\site-packages\\win32\\lib\\win32evtlogutil.py', reloading
[ 2023-11-06 18:16:09,226 ] 224 werkzeug - INFO -  * Detected change in 'c:\\users\\suja4\\onedrive\\documents\\datascience\\diamondprice\\venv\\Lib\\site-packages\\win32\\lib\\win32evtlogutil.py', reloading
[ 2023-11-06 18:16:09,234 ] 224 werkzeug - INFO -  * Detected change in 'c:\\users\\suja4\\onedrive\\documents\\datascience\\diamondprice\\venv\\Lib\\site-packages\\win32\\lib\\win32gui_struct.py', reloading
[ 2023-11-06 18:16:09,235 ] 224 werkzeug - INFO -  * Detected change in 'c:\\Users\\Suja4\\OneDrive\\Documents\\DataScience\\Diamondprice\\venv\\Lib\\site-packages\\win32\\lib\\win32gui_struct.py', reloading
[ 2023-11-06 18:16:09,256 ] 224 werkzeug - INFO -  * Detected change in 'c:\\users\\suja4\\onedrive\\documents\\datascience\\diamondprice\\venv\\Lib\\site-packages\\win32\\lib\\win32inetcon.py', reloading
[ 2023-11-06 18:16:09,256 ] 224 werkzeug - INFO -  * Detected change in 'c:\\Users\\Suja4\\OneDrive\\Documents\\DataScience\\Diamondprice\\venv\\Lib\\site-packages\\win32\\lib\\win32inetcon.py', reloading
[ 2023-11-06 18:16:09,261 ] 224 werkzeug - INFO -  * Detected change in 'c:\\Users\\Suja4\\OneDrive\\Documents\\DataScience\\Diamondprice\\venv\\Lib\\site-packages\\win32\\lib\\win32netcon.py', reloading
[ 2023-11-06 18:16:09,262 ] 224 werkzeug - INFO -  * Detected change in 'c:\\users\\suja4\\onedrive\\documents\\datascience\\diamondprice\\venv\\Lib\\site-packages\\win32\\lib\\win32netcon.py', reloading
[ 2023-11-06 18:16:09,266 ] 224 werkzeug - INFO -  * Detected change in 'c:\\users\\suja4\\onedrive\\documents\\datascience\\diamondprice\\venv\\Lib\\site-packages\\win32\\lib\\win32pdhquery.py', reloading
[ 2023-11-06 18:16:09,266 ] 224 werkzeug - INFO -  * Detected change in 'c:\\Users\\Suja4\\OneDrive\\Documents\\DataScience\\Diamondprice\\venv\\Lib\\site-packages\\win32\\lib\\win32pdhquery.py', reloading
[ 2023-11-06 18:16:09,296 ] 224 werkzeug - INFO -  * Detected change in 'c:\\users\\suja4\\onedrive\\documents\\datascience\\diamondprice\\venv\\Lib\\site-packages\\win32\\lib\\win32pdhutil.py', reloading
[ 2023-11-06 18:16:09,296 ] 224 werkzeug - INFO -  * Detected change in 'c:\\Users\\Suja4\\OneDrive\\Documents\\DataScience\\Diamondprice\\venv\\Lib\\site-packages\\win32\\lib\\win32pdhutil.py', reloading
[ 2023-11-06 18:16:09,305 ] 224 werkzeug - INFO -  * Detected change in 'c:\\Users\\Suja4\\OneDrive\\Documents\\DataScience\\Diamondprice\\venv\\Lib\\site-packages\\win32\\lib\\win32rcparser.py', reloading
[ 2023-11-06 18:16:09,305 ] 224 werkzeug - INFO -  * Detected change in 'c:\\users\\suja4\\onedrive\\documents\\datascience\\diamondprice\\venv\\Lib\\site-packages\\win32\\lib\\win32rcparser.py', reloading
[ 2023-11-06 18:16:09,314 ] 224 werkzeug - INFO -  * Detected change in 'c:\\Users\\Suja4\\OneDrive\\Documents\\DataScience\\Diamondprice\\venv\\Lib\\site-packages\\win32\\lib\\win32serviceutil.py', reloading
[ 2023-11-06 18:16:09,314 ] 224 werkzeug - INFO -  * Detected change in 'c:\\users\\suja4\\onedrive\\documents\\datascience\\diamondprice\\venv\\Lib\\site-packages\\win32\\lib\\win32serviceutil.py', reloading
[ 2023-11-06 18:16:09,356 ] 224 werkzeug - INFO -  * Detected change in 'c:\\users\\suja4\\onedrive\\documents\\datascience\\diamondprice\\venv\\Lib\\site-packages\\win32\\lib\\win32timezone.py', reloading
[ 2023-11-06 18:16:09,356 ] 224 werkzeug - INFO -  * Detected change in 'c:\\Users\\Suja4\\OneDrive\\Documents\\DataScience\\Diamondprice\\venv\\Lib\\site-packages\\win32\\lib\\win32timezone.py', reloading
[ 2023-11-06 18:16:09,373 ] 224 werkzeug - INFO -  * Detected change in 'c:\\users\\suja4\\onedrive\\documents\\datascience\\diamondprice\\venv\\Lib\\site-packages\\win32\\lib\\win32traceutil.py', reloading
[ 2023-11-06 18:16:09,374 ] 224 werkzeug - INFO -  * Detected change in 'c:\\Users\\Suja4\\OneDrive\\Documents\\DataScience\\Diamondprice\\venv\\Lib\\site-packages\\win32\\lib\\win32traceutil.py', reloading
[ 2023-11-06 18:16:09,394 ] 224 werkzeug - INFO -  * Detected change in 'c:\\users\\suja4\\onedrive\\documents\\datascience\\diamondprice\\venv\\Lib\\site-packages\\win32\\lib\\win32verstamp.py', reloading
[ 2023-11-06 18:16:09,395 ] 224 werkzeug - INFO -  * Detected change in 'c:\\Users\\Suja4\\OneDrive\\Documents\\DataScience\\Diamondprice\\venv\\Lib\\site-packages\\win32\\lib\\win32verstamp.py', reloading
[ 2023-11-06 18:16:09,399 ] 224 werkzeug - INFO -  * Detected change in 'c:\\Users\\Suja4\\OneDrive\\Documents\\DataScience\\Diamondprice\\venv\\Lib\\site-packages\\win32\\lib\\winerror.py', reloading
[ 2023-11-06 18:16:09,399 ] 224 werkzeug - INFO -  * Detected change in 'c:\\users\\suja4\\onedrive\\documents\\datascience\\diamondprice\\venv\\Lib\\site-packages\\win32\\lib\\winerror.py', reloading
[ 2023-11-06 18:16:09,405 ] 224 werkzeug - INFO -  * Detected change in 'c:\\users\\suja4\\onedrive\\documents\\datascience\\diamondprice\\venv\\Lib\\site-packages\\win32\\lib\\winioctlcon.py', reloading
[ 2023-11-06 18:16:09,405 ] 224 werkzeug - INFO -  * Detected change in 'c:\\Users\\Suja4\\OneDrive\\Documents\\DataScience\\Diamondprice\\venv\\Lib\\site-packages\\win32\\lib\\winioctlcon.py', reloading
[ 2023-11-06 18:16:09,426 ] 224 werkzeug - INFO -  * Detected change in 'c:\\users\\suja4\\onedrive\\documents\\datascience\\diamondprice\\venv\\Lib\\site-packages\\win32\\lib\\winnt.py', reloading
[ 2023-11-06 18:16:09,426 ] 224 werkzeug - INFO -  * Detected change in 'c:\\Users\\Suja4\\OneDrive\\Documents\\DataScience\\Diamondprice\\venv\\Lib\\site-packages\\win32\\lib\\winnt.py', reloading
[ 2023-11-06 18:16:09,430 ] 224 werkzeug - INFO -  * Detected change in 'c:\\users\\suja4\\onedrive\\documents\\datascience\\diamondprice\\venv\\Lib\\site-packages\\win32\\lib\\winperf.py', reloading
[ 2023-11-06 18:16:09,430 ] 224 werkzeug - INFO -  * Detected change in 'c:\\Users\\Suja4\\OneDrive\\Documents\\DataScience\\Diamondprice\\venv\\Lib\\site-packages\\win32\\lib\\winperf.py', reloading
[ 2023-11-06 18:16:09,434 ] 224 werkzeug - INFO -  * Detected change in 'c:\\users\\suja4\\onedrive\\documents\\datascience\\diamondprice\\venv\\Lib\\site-packages\\win32\\lib\\winxptheme.py', reloading
[ 2023-11-06 18:16:09,435 ] 224 werkzeug - INFO -  * Detected change in 'c:\\Users\\Suja4\\OneDrive\\Documents\\DataScience\\Diamondprice\\venv\\Lib\\site-packages\\win32\\lib\\winxptheme.py', reloading
[ 2023-11-06 18:16:09,449 ] 224 werkzeug - INFO -  * Detected change in 'c:\\users\\suja4\\onedrive\\documents\\datascience\\diamondprice\\venv\\Lib\\site-packages\\win32\\scripts\\ControlService.py', reloading
[ 2023-11-06 18:16:09,449 ] 224 werkzeug - INFO -  * Detected change in 'c:\\Users\\Suja4\\OneDrive\\Documents\\DataScience\\Diamondprice\\venv\\Lib\\site-packages\\win32\\scripts\\ControlService.py', reloading
[ 2023-11-06 18:16:09,463 ] 224 werkzeug - INFO -  * Detected change in 'c:\\Users\\Suja4\\OneDrive\\Documents\\DataScience\\Diamondprice\\venv\\Lib\\site-packages\\win32\\scripts\\backupEventLog.py', reloading
[ 2023-11-06 18:16:09,463 ] 224 werkzeug - INFO -  * Detected change in 'c:\\users\\suja4\\onedrive\\documents\\datascience\\diamondprice\\venv\\Lib\\site-packages\\win32\\scripts\\backupEventLog.py', reloading
[ 2023-11-06 18:16:09,468 ] 224 werkzeug - INFO -  * Detected change in 'c:\\users\\suja4\\onedrive\\documents\\datascience\\diamondprice\\venv\\Lib\\site-packages\\win32\\scripts\\killProcName.py', reloading
[ 2023-11-06 18:16:09,469 ] 224 werkzeug - INFO -  * Detected change in 'c:\\Users\\Suja4\\OneDrive\\Documents\\DataScience\\Diamondprice\\venv\\Lib\\site-packages\\win32\\scripts\\killProcName.py', reloading
[ 2023-11-06 18:16:09,473 ] 224 werkzeug - INFO -  * Detected change in 'c:\\users\\suja4\\onedrive\\documents\\datascience\\diamondprice\\venv\\Lib\\site-packages\\win32\\scripts\\rasutil.py', reloading
[ 2023-11-06 18:16:09,474 ] 224 werkzeug - INFO -  * Detected change in 'c:\\Users\\Suja4\\OneDrive\\Documents\\DataScience\\Diamondprice\\venv\\Lib\\site-packages\\win32\\scripts\\rasutil.py', reloading
[ 2023-11-06 18:16:09,477 ] 224 werkzeug - INFO -  * Detected change in 'c:\\users\\suja4\\onedrive\\documents\\datascience\\diamondprice\\venv\\Lib\\site-packages\\win32\\scripts\\regsetup.py', reloading
[ 2023-11-06 18:16:09,477 ] 224 werkzeug - INFO -  * Detected change in 'c:\\Users\\Suja4\\OneDrive\\Documents\\DataScience\\Diamondprice\\venv\\Lib\\site-packages\\win32\\scripts\\regsetup.py', reloading
[ 2023-11-06 18:16:09,495 ] 224 werkzeug - INFO -  * Detected change in 'c:\\users\\suja4\\onedrive\\documents\\datascience\\diamondprice\\venv\\Lib\\site-packages\\win32\\scripts\\setup_d.py', reloading
[ 2023-11-06 18:16:09,495 ] 224 werkzeug - INFO -  * Detected change in 'c:\\Users\\Suja4\\OneDrive\\Documents\\DataScience\\Diamondprice\\venv\\Lib\\site-packages\\win32\\scripts\\setup_d.py', reloading
[ 2023-11-06 18:16:09,503 ] 224 werkzeug - INFO -  * Detected change in 'c:\\users\\suja4\\onedrive\\documents\\datascience\\diamondprice\\venv\\Lib\\site-packages\\win32\\scripts\\VersionStamp\\BrandProject.py', reloading
[ 2023-11-06 18:16:09,503 ] 224 werkzeug - INFO -  * Detected change in 'c:\\Users\\Suja4\\OneDrive\\Documents\\DataScience\\Diamondprice\\venv\\Lib\\site-packages\\win32\\scripts\\VersionStamp\\BrandProject.py', reloading
[ 2023-11-06 18:16:09,530 ] 224 werkzeug - INFO -  * Detected change in 'c:\\Users\\Suja4\\OneDrive\\Documents\\DataScience\\Diamondprice\\venv\\Lib\\site-packages\\win32\\scripts\\VersionStamp\\bulkstamp.py', reloading
[ 2023-11-06 18:16:09,531 ] 224 werkzeug - INFO -  * Detected change in 'c:\\users\\suja4\\onedrive\\documents\\datascience\\diamondprice\\venv\\Lib\\site-packages\\win32\\scripts\\VersionStamp\\bulkstamp.py', reloading
[ 2023-11-06 18:16:09,534 ] 224 werkzeug - INFO -  * Detected change in 'c:\\users\\suja4\\onedrive\\documents\\datascience\\diamondprice\\venv\\Lib\\site-packages\\win32\\scripts\\VersionStamp\\vssutil.py', reloading
[ 2023-11-06 18:16:09,535 ] 224 werkzeug - INFO -  * Detected change in 'c:\\Users\\Suja4\\OneDrive\\Documents\\DataScience\\Diamondprice\\venv\\Lib\\site-packages\\win32\\scripts\\VersionStamp\\vssutil.py', reloading
[ 2023-11-06 18:16:09,544 ] 224 werkzeug - INFO -  * Detected change in 'c:\\Users\\Suja4\\OneDrive\\Documents\\DataScience\\Diamondprice\\venv\\Lib\\site-packages\\win32\\scripts\\ce\\pysynch.py', reloading
[ 2023-11-06 18:16:09,544 ] 224 werkzeug - INFO -  * Detected change in 'c:\\users\\suja4\\onedrive\\documents\\datascience\\diamondprice\\venv\\Lib\\site-packages\\win32\\scripts\\ce\\pysynch.py', reloading
[ 2023-11-06 18:16:09,568 ] 224 werkzeug - INFO -  * Detected change in 'c:\\Users\\Suja4\\OneDrive\\Documents\\DataScience\\Diamondprice\\venv\\Lib\\site-packages\\win32\\test\\handles.py', reloading
[ 2023-11-06 18:16:09,568 ] 224 werkzeug - INFO -  * Detected change in 'c:\\users\\suja4\\onedrive\\documents\\datascience\\diamondprice\\venv\\Lib\\site-packages\\win32\\test\\handles.py', reloading
[ 2023-11-06 18:16:09,575 ] 224 werkzeug - INFO -  * Detected change in 'c:\\users\\suja4\\onedrive\\documents\\datascience\\diamondprice\\venv\\Lib\\site-packages\\win32\\test\\test_clipboard.py', reloading
[ 2023-11-06 18:16:09,576 ] 224 werkzeug - INFO -  * Detected change in 'c:\\Users\\Suja4\\OneDrive\\Documents\\DataScience\\Diamondprice\\venv\\Lib\\site-packages\\win32\\test\\test_clipboard.py', reloading
[ 2023-11-06 18:16:09,579 ] 224 werkzeug - INFO -  * Detected change in 'c:\\users\\suja4\\onedrive\\documents\\datascience\\diamondprice\\venv\\Lib\\site-packages\\win32\\test\\test_exceptions.py', reloading
[ 2023-11-06 18:16:09,579 ] 224 werkzeug - INFO -  * Detected change in 'c:\\Users\\Suja4\\OneDrive\\Documents\\DataScience\\Diamondprice\\venv\\Lib\\site-packages\\win32\\test\\test_exceptions.py', reloading
[ 2023-11-06 18:16:09,583 ] 224 werkzeug - INFO -  * Detected change in 'c:\\users\\suja4\\onedrive\\documents\\datascience\\diamondprice\\venv\\Lib\\site-packages\\win32\\test\\test_odbc.py', reloading
[ 2023-11-06 18:16:09,583 ] 224 werkzeug - INFO -  * Detected change in 'c:\\Users\\Suja4\\OneDrive\\Documents\\DataScience\\Diamondprice\\venv\\Lib\\site-packages\\win32\\test\\test_odbc.py', reloading
[ 2023-11-06 18:16:09,586 ] 224 werkzeug - INFO -  * Detected change in 'c:\\users\\suja4\\onedrive\\documents\\datascience\\diamondprice\\venv\\Lib\\site-packages\\win32\\test\\test_pywintypes.py', reloading
[ 2023-11-06 18:16:09,587 ] 224 werkzeug - INFO -  * Detected change in 'c:\\Users\\Suja4\\OneDrive\\Documents\\DataScience\\Diamondprice\\venv\\Lib\\site-packages\\win32\\test\\test_pywintypes.py', reloading
[ 2023-11-06 18:16:09,589 ] 224 werkzeug - INFO -  * Detected change in 'c:\\Users\\Suja4\\OneDrive\\Documents\\DataScience\\Diamondprice\\venv\\Lib\\site-packages\\win32\\test\\test_security.py', reloading
[ 2023-11-06 18:16:09,589 ] 224 werkzeug - INFO -  * Detected change in 'c:\\users\\suja4\\onedrive\\documents\\datascience\\diamondprice\\venv\\Lib\\site-packages\\win32\\test\\test_security.py', reloading
[ 2023-11-06 18:16:09,598 ] 224 werkzeug - INFO -  * Detected change in 'c:\\users\\suja4\\onedrive\\documents\\datascience\\diamondprice\\venv\\Lib\\site-packages\\win32\\test\\test_sspi.py', reloading
[ 2023-11-06 18:16:09,598 ] 224 werkzeug - INFO -  * Detected change in 'c:\\Users\\Suja4\\OneDrive\\Documents\\DataScience\\Diamondprice\\venv\\Lib\\site-packages\\win32\\test\\test_sspi.py', reloading
[ 2023-11-06 18:16:09,607 ] 224 werkzeug - INFO -  * Detected change in 'c:\\users\\suja4\\onedrive\\documents\\datascience\\diamondprice\\venv\\Lib\\site-packages\\win32\\test\\test_win32api.py', reloading
[ 2023-11-06 18:16:09,608 ] 224 werkzeug - INFO -  * Detected change in 'c:\\Users\\Suja4\\OneDrive\\Documents\\DataScience\\Diamondprice\\venv\\Lib\\site-packages\\win32\\test\\test_win32api.py', reloading
[ 2023-11-06 18:16:09,611 ] 224 werkzeug - INFO -  * Detected change in 'c:\\users\\suja4\\onedrive\\documents\\datascience\\diamondprice\\venv\\Lib\\site-packages\\win32\\test\\test_win32crypt.py', reloading
[ 2023-11-06 18:16:09,611 ] 224 werkzeug - INFO -  * Detected change in 'c:\\Users\\Suja4\\OneDrive\\Documents\\DataScience\\Diamondprice\\venv\\Lib\\site-packages\\win32\\test\\test_win32crypt.py', reloading
[ 2023-11-06 18:16:09,708 ] 224 werkzeug - INFO -  * Detected change in 'c:\\users\\suja4\\onedrive\\documents\\datascience\\diamondprice\\venv\\Lib\\site-packages\\win32\\test\\test_win32event.py', reloading
[ 2023-11-06 18:16:09,708 ] 224 werkzeug - INFO -  * Detected change in 'c:\\Users\\Suja4\\OneDrive\\Documents\\DataScience\\Diamondprice\\venv\\Lib\\site-packages\\win32\\test\\test_win32event.py', reloading
[ 2023-11-06 18:16:09,712 ] 224 werkzeug - INFO -  * Detected change in 'c:\\users\\suja4\\onedrive\\documents\\datascience\\diamondprice\\venv\\Lib\\site-packages\\win32\\test\\test_win32file.py', reloading
[ 2023-11-06 18:16:09,713 ] 224 werkzeug - INFO -  * Detected change in 'c:\\Users\\Suja4\\OneDrive\\Documents\\DataScience\\Diamondprice\\venv\\Lib\\site-packages\\win32\\test\\test_win32file.py', reloading
[ 2023-11-06 18:16:09,755 ] 224 werkzeug - INFO -  * Detected change in 'c:\\users\\suja4\\onedrive\\documents\\datascience\\diamondprice\\venv\\Lib\\site-packages\\win32\\test\\test_win32gui.py', reloading
[ 2023-11-06 18:16:09,755 ] 224 werkzeug - INFO -  * Detected change in 'c:\\Users\\Suja4\\OneDrive\\Documents\\DataScience\\Diamondprice\\venv\\Lib\\site-packages\\win32\\test\\test_win32gui.py', reloading
[ 2023-11-06 18:16:09,760 ] 224 werkzeug - INFO -  * Detected change in 'c:\\users\\suja4\\onedrive\\documents\\datascience\\diamondprice\\venv\\Lib\\site-packages\\win32\\test\\test_win32guistruct.py', reloading
[ 2023-11-06 18:16:09,760 ] 224 werkzeug - INFO -  * Detected change in 'c:\\Users\\Suja4\\OneDrive\\Documents\\DataScience\\Diamondprice\\venv\\Lib\\site-packages\\win32\\test\\test_win32guistruct.py', reloading
[ 2023-11-06 18:16:09,765 ] 224 werkzeug - INFO -  * Detected change in 'c:\\Users\\Suja4\\OneDrive\\Documents\\DataScience\\Diamondprice\\venv\\Lib\\site-packages\\win32\\test\\test_win32inet.py', reloading
[ 2023-11-06 18:16:09,765 ] 224 werkzeug - INFO -  * Detected change in 'c:\\users\\suja4\\onedrive\\documents\\datascience\\diamondprice\\venv\\Lib\\site-packages\\win32\\test\\test_win32inet.py', reloading
[ 2023-11-06 18:16:09,876 ] 224 werkzeug - INFO -  * Detected change in 'c:\\users\\suja4\\onedrive\\documents\\datascience\\diamondprice\\venv\\Lib\\site-packages\\win32\\test\\test_win32net.py', reloading
[ 2023-11-06 18:16:09,876 ] 224 werkzeug - INFO -  * Detected change in 'c:\\Users\\Suja4\\OneDrive\\Documents\\DataScience\\Diamondprice\\venv\\Lib\\site-packages\\win32\\test\\test_win32net.py', reloading
[ 2023-11-06 18:16:09,879 ] 224 werkzeug - INFO -  * Detected change in 'c:\\Users\\Suja4\\OneDrive\\Documents\\DataScience\\Diamondprice\\venv\\Lib\\site-packages\\win32\\test\\test_win32pipe.py', reloading
[ 2023-11-06 18:16:09,879 ] 224 werkzeug - INFO -  * Detected change in 'c:\\users\\suja4\\onedrive\\documents\\datascience\\diamondprice\\venv\\Lib\\site-packages\\win32\\test\\test_win32pipe.py', reloading
[ 2023-11-06 18:16:09,887 ] 224 werkzeug - INFO -  * Detected change in 'c:\\users\\suja4\\onedrive\\documents\\datascience\\diamondprice\\venv\\Lib\\site-packages\\win32\\test\\test_win32print.py', reloading
[ 2023-11-06 18:16:09,887 ] 224 werkzeug - INFO -  * Detected change in 'c:\\Users\\Suja4\\OneDrive\\Documents\\DataScience\\Diamondprice\\venv\\Lib\\site-packages\\win32\\test\\test_win32print.py', reloading
[ 2023-11-06 18:16:09,890 ] 224 werkzeug - INFO -  * Detected change in 'c:\\Users\\Suja4\\OneDrive\\Documents\\DataScience\\Diamondprice\\venv\\Lib\\site-packages\\win32\\test\\test_win32profile.py', reloading
[ 2023-11-06 18:16:09,890 ] 224 werkzeug - INFO -  * Detected change in 'c:\\users\\suja4\\onedrive\\documents\\datascience\\diamondprice\\venv\\Lib\\site-packages\\win32\\test\\test_win32profile.py', reloading
[ 2023-11-06 18:16:09,895 ] 224 werkzeug - INFO -  * Detected change in 'c:\\users\\suja4\\onedrive\\documents\\datascience\\diamondprice\\venv\\Lib\\site-packages\\win32\\test\\test_win32rcparser.py', reloading
[ 2023-11-06 18:16:09,895 ] 224 werkzeug - INFO -  * Detected change in 'c:\\Users\\Suja4\\OneDrive\\Documents\\DataScience\\Diamondprice\\venv\\Lib\\site-packages\\win32\\test\\test_win32rcparser.py', reloading
[ 2023-11-06 18:16:09,900 ] 224 werkzeug - INFO -  * Detected change in 'c:\\users\\suja4\\onedrive\\documents\\datascience\\diamondprice\\venv\\Lib\\site-packages\\win32\\test\\test_win32timezone.py', reloading
[ 2023-11-06 18:16:09,901 ] 224 werkzeug - INFO -  * Detected change in 'c:\\Users\\Suja4\\OneDrive\\Documents\\DataScience\\Diamondprice\\venv\\Lib\\site-packages\\win32\\test\\test_win32timezone.py', reloading
[ 2023-11-06 18:16:09,905 ] 224 werkzeug - INFO -  * Detected change in 'c:\\users\\suja4\\onedrive\\documents\\datascience\\diamondprice\\venv\\Lib\\site-packages\\win32\\test\\test_win32trace.py', reloading
[ 2023-11-06 18:16:09,906 ] 224 werkzeug - INFO -  * Detected change in 'c:\\Users\\Suja4\\OneDrive\\Documents\\DataScience\\Diamondprice\\venv\\Lib\\site-packages\\win32\\test\\test_win32trace.py', reloading
[ 2023-11-06 18:16:09,917 ] 224 werkzeug - INFO -  * Detected change in 'c:\\users\\suja4\\onedrive\\documents\\datascience\\diamondprice\\venv\\Lib\\site-packages\\win32\\test\\test_win32wnet.py', reloading
[ 2023-11-06 18:16:09,918 ] 224 werkzeug - INFO -  * Detected change in 'c:\\Users\\Suja4\\OneDrive\\Documents\\DataScience\\Diamondprice\\venv\\Lib\\site-packages\\win32\\test\\test_win32wnet.py', reloading
[ 2023-11-06 18:16:09,939 ] 224 werkzeug - INFO -  * Detected change in 'c:\\users\\suja4\\onedrive\\documents\\datascience\\diamondprice\\venv\\Lib\\site-packages\\win32\\test\\testall.py', reloading
[ 2023-11-06 18:16:09,939 ] 224 werkzeug - INFO -  * Detected change in 'c:\\Users\\Suja4\\OneDrive\\Documents\\DataScience\\Diamondprice\\venv\\Lib\\site-packages\\win32\\test\\testall.py', reloading
[ 2023-11-06 18:16:09,948 ] 224 werkzeug - INFO -  * Detected change in 'c:\\users\\suja4\\onedrive\\documents\\datascience\\diamondprice\\venv\\Lib\\site-packages\\win32com\\__init__.py', reloading
[ 2023-11-06 18:16:09,948 ] 224 werkzeug - INFO -  * Detected change in 'c:\\Users\\Suja4\\OneDrive\\Documents\\DataScience\\Diamondprice\\venv\\Lib\\site-packages\\win32com\\__init__.py', reloading
[ 2023-11-06 18:16:09,963 ] 224 werkzeug - INFO -  * Detected change in 'c:\\users\\suja4\\onedrive\\documents\\datascience\\diamondprice\\venv\\Lib\\site-packages\\win32com\\olectl.py', reloading
[ 2023-11-06 18:16:09,963 ] 224 werkzeug - INFO -  * Detected change in 'c:\\Users\\Suja4\\OneDrive\\Documents\\DataScience\\Diamondprice\\venv\\Lib\\site-packages\\win32com\\olectl.py', reloading
[ 2023-11-06 18:16:09,967 ] 224 werkzeug - INFO -  * Detected change in 'c:\\users\\suja4\\onedrive\\documents\\datascience\\diamondprice\\venv\\Lib\\site-packages\\win32com\\storagecon.py', reloading
[ 2023-11-06 18:16:09,968 ] 224 werkzeug - INFO -  * Detected change in 'c:\\Users\\Suja4\\OneDrive\\Documents\\DataScience\\Diamondprice\\venv\\Lib\\site-packages\\win32com\\storagecon.py', reloading
[ 2023-11-06 18:16:09,972 ] 224 werkzeug - INFO -  * Detected change in 'c:\\Users\\Suja4\\OneDrive\\Documents\\DataScience\\Diamondprice\\venv\\Lib\\site-packages\\win32com\\universal.py', reloading
[ 2023-11-06 18:16:09,973 ] 224 werkzeug - INFO -  * Detected change in 'c:\\users\\suja4\\onedrive\\documents\\datascience\\diamondprice\\venv\\Lib\\site-packages\\win32com\\universal.py', reloading
